ARM GAS  C:\Users\master\AppData\Local\Temp\ccg5qXUt.s 			page 1


   1              		.syntax unified
   2              		.cpu cortex-m3
   3              		.fpu softvfp
   4              		.eabi_attribute 20, 1
   5              		.eabi_attribute 21, 1
   6              		.eabi_attribute 23, 3
   7              		.eabi_attribute 24, 1
   8              		.eabi_attribute 25, 1
   9              		.eabi_attribute 26, 1
  10              		.eabi_attribute 30, 1
  11              		.eabi_attribute 34, 1
  12              		.eabi_attribute 18, 4
  13              		.thumb
  14              		.syntax unified
  15              		.file	"gpio.c"
  16              		.text
  17              	.Ltext0:
  18              		.cfi_sections	.debug_frame
  19              		.section	.text.MX_GPIO_Init,"ax",%progbits
  20              		.align	2
  21              		.global	MX_GPIO_Init
  22              		.thumb
  23              		.thumb_func
  25              	MX_GPIO_Init:
  26              	.LFB65:
  27              		.file 1 "Core/Src/gpio.c"
   1:Core/Src/gpio.c **** /**
   2:Core/Src/gpio.c ****   ******************************************************************************
   3:Core/Src/gpio.c ****   * @file    gpio.c
   4:Core/Src/gpio.c ****   * @brief   This file provides code for the configuration
   5:Core/Src/gpio.c ****   *          of all used GPIO pins.
   6:Core/Src/gpio.c ****   ******************************************************************************
   7:Core/Src/gpio.c ****   * @attention
   8:Core/Src/gpio.c ****   *
   9:Core/Src/gpio.c ****   * <h2><center>&copy; Copyright (c) 2021 STMicroelectronics.
  10:Core/Src/gpio.c ****   * All rights reserved.</center></h2>
  11:Core/Src/gpio.c ****   *
  12:Core/Src/gpio.c ****   * This software component is licensed by ST under BSD 3-Clause license,
  13:Core/Src/gpio.c ****   * the "License"; You may not use this file except in compliance with the
  14:Core/Src/gpio.c ****   * License. You may obtain a copy of the License at:
  15:Core/Src/gpio.c ****   *                        opensource.org/licenses/BSD-3-Clause
  16:Core/Src/gpio.c ****   *
  17:Core/Src/gpio.c ****   ******************************************************************************
  18:Core/Src/gpio.c ****   */
  19:Core/Src/gpio.c **** 
  20:Core/Src/gpio.c **** /* Includes ------------------------------------------------------------------*/
  21:Core/Src/gpio.c **** #include "gpio.h"
  22:Core/Src/gpio.c **** 
  23:Core/Src/gpio.c **** /* USER CODE BEGIN 0 */
  24:Core/Src/gpio.c **** 
  25:Core/Src/gpio.c **** /* USER CODE END 0 */
  26:Core/Src/gpio.c **** 
  27:Core/Src/gpio.c **** /*----------------------------------------------------------------------------*/
  28:Core/Src/gpio.c **** /* Configure GPIO                                                             */
  29:Core/Src/gpio.c **** /*----------------------------------------------------------------------------*/
  30:Core/Src/gpio.c **** /* USER CODE BEGIN 1 */
  31:Core/Src/gpio.c **** 
ARM GAS  C:\Users\master\AppData\Local\Temp\ccg5qXUt.s 			page 2


  32:Core/Src/gpio.c **** /* USER CODE END 1 */
  33:Core/Src/gpio.c **** 
  34:Core/Src/gpio.c **** /** Configure pins as
  35:Core/Src/gpio.c ****         * Analog
  36:Core/Src/gpio.c ****         * Input
  37:Core/Src/gpio.c ****         * Output
  38:Core/Src/gpio.c ****         * EVENT_OUT
  39:Core/Src/gpio.c ****         * EXTI
  40:Core/Src/gpio.c **** */
  41:Core/Src/gpio.c **** void MX_GPIO_Init(void)
  42:Core/Src/gpio.c **** {
  28              		.loc 1 42 0
  29              		.cfi_startproc
  30              		@ args = 0, pretend = 0, frame = 24
  31              		@ frame_needed = 0, uses_anonymous_args = 0
  32 0000 30B5     		push	{r4, r5, lr}
  33              	.LCFI0:
  34              		.cfi_def_cfa_offset 12
  35              		.cfi_offset 4, -12
  36              		.cfi_offset 5, -8
  37              		.cfi_offset 14, -4
  38 0002 87B0     		sub	sp, sp, #28
  39              	.LCFI1:
  40              		.cfi_def_cfa_offset 40
  43:Core/Src/gpio.c **** 
  44:Core/Src/gpio.c ****   GPIO_InitTypeDef GPIO_InitStruct = {0};
  41              		.loc 1 44 0
  42 0004 0024     		movs	r4, #0
  43 0006 0294     		str	r4, [sp, #8]
  44 0008 0394     		str	r4, [sp, #12]
  45 000a 0494     		str	r4, [sp, #16]
  46 000c 0594     		str	r4, [sp, #20]
  47              	.LBB2:
  45:Core/Src/gpio.c **** 
  46:Core/Src/gpio.c ****   /* GPIO Ports Clock Enable */
  47:Core/Src/gpio.c ****   __HAL_RCC_GPIOD_CLK_ENABLE();
  48              		.loc 1 47 0
  49 000e 1D4B     		ldr	r3, .L3
  50 0010 9A69     		ldr	r2, [r3, #24]
  51 0012 42F02002 		orr	r2, r2, #32
  52 0016 9A61     		str	r2, [r3, #24]
  53 0018 9A69     		ldr	r2, [r3, #24]
  54 001a 02F02002 		and	r2, r2, #32
  55 001e 0092     		str	r2, [sp]
  56 0020 009A     		ldr	r2, [sp]
  57              	.LBE2:
  58              	.LBB3:
  48:Core/Src/gpio.c ****   __HAL_RCC_GPIOB_CLK_ENABLE();
  59              		.loc 1 48 0
  60 0022 9A69     		ldr	r2, [r3, #24]
  61 0024 42F00802 		orr	r2, r2, #8
  62 0028 9A61     		str	r2, [r3, #24]
  63 002a 9B69     		ldr	r3, [r3, #24]
  64 002c 03F00803 		and	r3, r3, #8
  65 0030 0193     		str	r3, [sp, #4]
  66 0032 019B     		ldr	r3, [sp, #4]
  67              	.LBE3:
ARM GAS  C:\Users\master\AppData\Local\Temp\ccg5qXUt.s 			page 3


  49:Core/Src/gpio.c **** 
  50:Core/Src/gpio.c ****   /*Configure GPIO pin Output Level */
  51:Core/Src/gpio.c ****   HAL_GPIO_WritePin(GPIOB, GPIO_PIN_12, GPIO_PIN_RESET);
  68              		.loc 1 51 0
  69 0034 144D     		ldr	r5, .L3+4
  70 0036 2246     		mov	r2, r4
  71 0038 4FF48051 		mov	r1, #4096
  72 003c 2846     		mov	r0, r5
  73 003e FFF7FEFF 		bl	HAL_GPIO_WritePin
  74              	.LVL0:
  52:Core/Src/gpio.c **** 
  53:Core/Src/gpio.c ****   /*Configure GPIO pin : PB12 */
  54:Core/Src/gpio.c ****   GPIO_InitStruct.Pin = GPIO_PIN_12;
  75              		.loc 1 54 0
  76 0042 4FF48053 		mov	r3, #4096
  77 0046 0293     		str	r3, [sp, #8]
  55:Core/Src/gpio.c ****   GPIO_InitStruct.Mode = GPIO_MODE_OUTPUT_PP;
  78              		.loc 1 55 0
  79 0048 0123     		movs	r3, #1
  80 004a 0393     		str	r3, [sp, #12]
  56:Core/Src/gpio.c ****   GPIO_InitStruct.Pull = GPIO_NOPULL;
  81              		.loc 1 56 0
  82 004c 0494     		str	r4, [sp, #16]
  57:Core/Src/gpio.c ****   GPIO_InitStruct.Speed = GPIO_SPEED_FREQ_LOW;
  83              		.loc 1 57 0
  84 004e 0223     		movs	r3, #2
  85 0050 0593     		str	r3, [sp, #20]
  58:Core/Src/gpio.c ****   HAL_GPIO_Init(GPIOB, &GPIO_InitStruct);
  86              		.loc 1 58 0
  87 0052 02A9     		add	r1, sp, #8
  88 0054 2846     		mov	r0, r5
  89 0056 FFF7FEFF 		bl	HAL_GPIO_Init
  90              	.LVL1:
  59:Core/Src/gpio.c **** 
  60:Core/Src/gpio.c ****   /*Configure GPIO pin : PB13 */
  61:Core/Src/gpio.c ****   GPIO_InitStruct.Pin = GPIO_PIN_13;
  91              		.loc 1 61 0
  92 005a 4FF40053 		mov	r3, #8192
  93 005e 0293     		str	r3, [sp, #8]
  62:Core/Src/gpio.c ****   GPIO_InitStruct.Mode = GPIO_MODE_IT_RISING_FALLING;
  94              		.loc 1 62 0
  95 0060 0A4B     		ldr	r3, .L3+8
  96 0062 0393     		str	r3, [sp, #12]
  63:Core/Src/gpio.c ****   GPIO_InitStruct.Pull = GPIO_NOPULL;
  97              		.loc 1 63 0
  98 0064 0494     		str	r4, [sp, #16]
  64:Core/Src/gpio.c ****   HAL_GPIO_Init(GPIOB, &GPIO_InitStruct);
  99              		.loc 1 64 0
 100 0066 02A9     		add	r1, sp, #8
 101 0068 2846     		mov	r0, r5
 102 006a FFF7FEFF 		bl	HAL_GPIO_Init
 103              	.LVL2:
  65:Core/Src/gpio.c **** 
  66:Core/Src/gpio.c ****   /* EXTI interrupt init*/
  67:Core/Src/gpio.c ****   HAL_NVIC_SetPriority(EXTI15_10_IRQn, 9, 0);
 104              		.loc 1 67 0
 105 006e 2246     		mov	r2, r4
ARM GAS  C:\Users\master\AppData\Local\Temp\ccg5qXUt.s 			page 4


 106 0070 0921     		movs	r1, #9
 107 0072 2820     		movs	r0, #40
 108 0074 FFF7FEFF 		bl	HAL_NVIC_SetPriority
 109              	.LVL3:
  68:Core/Src/gpio.c ****   HAL_NVIC_EnableIRQ(EXTI15_10_IRQn);
 110              		.loc 1 68 0
 111 0078 2820     		movs	r0, #40
 112 007a FFF7FEFF 		bl	HAL_NVIC_EnableIRQ
 113              	.LVL4:
  69:Core/Src/gpio.c **** 
  70:Core/Src/gpio.c **** }
 114              		.loc 1 70 0
 115 007e 07B0     		add	sp, sp, #28
 116              	.LCFI2:
 117              		.cfi_def_cfa_offset 12
 118              		@ sp needed
 119 0080 30BD     		pop	{r4, r5, pc}
 120              	.L4:
 121 0082 00BF     		.align	2
 122              	.L3:
 123 0084 00100240 		.word	1073876992
 124 0088 000C0140 		.word	1073810432
 125 008c 00003110 		.word	271646720
 126              		.cfi_endproc
 127              	.LFE65:
 129              		.text
 130              	.Letext0:
 131              		.file 2 "c:\\program files (x86)\\gnu tools arm embedded\\5.4 2016q3\\arm-none-eabi\\include\\mach
 132              		.file 3 "c:\\program files (x86)\\gnu tools arm embedded\\5.4 2016q3\\arm-none-eabi\\include\\sys\
 133              		.file 4 "Drivers/CMSIS/Device/ST/STM32F1xx/Include/stm32f103xb.h"
 134              		.file 5 "Drivers/STM32F1xx_HAL_Driver/Inc/stm32f1xx_hal_gpio.h"
 135              		.file 6 "Drivers/STM32F1xx_HAL_Driver/Inc/stm32f1xx_hal_cortex.h"
 136              		.file 7 "Drivers/CMSIS/Include/core_cm3.h"
ARM GAS  C:\Users\master\AppData\Local\Temp\ccg5qXUt.s 			page 5


DEFINED SYMBOLS
                            *ABS*:00000000 gpio.c
C:\Users\master\AppData\Local\Temp\ccg5qXUt.s:20     .text.MX_GPIO_Init:00000000 $t
C:\Users\master\AppData\Local\Temp\ccg5qXUt.s:25     .text.MX_GPIO_Init:00000000 MX_GPIO_Init
C:\Users\master\AppData\Local\Temp\ccg5qXUt.s:123    .text.MX_GPIO_Init:00000084 $d
                     .debug_frame:00000010 $d

UNDEFINED SYMBOLS
HAL_GPIO_WritePin
HAL_GPIO_Init
HAL_NVIC_SetPriority
HAL_NVIC_EnableIRQ
