ARM GAS  C:\Users\master\AppData\Local\Temp\ccBbPkKd.s 			page 1


   1              		.syntax unified
   2              		.cpu cortex-m3
   3              		.fpu softvfp
   4              		.eabi_attribute 20, 1
   5              		.eabi_attribute 21, 1
   6              		.eabi_attribute 23, 3
   7              		.eabi_attribute 24, 1
   8              		.eabi_attribute 25, 1
   9              		.eabi_attribute 26, 1
  10              		.eabi_attribute 30, 1
  11              		.eabi_attribute 34, 1
  12              		.eabi_attribute 18, 4
  13              		.thumb
  14              		.syntax unified
  15              		.file	"u8g2_cleardisplay.c"
  16              		.text
  17              	.Ltext0:
  18              		.cfi_sections	.debug_frame
  19              		.section	.text.u8g2_ClearDisplay,"ax",%progbits
  20              		.align	2
  21              		.global	u8g2_ClearDisplay
  22              		.thumb
  23              		.thumb_func
  25              	u8g2_ClearDisplay:
  26              	.LFB0:
  27              		.file 1 "u8g2_lib/u8g2_cleardisplay.c"
   1:u8g2_lib/u8g2_cleardisplay.c **** /*
   2:u8g2_lib/u8g2_cleardisplay.c **** 
   3:u8g2_lib/u8g2_cleardisplay.c ****   u8g2_cleardisplay.c
   4:u8g2_lib/u8g2_cleardisplay.c **** 
   5:u8g2_lib/u8g2_cleardisplay.c ****   Universal 8bit Graphics Library (https://github.com/olikraus/u8g2/)
   6:u8g2_lib/u8g2_cleardisplay.c **** 
   7:u8g2_lib/u8g2_cleardisplay.c ****   Copyright (c) 2016, olikraus@gmail.com
   8:u8g2_lib/u8g2_cleardisplay.c ****   All rights reserved.
   9:u8g2_lib/u8g2_cleardisplay.c **** 
  10:u8g2_lib/u8g2_cleardisplay.c ****   Redistribution and use in source and binary forms, with or without modification, 
  11:u8g2_lib/u8g2_cleardisplay.c ****   are permitted provided that the following conditions are met:
  12:u8g2_lib/u8g2_cleardisplay.c **** 
  13:u8g2_lib/u8g2_cleardisplay.c ****   * Redistributions of source code must retain the above copyright notice, this list 
  14:u8g2_lib/u8g2_cleardisplay.c ****     of conditions and the following disclaimer.
  15:u8g2_lib/u8g2_cleardisplay.c ****     
  16:u8g2_lib/u8g2_cleardisplay.c ****   * Redistributions in binary form must reproduce the above copyright notice, this 
  17:u8g2_lib/u8g2_cleardisplay.c ****     list of conditions and the following disclaimer in the documentation and/or other 
  18:u8g2_lib/u8g2_cleardisplay.c ****     materials provided with the distribution.
  19:u8g2_lib/u8g2_cleardisplay.c **** 
  20:u8g2_lib/u8g2_cleardisplay.c ****   THIS SOFTWARE IS PROVIDED BY THE COPYRIGHT HOLDERS AND 
  21:u8g2_lib/u8g2_cleardisplay.c ****   CONTRIBUTORS "AS IS" AND ANY EXPRESS OR IMPLIED WARRANTIES, 
  22:u8g2_lib/u8g2_cleardisplay.c ****   INCLUDING, BUT NOT LIMITED TO, THE IMPLIED WARRANTIES OF 
  23:u8g2_lib/u8g2_cleardisplay.c ****   MERCHANTABILITY AND FITNESS FOR A PARTICULAR PURPOSE ARE 
  24:u8g2_lib/u8g2_cleardisplay.c ****   DISCLAIMED. IN NO EVENT SHALL THE COPYRIGHT HOLDER OR 
  25:u8g2_lib/u8g2_cleardisplay.c ****   CONTRIBUTORS BE LIABLE FOR ANY DIRECT, INDIRECT, INCIDENTAL, 
  26:u8g2_lib/u8g2_cleardisplay.c ****   SPECIAL, EXEMPLARY, OR CONSEQUENTIAL DAMAGES (INCLUDING, BUT 
  27:u8g2_lib/u8g2_cleardisplay.c ****   NOT LIMITED TO, PROCUREMENT OF SUBSTITUTE GOODS OR SERVICES; 
  28:u8g2_lib/u8g2_cleardisplay.c ****   LOSS OF USE, DATA, OR PROFITS; OR BUSINESS INTERRUPTION) HOWEVER 
  29:u8g2_lib/u8g2_cleardisplay.c ****   CAUSED AND ON ANY THEORY OF LIABILITY, WHETHER IN CONTRACT, 
  30:u8g2_lib/u8g2_cleardisplay.c ****   STRICT LIABILITY, OR TORT (INCLUDING NEGLIGENCE OR OTHERWISE) 
  31:u8g2_lib/u8g2_cleardisplay.c ****   ARISING IN ANY WAY OUT OF THE USE OF THIS SOFTWARE, EVEN IF 
ARM GAS  C:\Users\master\AppData\Local\Temp\ccBbPkKd.s 			page 2


  32:u8g2_lib/u8g2_cleardisplay.c ****   ADVISED OF THE POSSIBILITY OF SUCH DAMAGE.  
  33:u8g2_lib/u8g2_cleardisplay.c **** 
  34:u8g2_lib/u8g2_cleardisplay.c **** */
  35:u8g2_lib/u8g2_cleardisplay.c **** #include "u8g2.h"
  36:u8g2_lib/u8g2_cleardisplay.c **** 
  37:u8g2_lib/u8g2_cleardisplay.c **** /* Clear screen buffer & display reliable for all u8g2 displays. */
  38:u8g2_lib/u8g2_cleardisplay.c **** /* This is done with u8g2 picture loop, because we can not use the u8x8 function in all cases */
  39:u8g2_lib/u8g2_cleardisplay.c **** void u8g2_ClearDisplay(u8g2_t *u8g2)
  40:u8g2_lib/u8g2_cleardisplay.c **** {
  28              		.loc 1 40 0
  29              		.cfi_startproc
  30              		@ args = 0, pretend = 0, frame = 0
  31              		@ frame_needed = 0, uses_anonymous_args = 0
  32              	.LVL0:
  33 0000 10B5     		push	{r4, lr}
  34              	.LCFI0:
  35              		.cfi_def_cfa_offset 8
  36              		.cfi_offset 4, -8
  37              		.cfi_offset 14, -4
  38 0002 0446     		mov	r4, r0
  41:u8g2_lib/u8g2_cleardisplay.c ****   u8g2_FirstPage(u8g2);
  39              		.loc 1 41 0
  40 0004 FFF7FEFF 		bl	u8g2_FirstPage
  41              	.LVL1:
  42              	.L2:
  42:u8g2_lib/u8g2_cleardisplay.c ****   do {
  43:u8g2_lib/u8g2_cleardisplay.c ****   } while ( u8g2_NextPage(u8g2) );
  43              		.loc 1 43 0 discriminator 1
  44 0008 2046     		mov	r0, r4
  45 000a FFF7FEFF 		bl	u8g2_NextPage
  46              	.LVL2:
  47 000e 0028     		cmp	r0, #0
  48 0010 FAD1     		bne	.L2
  44:u8g2_lib/u8g2_cleardisplay.c ****   /* 
  45:u8g2_lib/u8g2_cleardisplay.c ****     This function is usually called during startup (u8g2.begin()).
  46:u8g2_lib/u8g2_cleardisplay.c ****     However the user might want to use full buffer mode with clear and 
  47:u8g2_lib/u8g2_cleardisplay.c ****     send commands.
  48:u8g2_lib/u8g2_cleardisplay.c ****     This will not work because the current tile row is modified by the picture 
  49:u8g2_lib/u8g2_cleardisplay.c ****     loop above. To fix this, reset the tile row to 0, issue #370
  50:u8g2_lib/u8g2_cleardisplay.c ****     A workaround would be, that the user sets the current tile row to 0 manually.
  51:u8g2_lib/u8g2_cleardisplay.c ****   */
  52:u8g2_lib/u8g2_cleardisplay.c ****   u8g2_SetBufferCurrTileRow(u8g2, 0);  
  49              		.loc 1 52 0
  50 0012 0021     		movs	r1, #0
  51 0014 2046     		mov	r0, r4
  52 0016 FFF7FEFF 		bl	u8g2_SetBufferCurrTileRow
  53              	.LVL3:
  54 001a 10BD     		pop	{r4, pc}
  55              		.cfi_endproc
  56              	.LFE0:
  58              		.text
  59              	.Letext0:
  60              		.file 2 "c:\\program files (x86)\\gnu tools arm embedded\\5.4 2016q3\\arm-none-eabi\\include\\mach
  61              		.file 3 "c:\\program files (x86)\\gnu tools arm embedded\\5.4 2016q3\\arm-none-eabi\\include\\sys\
  62              		.file 4 "u8g2_lib/u8x8.h"
  63              		.file 5 "u8g2_lib/u8g2.h"
ARM GAS  C:\Users\master\AppData\Local\Temp\ccBbPkKd.s 			page 3


DEFINED SYMBOLS
                            *ABS*:00000000 u8g2_cleardisplay.c
C:\Users\master\AppData\Local\Temp\ccBbPkKd.s:20     .text.u8g2_ClearDisplay:00000000 $t
C:\Users\master\AppData\Local\Temp\ccBbPkKd.s:25     .text.u8g2_ClearDisplay:00000000 u8g2_ClearDisplay
                     .debug_frame:00000010 $d

UNDEFINED SYMBOLS
u8g2_FirstPage
u8g2_NextPage
u8g2_SetBufferCurrTileRow
