ARM GAS  C:\Users\master\AppData\Local\Temp\ccBckkD1.s 			page 1


   1              		.syntax unified
   2              		.cpu cortex-m3
   3              		.fpu softvfp
   4              		.eabi_attribute 20, 1
   5              		.eabi_attribute 21, 1
   6              		.eabi_attribute 23, 3
   7              		.eabi_attribute 24, 1
   8              		.eabi_attribute 25, 1
   9              		.eabi_attribute 26, 1
  10              		.eabi_attribute 30, 1
  11              		.eabi_attribute 34, 1
  12              		.eabi_attribute 18, 4
  13              		.thumb
  14              		.syntax unified
  15              		.file	"u8g2_ll_hvline.c"
  16              		.text
  17              	.Ltext0:
  18              		.cfi_sections	.debug_frame
  19              		.section	.text.u8g2_ll_hvline_vertical_top_lsb,"ax",%progbits
  20              		.align	2
  21              		.global	u8g2_ll_hvline_vertical_top_lsb
  22              		.thumb
  23              		.thumb_func
  25              	u8g2_ll_hvline_vertical_top_lsb:
  26              	.LFB0:
  27              		.file 1 "u8g2_lib/u8g2_ll_hvline.c"
   1:u8g2_lib/u8g2_ll_hvline.c **** /*
   2:u8g2_lib/u8g2_ll_hvline.c **** 
   3:u8g2_lib/u8g2_ll_hvline.c ****   u8g2_ll_hvline.c
   4:u8g2_lib/u8g2_ll_hvline.c ****   
   5:u8g2_lib/u8g2_ll_hvline.c ****   low level hvline
   6:u8g2_lib/u8g2_ll_hvline.c **** 
   7:u8g2_lib/u8g2_ll_hvline.c ****   Universal 8bit Graphics Library (https://github.com/olikraus/u8g2/)
   8:u8g2_lib/u8g2_ll_hvline.c **** 
   9:u8g2_lib/u8g2_ll_hvline.c ****   Copyright (c) 2016, olikraus@gmail.com
  10:u8g2_lib/u8g2_ll_hvline.c ****   All rights reserved.
  11:u8g2_lib/u8g2_ll_hvline.c **** 
  12:u8g2_lib/u8g2_ll_hvline.c ****   Redistribution and use in source and binary forms, with or without modification, 
  13:u8g2_lib/u8g2_ll_hvline.c ****   are permitted provided that the following conditions are met:
  14:u8g2_lib/u8g2_ll_hvline.c **** 
  15:u8g2_lib/u8g2_ll_hvline.c ****   * Redistributions of source code must retain the above copyright notice, this list 
  16:u8g2_lib/u8g2_ll_hvline.c ****     of conditions and the following disclaimer.
  17:u8g2_lib/u8g2_ll_hvline.c ****     
  18:u8g2_lib/u8g2_ll_hvline.c ****   * Redistributions in binary form must reproduce the above copyright notice, this 
  19:u8g2_lib/u8g2_ll_hvline.c ****     list of conditions and the following disclaimer in the documentation and/or other 
  20:u8g2_lib/u8g2_ll_hvline.c ****     materials provided with the distribution.
  21:u8g2_lib/u8g2_ll_hvline.c **** 
  22:u8g2_lib/u8g2_ll_hvline.c ****   THIS SOFTWARE IS PROVIDED BY THE COPYRIGHT HOLDERS AND 
  23:u8g2_lib/u8g2_ll_hvline.c ****   CONTRIBUTORS "AS IS" AND ANY EXPRESS OR IMPLIED WARRANTIES, 
  24:u8g2_lib/u8g2_ll_hvline.c ****   INCLUDING, BUT NOT LIMITED TO, THE IMPLIED WARRANTIES OF 
  25:u8g2_lib/u8g2_ll_hvline.c ****   MERCHANTABILITY AND FITNESS FOR A PARTICULAR PURPOSE ARE 
  26:u8g2_lib/u8g2_ll_hvline.c ****   DISCLAIMED. IN NO EVENT SHALL THE COPYRIGHT HOLDER OR 
  27:u8g2_lib/u8g2_ll_hvline.c ****   CONTRIBUTORS BE LIABLE FOR ANY DIRECT, INDIRECT, INCIDENTAL, 
  28:u8g2_lib/u8g2_ll_hvline.c ****   SPECIAL, EXEMPLARY, OR CONSEQUENTIAL DAMAGES (INCLUDING, BUT 
  29:u8g2_lib/u8g2_ll_hvline.c ****   NOT LIMITED TO, PROCUREMENT OF SUBSTITUTE GOODS OR SERVICES; 
  30:u8g2_lib/u8g2_ll_hvline.c ****   LOSS OF USE, DATA, OR PROFITS; OR BUSINESS INTERRUPTION) HOWEVER 
  31:u8g2_lib/u8g2_ll_hvline.c ****   CAUSED AND ON ANY THEORY OF LIABILITY, WHETHER IN CONTRACT, 
ARM GAS  C:\Users\master\AppData\Local\Temp\ccBckkD1.s 			page 2


  32:u8g2_lib/u8g2_ll_hvline.c ****   STRICT LIABILITY, OR TORT (INCLUDING NEGLIGENCE OR OTHERWISE) 
  33:u8g2_lib/u8g2_ll_hvline.c ****   ARISING IN ANY WAY OUT OF THE USE OF THIS SOFTWARE, EVEN IF 
  34:u8g2_lib/u8g2_ll_hvline.c ****   ADVISED OF THE POSSIBILITY OF SUCH DAMAGE.  
  35:u8g2_lib/u8g2_ll_hvline.c **** 
  36:u8g2_lib/u8g2_ll_hvline.c **** 
  37:u8g2_lib/u8g2_ll_hvline.c ****   *ptr |= or_mask
  38:u8g2_lib/u8g2_ll_hvline.c ****   *ptr ^= xor_mask
  39:u8g2_lib/u8g2_ll_hvline.c ****   
  40:u8g2_lib/u8g2_ll_hvline.c ****   color = 0:   or_mask = 1, xor_mask = 1
  41:u8g2_lib/u8g2_ll_hvline.c ****   color = 1:   or_mask = 1, xor_mask = 0
  42:u8g2_lib/u8g2_ll_hvline.c ****   color = 2:   or_mask = 0, xor_mask = 1
  43:u8g2_lib/u8g2_ll_hvline.c **** 
  44:u8g2_lib/u8g2_ll_hvline.c ****   if ( color <= 1 )
  45:u8g2_lib/u8g2_ll_hvline.c ****     or_mask  = mask;
  46:u8g2_lib/u8g2_ll_hvline.c ****   if ( color != 1 )
  47:u8g2_lib/u8g2_ll_hvline.c ****     xor_mask = mask;
  48:u8g2_lib/u8g2_ll_hvline.c ****     
  49:u8g2_lib/u8g2_ll_hvline.c **** */
  50:u8g2_lib/u8g2_ll_hvline.c **** 
  51:u8g2_lib/u8g2_ll_hvline.c **** #include "u8g2.h"
  52:u8g2_lib/u8g2_ll_hvline.c **** #include <assert.h>
  53:u8g2_lib/u8g2_ll_hvline.c **** 
  54:u8g2_lib/u8g2_ll_hvline.c **** /*=================================================*/
  55:u8g2_lib/u8g2_ll_hvline.c **** /*
  56:u8g2_lib/u8g2_ll_hvline.c ****   u8g2_ll_hvline_vertical_top_lsb
  57:u8g2_lib/u8g2_ll_hvline.c ****     SSD13xx
  58:u8g2_lib/u8g2_ll_hvline.c ****     UC1701    
  59:u8g2_lib/u8g2_ll_hvline.c **** */
  60:u8g2_lib/u8g2_ll_hvline.c **** 
  61:u8g2_lib/u8g2_ll_hvline.c **** 
  62:u8g2_lib/u8g2_ll_hvline.c **** #ifdef U8G2_WITH_HVLINE_SPEED_OPTIMIZATION
  63:u8g2_lib/u8g2_ll_hvline.c **** 
  64:u8g2_lib/u8g2_ll_hvline.c **** /*
  65:u8g2_lib/u8g2_ll_hvline.c ****   x,y		Upper left position of the line within the local buffer (not the display!)
  66:u8g2_lib/u8g2_ll_hvline.c ****   len		length of the line in pixel, len must not be 0
  67:u8g2_lib/u8g2_ll_hvline.c ****   dir		0: horizontal line (left to right)
  68:u8g2_lib/u8g2_ll_hvline.c **** 		1: vertical line (top to bottom)
  69:u8g2_lib/u8g2_ll_hvline.c ****   asumption: 
  70:u8g2_lib/u8g2_ll_hvline.c ****     all clipping done
  71:u8g2_lib/u8g2_ll_hvline.c **** */
  72:u8g2_lib/u8g2_ll_hvline.c **** void u8g2_ll_hvline_vertical_top_lsb(u8g2_t *u8g2, u8g2_uint_t x, u8g2_uint_t y, u8g2_uint_t len, u
  73:u8g2_lib/u8g2_ll_hvline.c **** {
  28              		.loc 1 73 0
  29              		.cfi_startproc
  30              		@ args = 4, pretend = 0, frame = 0
  31              		@ frame_needed = 0, uses_anonymous_args = 0
  32              	.LVL0:
  33 0000 F0B5     		push	{r4, r5, r6, r7, lr}
  34              	.LCFI0:
  35              		.cfi_def_cfa_offset 20
  36              		.cfi_offset 4, -20
  37              		.cfi_offset 5, -16
  38              		.cfi_offset 6, -12
  39              		.cfi_offset 7, -8
  40              		.cfi_offset 14, -4
  41 0002 9DF814E0 		ldrb	lr, [sp, #20]	@ zero_extendqisi2
  42              	.LVL1:
ARM GAS  C:\Users\master\AppData\Local\Temp\ccBckkD1.s 			page 3


  74:u8g2_lib/u8g2_ll_hvline.c ****   uint16_t offset;
  75:u8g2_lib/u8g2_ll_hvline.c ****   uint8_t *ptr;
  76:u8g2_lib/u8g2_ll_hvline.c ****   uint8_t bit_pos, mask;
  77:u8g2_lib/u8g2_ll_hvline.c ****   uint8_t or_mask, xor_mask;
  78:u8g2_lib/u8g2_ll_hvline.c **** #ifdef __unix
  79:u8g2_lib/u8g2_ll_hvline.c ****   uint8_t *max_ptr = u8g2->tile_buf_ptr + u8g2_GetU8x8(u8g2)->display_info->tile_width*u8g2->tile_b
  80:u8g2_lib/u8g2_ll_hvline.c **** #endif
  81:u8g2_lib/u8g2_ll_hvline.c **** 
  82:u8g2_lib/u8g2_ll_hvline.c ****   //assert(x >= u8g2->buf_x0);
  83:u8g2_lib/u8g2_ll_hvline.c ****   //assert(x < u8g2_GetU8x8(u8g2)->display_info->tile_width*8);
  84:u8g2_lib/u8g2_ll_hvline.c ****   //assert(y >= u8g2->buf_y0);
  85:u8g2_lib/u8g2_ll_hvline.c ****   //assert(y < u8g2_GetU8x8(u8g2)->display_info->tile_height*8);
  86:u8g2_lib/u8g2_ll_hvline.c ****   
  87:u8g2_lib/u8g2_ll_hvline.c ****   /* bytes are vertical, lsb on top (y=0), msb at bottom (y=7) */
  88:u8g2_lib/u8g2_ll_hvline.c ****   bit_pos = y;		/* overflow truncate is ok here... */
  89:u8g2_lib/u8g2_ll_hvline.c ****   bit_pos &= 7; 	/* ... because only the lowest 3 bits are needed */
  43              		.loc 1 89 0
  44 0006 02F00704 		and	r4, r2, #7
  45              	.LVL2:
  90:u8g2_lib/u8g2_ll_hvline.c ****   mask = 1;
  91:u8g2_lib/u8g2_ll_hvline.c ****   mask <<= bit_pos;
  46              		.loc 1 91 0
  47 000a 0125     		movs	r5, #1
  48 000c A540     		lsls	r5, r5, r4
  49 000e EDB2     		uxtb	r5, r5
  50              	.LVL3:
  92:u8g2_lib/u8g2_ll_hvline.c **** 
  93:u8g2_lib/u8g2_ll_hvline.c ****   or_mask = 0;
  94:u8g2_lib/u8g2_ll_hvline.c ****   xor_mask = 0;
  95:u8g2_lib/u8g2_ll_hvline.c ****   if ( u8g2->draw_color <= 1 )
  51              		.loc 1 95 0
  52 0010 90F89270 		ldrb	r7, [r0, #146]	@ zero_extendqisi2
  53 0014 012F     		cmp	r7, #1
  54 0016 01D9     		bls	.L10
  93:u8g2_lib/u8g2_ll_hvline.c ****   xor_mask = 0;
  55              		.loc 1 93 0
  56 0018 0026     		movs	r6, #0
  57 001a 00E0     		b	.L2
  58              	.L10:
  96:u8g2_lib/u8g2_ll_hvline.c ****     or_mask  = mask;
  59              		.loc 1 96 0
  60 001c 2E46     		mov	r6, r5
  61              	.L2:
  62              	.LVL4:
  97:u8g2_lib/u8g2_ll_hvline.c ****   if ( u8g2->draw_color != 1 )
  63              		.loc 1 97 0
  64 001e 012F     		cmp	r7, #1
  65 0020 00D1     		bne	.L3
  94:u8g2_lib/u8g2_ll_hvline.c ****   if ( u8g2->draw_color <= 1 )
  66              		.loc 1 94 0
  67 0022 0025     		movs	r5, #0
  68              	.LVL5:
  69              	.L3:
  98:u8g2_lib/u8g2_ll_hvline.c ****     xor_mask = mask;
  99:u8g2_lib/u8g2_ll_hvline.c **** 
 100:u8g2_lib/u8g2_ll_hvline.c **** 
 101:u8g2_lib/u8g2_ll_hvline.c ****   offset = y;		/* y might be 8 or 16 bit, but we need 16 bit, so use a 16 bit variable */
ARM GAS  C:\Users\master\AppData\Local\Temp\ccBckkD1.s 			page 4


 102:u8g2_lib/u8g2_ll_hvline.c ****   offset &= ~7;
  70              		.loc 1 102 0
  71 0024 22F00702 		bic	r2, r2, #7
  72              	.LVL6:
 103:u8g2_lib/u8g2_ll_hvline.c ****   offset *= u8g2_GetU8x8(u8g2)->display_info->tile_width;
  73              		.loc 1 103 0
  74 0028 0768     		ldr	r7, [r0]
  75 002a 3F7C     		ldrb	r7, [r7, #16]	@ zero_extendqisi2
  76 002c 02FB07F2 		mul	r2, r2, r7
  77              	.LVL7:
  78 0030 92B2     		uxth	r2, r2
  79              	.LVL8:
 104:u8g2_lib/u8g2_ll_hvline.c ****   ptr = u8g2->tile_buf_ptr;
  80              		.loc 1 104 0
  81 0032 476B     		ldr	r7, [r0, #52]
  82              	.LVL9:
 105:u8g2_lib/u8g2_ll_hvline.c ****   ptr += offset;
 106:u8g2_lib/u8g2_ll_hvline.c ****   ptr += x;
  83              		.loc 1 106 0
  84 0034 1144     		add	r1, r1, r2
  85              	.LVL10:
  86 0036 3944     		add	r1, r1, r7
  87              	.LVL11:
 107:u8g2_lib/u8g2_ll_hvline.c ****   
 108:u8g2_lib/u8g2_ll_hvline.c ****   if ( dir == 0 )
  88              		.loc 1 108 0
  89 0038 BEF1000F 		cmp	lr, #0
  90 003c 0AD1     		bne	.L4
  91              	.LVL12:
  92              	.L5:
 109:u8g2_lib/u8g2_ll_hvline.c ****   {
 110:u8g2_lib/u8g2_ll_hvline.c ****       do
 111:u8g2_lib/u8g2_ll_hvline.c ****       {
 112:u8g2_lib/u8g2_ll_hvline.c **** #ifdef __unix
 113:u8g2_lib/u8g2_ll_hvline.c **** 	assert(ptr < max_ptr);
 114:u8g2_lib/u8g2_ll_hvline.c **** #endif
 115:u8g2_lib/u8g2_ll_hvline.c **** 	*ptr |= or_mask;
  93              		.loc 1 115 0 discriminator 1
  94 003e 0A78     		ldrb	r2, [r1]	@ zero_extendqisi2
  95 0040 3243     		orrs	r2, r2, r6
  96 0042 D2B2     		uxtb	r2, r2
 116:u8g2_lib/u8g2_ll_hvline.c **** 	*ptr ^= xor_mask;
  97              		.loc 1 116 0 discriminator 1
  98 0044 6A40     		eors	r2, r2, r5
  99 0046 01F8012B 		strb	r2, [r1], #1
 100              	.LVL13:
 117:u8g2_lib/u8g2_ll_hvline.c **** 	ptr++;
 118:u8g2_lib/u8g2_ll_hvline.c **** 	len--;
 101              		.loc 1 118 0 discriminator 1
 102 004a 013B     		subs	r3, r3, #1
 103              	.LVL14:
 104 004c 9BB2     		uxth	r3, r3
 105              	.LVL15:
 119:u8g2_lib/u8g2_ll_hvline.c ****       } while( len != 0 );
 106              		.loc 1 119 0 discriminator 1
 107 004e 002B     		cmp	r3, #0
 108 0050 F5D1     		bne	.L5
ARM GAS  C:\Users\master\AppData\Local\Temp\ccBckkD1.s 			page 5


 109 0052 F0BD     		pop	{r4, r5, r6, r7, pc}
 110              	.LVL16:
 111              	.L4:
 120:u8g2_lib/u8g2_ll_hvline.c ****   }
 121:u8g2_lib/u8g2_ll_hvline.c ****   else
 122:u8g2_lib/u8g2_ll_hvline.c ****   {    
 123:u8g2_lib/u8g2_ll_hvline.c ****     do
 124:u8g2_lib/u8g2_ll_hvline.c ****     {
 125:u8g2_lib/u8g2_ll_hvline.c **** #ifdef __unix
 126:u8g2_lib/u8g2_ll_hvline.c ****       assert(ptr < max_ptr);
 127:u8g2_lib/u8g2_ll_hvline.c **** #endif
 128:u8g2_lib/u8g2_ll_hvline.c ****       *ptr |= or_mask;
 112              		.loc 1 128 0
 113 0054 0A78     		ldrb	r2, [r1]	@ zero_extendqisi2
 114 0056 3243     		orrs	r2, r2, r6
 115 0058 D2B2     		uxtb	r2, r2
 129:u8g2_lib/u8g2_ll_hvline.c ****       *ptr ^= xor_mask;
 116              		.loc 1 129 0
 117 005a 6A40     		eors	r2, r2, r5
 118 005c 0A70     		strb	r2, [r1]
 130:u8g2_lib/u8g2_ll_hvline.c ****       
 131:u8g2_lib/u8g2_ll_hvline.c ****       bit_pos++;
 119              		.loc 1 131 0
 120 005e 621C     		adds	r2, r4, #1
 121              	.LVL17:
 132:u8g2_lib/u8g2_ll_hvline.c ****       bit_pos &= 7;
 133:u8g2_lib/u8g2_ll_hvline.c **** 
 134:u8g2_lib/u8g2_ll_hvline.c ****       len--;
 122              		.loc 1 134 0
 123 0060 013B     		subs	r3, r3, #1
 124              	.LVL18:
 125 0062 9BB2     		uxth	r3, r3
 126              	.LVL19:
 135:u8g2_lib/u8g2_ll_hvline.c **** 
 136:u8g2_lib/u8g2_ll_hvline.c ****       if ( bit_pos == 0 )
 127              		.loc 1 136 0
 128 0064 12F00704 		ands	r4, r2, #7
 129 0068 09D1     		bne	.L7
 137:u8g2_lib/u8g2_ll_hvline.c ****       {
 138:u8g2_lib/u8g2_ll_hvline.c **** 	ptr+=u8g2->pixel_buf_width;	/* 6 Jan 17: Changed u8g2->width to u8g2->pixel_buf_width, issue #148 
 130              		.loc 1 138 0
 131 006a 428F     		ldrh	r2, [r0, #58]
 132              	.LVL20:
 133 006c 1144     		add	r1, r1, r2
 134              	.LVL21:
 139:u8g2_lib/u8g2_ll_hvline.c **** 		
 140:u8g2_lib/u8g2_ll_hvline.c **** 	if ( u8g2->draw_color <= 1 )
 135              		.loc 1 140 0
 136 006e 90F89220 		ldrb	r2, [r0, #146]	@ zero_extendqisi2
 137 0072 012A     		cmp	r2, #1
 138 0074 00D8     		bhi	.L8
 141:u8g2_lib/u8g2_ll_hvline.c **** 	  or_mask  = 1;
 139              		.loc 1 141 0
 140 0076 0126     		movs	r6, #1
 141              	.LVL22:
 142              	.L8:
 142:u8g2_lib/u8g2_ll_hvline.c **** 	if ( u8g2->draw_color != 1 )
ARM GAS  C:\Users\master\AppData\Local\Temp\ccBckkD1.s 			page 6


 143              		.loc 1 142 0
 144 0078 012A     		cmp	r2, #1
 145 007a 05D1     		bne	.L12
 146 007c 05E0     		b	.L9
 147              	.LVL23:
 148              	.L7:
 143:u8g2_lib/u8g2_ll_hvline.c **** 	  xor_mask = 1;
 144:u8g2_lib/u8g2_ll_hvline.c ****       }
 145:u8g2_lib/u8g2_ll_hvline.c ****       else
 146:u8g2_lib/u8g2_ll_hvline.c ****       {
 147:u8g2_lib/u8g2_ll_hvline.c **** 	or_mask <<= 1;
 149              		.loc 1 147 0
 150 007e 7600     		lsls	r6, r6, #1
 151              	.LVL24:
 152 0080 F6B2     		uxtb	r6, r6
 153              	.LVL25:
 148:u8g2_lib/u8g2_ll_hvline.c **** 	xor_mask <<= 1;
 154              		.loc 1 148 0
 155 0082 6D00     		lsls	r5, r5, #1
 156              	.LVL26:
 157 0084 EDB2     		uxtb	r5, r5
 158              	.LVL27:
 159 0086 00E0     		b	.L9
 160              	.LVL28:
 161              	.L12:
 143:u8g2_lib/u8g2_ll_hvline.c **** 	  xor_mask = 1;
 162              		.loc 1 143 0
 163 0088 0125     		movs	r5, #1
 164              	.LVL29:
 165              	.L9:
 149:u8g2_lib/u8g2_ll_hvline.c ****       }
 150:u8g2_lib/u8g2_ll_hvline.c ****     } while( len != 0 );
 166              		.loc 1 150 0
 167 008a 002B     		cmp	r3, #0
 168 008c E2D1     		bne	.L4
 169 008e F0BD     		pop	{r4, r5, r6, r7, pc}
 170              		.cfi_endproc
 171              	.LFE0:
 173              		.section	.text.u8g2_ll_hvline_horizontal_right_lsb,"ax",%progbits
 174              		.align	2
 175              		.global	u8g2_ll_hvline_horizontal_right_lsb
 176              		.thumb
 177              		.thumb_func
 179              	u8g2_ll_hvline_horizontal_right_lsb:
 180              	.LFB1:
 151:u8g2_lib/u8g2_ll_hvline.c ****   }
 152:u8g2_lib/u8g2_ll_hvline.c **** }
 153:u8g2_lib/u8g2_ll_hvline.c **** 
 154:u8g2_lib/u8g2_ll_hvline.c **** 
 155:u8g2_lib/u8g2_ll_hvline.c **** 
 156:u8g2_lib/u8g2_ll_hvline.c **** #else /* U8G2_WITH_HVLINE_SPEED_OPTIMIZATION */
 157:u8g2_lib/u8g2_ll_hvline.c **** 
 158:u8g2_lib/u8g2_ll_hvline.c **** /*
 159:u8g2_lib/u8g2_ll_hvline.c ****   x,y position within the buffer
 160:u8g2_lib/u8g2_ll_hvline.c **** */
 161:u8g2_lib/u8g2_ll_hvline.c **** static void u8g2_draw_pixel_vertical_top_lsb(u8g2_t *u8g2, u8g2_uint_t x, u8g2_uint_t y)
 162:u8g2_lib/u8g2_ll_hvline.c **** {
ARM GAS  C:\Users\master\AppData\Local\Temp\ccBckkD1.s 			page 7


 163:u8g2_lib/u8g2_ll_hvline.c ****   uint16_t offset;
 164:u8g2_lib/u8g2_ll_hvline.c ****   uint8_t *ptr;
 165:u8g2_lib/u8g2_ll_hvline.c ****   uint8_t bit_pos, mask;
 166:u8g2_lib/u8g2_ll_hvline.c ****   
 167:u8g2_lib/u8g2_ll_hvline.c ****   //assert(x >= u8g2->buf_x0);
 168:u8g2_lib/u8g2_ll_hvline.c ****   //assert(x < u8g2_GetU8x8(u8g2)->display_info->tile_width*8);
 169:u8g2_lib/u8g2_ll_hvline.c ****   //assert(y >= u8g2->buf_y0);
 170:u8g2_lib/u8g2_ll_hvline.c ****   //assert(y < u8g2_GetU8x8(u8g2)->display_info->tile_height*8);
 171:u8g2_lib/u8g2_ll_hvline.c ****   
 172:u8g2_lib/u8g2_ll_hvline.c ****   /* bytes are vertical, lsb on top (y=0), msb at bottom (y=7) */
 173:u8g2_lib/u8g2_ll_hvline.c ****   bit_pos = y;		/* overflow truncate is ok here... */
 174:u8g2_lib/u8g2_ll_hvline.c ****   bit_pos &= 7; 	/* ... because only the lowest 3 bits are needed */
 175:u8g2_lib/u8g2_ll_hvline.c ****   mask = 1;
 176:u8g2_lib/u8g2_ll_hvline.c ****   mask <<= bit_pos;
 177:u8g2_lib/u8g2_ll_hvline.c **** 
 178:u8g2_lib/u8g2_ll_hvline.c ****   offset = y;		/* y might be 8 or 16 bit, but we need 16 bit, so use a 16 bit variable */
 179:u8g2_lib/u8g2_ll_hvline.c ****   offset &= ~7;
 180:u8g2_lib/u8g2_ll_hvline.c ****   offset *= u8g2_GetU8x8(u8g2)->display_info->tile_width;
 181:u8g2_lib/u8g2_ll_hvline.c ****   ptr = u8g2->tile_buf_ptr;
 182:u8g2_lib/u8g2_ll_hvline.c ****   ptr += offset;
 183:u8g2_lib/u8g2_ll_hvline.c ****   ptr += x;
 184:u8g2_lib/u8g2_ll_hvline.c **** 
 185:u8g2_lib/u8g2_ll_hvline.c **** 
 186:u8g2_lib/u8g2_ll_hvline.c ****   if ( u8g2->draw_color <= 1 )
 187:u8g2_lib/u8g2_ll_hvline.c ****     *ptr |= mask;
 188:u8g2_lib/u8g2_ll_hvline.c ****   if ( u8g2->draw_color != 1 )
 189:u8g2_lib/u8g2_ll_hvline.c ****     *ptr ^= mask;
 190:u8g2_lib/u8g2_ll_hvline.c **** 
 191:u8g2_lib/u8g2_ll_hvline.c **** }
 192:u8g2_lib/u8g2_ll_hvline.c **** 
 193:u8g2_lib/u8g2_ll_hvline.c **** /*
 194:u8g2_lib/u8g2_ll_hvline.c ****   x,y		Upper left position of the line within the local buffer (not the display!)
 195:u8g2_lib/u8g2_ll_hvline.c ****   len		length of the line in pixel, len must not be 0
 196:u8g2_lib/u8g2_ll_hvline.c ****   dir		0: horizontal line (left to right)
 197:u8g2_lib/u8g2_ll_hvline.c **** 		1: vertical line (top to bottom)
 198:u8g2_lib/u8g2_ll_hvline.c ****   asumption: 
 199:u8g2_lib/u8g2_ll_hvline.c ****     all clipping done
 200:u8g2_lib/u8g2_ll_hvline.c **** */
 201:u8g2_lib/u8g2_ll_hvline.c **** void u8g2_ll_hvline_vertical_top_lsb(u8g2_t *u8g2, u8g2_uint_t x, u8g2_uint_t y, u8g2_uint_t len, u
 202:u8g2_lib/u8g2_ll_hvline.c **** {
 203:u8g2_lib/u8g2_ll_hvline.c ****   if ( dir == 0 )
 204:u8g2_lib/u8g2_ll_hvline.c ****   {
 205:u8g2_lib/u8g2_ll_hvline.c ****     do
 206:u8g2_lib/u8g2_ll_hvline.c ****     {
 207:u8g2_lib/u8g2_ll_hvline.c ****       u8g2_draw_pixel_vertical_top_lsb(u8g2, x, y);
 208:u8g2_lib/u8g2_ll_hvline.c ****       x++;
 209:u8g2_lib/u8g2_ll_hvline.c ****       len--;
 210:u8g2_lib/u8g2_ll_hvline.c ****     } while( len != 0 );
 211:u8g2_lib/u8g2_ll_hvline.c ****   }
 212:u8g2_lib/u8g2_ll_hvline.c ****   else
 213:u8g2_lib/u8g2_ll_hvline.c ****   {
 214:u8g2_lib/u8g2_ll_hvline.c ****     do
 215:u8g2_lib/u8g2_ll_hvline.c ****     {
 216:u8g2_lib/u8g2_ll_hvline.c ****       u8g2_draw_pixel_vertical_top_lsb(u8g2, x, y);
 217:u8g2_lib/u8g2_ll_hvline.c ****       y++;
 218:u8g2_lib/u8g2_ll_hvline.c ****       len--;
 219:u8g2_lib/u8g2_ll_hvline.c ****     } while( len != 0 );
ARM GAS  C:\Users\master\AppData\Local\Temp\ccBckkD1.s 			page 8


 220:u8g2_lib/u8g2_ll_hvline.c ****   }
 221:u8g2_lib/u8g2_ll_hvline.c **** }
 222:u8g2_lib/u8g2_ll_hvline.c **** 
 223:u8g2_lib/u8g2_ll_hvline.c **** 
 224:u8g2_lib/u8g2_ll_hvline.c **** #endif /* U8G2_WITH_HVLINE_SPEED_OPTIMIZATION */
 225:u8g2_lib/u8g2_ll_hvline.c **** 
 226:u8g2_lib/u8g2_ll_hvline.c **** /*=================================================*/
 227:u8g2_lib/u8g2_ll_hvline.c **** /*
 228:u8g2_lib/u8g2_ll_hvline.c ****   u8g2_ll_hvline_horizontal_right_lsb
 229:u8g2_lib/u8g2_ll_hvline.c ****     ST7920
 230:u8g2_lib/u8g2_ll_hvline.c **** */
 231:u8g2_lib/u8g2_ll_hvline.c **** 
 232:u8g2_lib/u8g2_ll_hvline.c **** #ifdef U8G2_WITH_HVLINE_SPEED_OPTIMIZATION
 233:u8g2_lib/u8g2_ll_hvline.c **** 
 234:u8g2_lib/u8g2_ll_hvline.c **** /*
 235:u8g2_lib/u8g2_ll_hvline.c ****   x,y		Upper left position of the line within the local buffer (not the display!)
 236:u8g2_lib/u8g2_ll_hvline.c ****   len		length of the line in pixel, len must not be 0
 237:u8g2_lib/u8g2_ll_hvline.c ****   dir		0: horizontal line (left to right)
 238:u8g2_lib/u8g2_ll_hvline.c **** 		1: vertical line (top to bottom)
 239:u8g2_lib/u8g2_ll_hvline.c ****   asumption: 
 240:u8g2_lib/u8g2_ll_hvline.c ****     all clipping done
 241:u8g2_lib/u8g2_ll_hvline.c **** */
 242:u8g2_lib/u8g2_ll_hvline.c **** 
 243:u8g2_lib/u8g2_ll_hvline.c **** /* SH1122, LD7032, ST7920, ST7986, LC7981, T6963, SED1330, RA8835, MAX7219, LS0 */ 
 244:u8g2_lib/u8g2_ll_hvline.c **** void u8g2_ll_hvline_horizontal_right_lsb(u8g2_t *u8g2, u8g2_uint_t x, u8g2_uint_t y, u8g2_uint_t le
 245:u8g2_lib/u8g2_ll_hvline.c **** {
 181              		.loc 1 245 0
 182              		.cfi_startproc
 183              		@ args = 4, pretend = 0, frame = 0
 184              		@ frame_needed = 0, uses_anonymous_args = 0
 185              		@ link register save eliminated.
 186              	.LVL30:
 187 0000 F0B4     		push	{r4, r5, r6, r7}
 188              	.LCFI1:
 189              		.cfi_def_cfa_offset 16
 190              		.cfi_offset 4, -16
 191              		.cfi_offset 5, -12
 192              		.cfi_offset 6, -8
 193              		.cfi_offset 7, -4
 194 0002 9DF81060 		ldrb	r6, [sp, #16]	@ zero_extendqisi2
 246:u8g2_lib/u8g2_ll_hvline.c ****   uint16_t offset;
 247:u8g2_lib/u8g2_ll_hvline.c ****   uint8_t *ptr;
 248:u8g2_lib/u8g2_ll_hvline.c ****   uint8_t bit_pos;
 249:u8g2_lib/u8g2_ll_hvline.c ****   uint8_t mask;
 250:u8g2_lib/u8g2_ll_hvline.c ****   uint8_t tile_width = u8g2_GetU8x8(u8g2)->display_info->tile_width;
 195              		.loc 1 250 0
 196 0006 0468     		ldr	r4, [r0]
 197 0008 257C     		ldrb	r5, [r4, #16]	@ zero_extendqisi2
 198              	.LVL31:
 251:u8g2_lib/u8g2_ll_hvline.c **** 
 252:u8g2_lib/u8g2_ll_hvline.c ****   bit_pos = x;		/* overflow truncate is ok here... */
 253:u8g2_lib/u8g2_ll_hvline.c ****   bit_pos &= 7; 	/* ... because only the lowest 3 bits are needed */
 199              		.loc 1 253 0
 200 000a 01F00707 		and	r7, r1, #7
 201              	.LVL32:
 254:u8g2_lib/u8g2_ll_hvline.c ****   mask = 128;
 255:u8g2_lib/u8g2_ll_hvline.c ****   mask >>= bit_pos;
ARM GAS  C:\Users\master\AppData\Local\Temp\ccBckkD1.s 			page 9


 202              		.loc 1 255 0
 203 000e 8024     		movs	r4, #128
 204 0010 3C41     		asrs	r4, r4, r7
 205 0012 E4B2     		uxtb	r4, r4
 206              	.LVL33:
 256:u8g2_lib/u8g2_ll_hvline.c **** 
 257:u8g2_lib/u8g2_ll_hvline.c ****   offset = y;		/* y might be 8 or 16 bit, but we need 16 bit, so use a 16 bit variable */
 258:u8g2_lib/u8g2_ll_hvline.c ****   offset *= tile_width;
 207              		.loc 1 258 0
 208 0014 05FB02F2 		mul	r2, r5, r2
 209              	.LVL34:
 210 0018 92B2     		uxth	r2, r2
 211              	.LVL35:
 259:u8g2_lib/u8g2_ll_hvline.c ****   offset += x>>3;
 212              		.loc 1 259 0
 213 001a 02EBD101 		add	r1, r2, r1, lsr #3
 214              	.LVL36:
 215 001e 89B2     		uxth	r1, r1
 216              	.LVL37:
 260:u8g2_lib/u8g2_ll_hvline.c ****   ptr = u8g2->tile_buf_ptr;
 217              		.loc 1 260 0
 218 0020 426B     		ldr	r2, [r0, #52]
 219              	.LVL38:
 261:u8g2_lib/u8g2_ll_hvline.c ****   ptr += offset;
 220              		.loc 1 261 0
 221 0022 0A44     		add	r2, r2, r1
 222              	.LVL39:
 262:u8g2_lib/u8g2_ll_hvline.c ****   
 263:u8g2_lib/u8g2_ll_hvline.c ****   if ( dir == 0 )
 223              		.loc 1 263 0
 224 0024 B6B9     		cbnz	r6, .L15
 225              	.LVL40:
 226              	.L19:
 264:u8g2_lib/u8g2_ll_hvline.c ****   {
 265:u8g2_lib/u8g2_ll_hvline.c ****       
 266:u8g2_lib/u8g2_ll_hvline.c ****     do
 267:u8g2_lib/u8g2_ll_hvline.c ****     {
 268:u8g2_lib/u8g2_ll_hvline.c **** 
 269:u8g2_lib/u8g2_ll_hvline.c ****       if ( u8g2->draw_color <= 1 )
 227              		.loc 1 269 0
 228 0026 90F89210 		ldrb	r1, [r0, #146]	@ zero_extendqisi2
 229 002a 0129     		cmp	r1, #1
 230 002c 02D8     		bhi	.L16
 270:u8g2_lib/u8g2_ll_hvline.c **** 	*ptr |= mask;
 231              		.loc 1 270 0
 232 002e 1178     		ldrb	r1, [r2]	@ zero_extendqisi2
 233 0030 2143     		orrs	r1, r1, r4
 234 0032 1170     		strb	r1, [r2]
 235              	.L16:
 271:u8g2_lib/u8g2_ll_hvline.c ****       if ( u8g2->draw_color != 1 )
 236              		.loc 1 271 0
 237 0034 90F89210 		ldrb	r1, [r0, #146]	@ zero_extendqisi2
 238 0038 0129     		cmp	r1, #1
 239 003a 02D0     		beq	.L17
 272:u8g2_lib/u8g2_ll_hvline.c **** 	*ptr ^= mask;
 240              		.loc 1 272 0
 241 003c 1178     		ldrb	r1, [r2]	@ zero_extendqisi2
ARM GAS  C:\Users\master\AppData\Local\Temp\ccBckkD1.s 			page 10


 242 003e 6140     		eors	r1, r1, r4
 243 0040 1170     		strb	r1, [r2]
 244              	.L17:
 245              	.LVL41:
 273:u8g2_lib/u8g2_ll_hvline.c ****       
 274:u8g2_lib/u8g2_ll_hvline.c ****       mask >>= 1;
 275:u8g2_lib/u8g2_ll_hvline.c ****       if ( mask == 0 )
 246              		.loc 1 275 0
 247 0042 6408     		lsrs	r4, r4, #1
 248              	.LVL42:
 249 0044 01D1     		bne	.L18
 250              	.LVL43:
 276:u8g2_lib/u8g2_ll_hvline.c ****       {
 277:u8g2_lib/u8g2_ll_hvline.c **** 	mask = 128;
 278:u8g2_lib/u8g2_ll_hvline.c ****         ptr++;
 251              		.loc 1 278 0
 252 0046 0132     		adds	r2, r2, #1
 253              	.LVL44:
 277:u8g2_lib/u8g2_ll_hvline.c ****         ptr++;
 254              		.loc 1 277 0
 255 0048 8024     		movs	r4, #128
 256              	.LVL45:
 257              	.L18:
 279:u8g2_lib/u8g2_ll_hvline.c ****       }
 280:u8g2_lib/u8g2_ll_hvline.c ****       
 281:u8g2_lib/u8g2_ll_hvline.c ****       //x++;
 282:u8g2_lib/u8g2_ll_hvline.c ****       len--;
 258              		.loc 1 282 0
 259 004a 013B     		subs	r3, r3, #1
 260              	.LVL46:
 261 004c 9BB2     		uxth	r3, r3
 262              	.LVL47:
 283:u8g2_lib/u8g2_ll_hvline.c ****     } while( len != 0 );
 263              		.loc 1 283 0
 264 004e 002B     		cmp	r3, #0
 265 0050 E9D1     		bne	.L19
 266 0052 12E0     		b	.L14
 267              	.L15:
 284:u8g2_lib/u8g2_ll_hvline.c ****   }
 285:u8g2_lib/u8g2_ll_hvline.c ****   else
 286:u8g2_lib/u8g2_ll_hvline.c ****   {
 287:u8g2_lib/u8g2_ll_hvline.c ****     do
 288:u8g2_lib/u8g2_ll_hvline.c ****     {
 289:u8g2_lib/u8g2_ll_hvline.c ****       if ( u8g2->draw_color <= 1 )
 268              		.loc 1 289 0
 269 0054 90F89210 		ldrb	r1, [r0, #146]	@ zero_extendqisi2
 270 0058 0129     		cmp	r1, #1
 271 005a 02D8     		bhi	.L21
 290:u8g2_lib/u8g2_ll_hvline.c **** 	*ptr |= mask;
 272              		.loc 1 290 0
 273 005c 1178     		ldrb	r1, [r2]	@ zero_extendqisi2
 274 005e 2143     		orrs	r1, r1, r4
 275 0060 1170     		strb	r1, [r2]
 276              	.L21:
 291:u8g2_lib/u8g2_ll_hvline.c ****       if ( u8g2->draw_color != 1 )
 277              		.loc 1 291 0
 278 0062 90F89210 		ldrb	r1, [r0, #146]	@ zero_extendqisi2
ARM GAS  C:\Users\master\AppData\Local\Temp\ccBckkD1.s 			page 11


 279 0066 0129     		cmp	r1, #1
 280 0068 02D0     		beq	.L22
 292:u8g2_lib/u8g2_ll_hvline.c **** 	*ptr ^= mask;
 281              		.loc 1 292 0
 282 006a 1178     		ldrb	r1, [r2]	@ zero_extendqisi2
 283 006c 6140     		eors	r1, r1, r4
 284 006e 1170     		strb	r1, [r2]
 285              	.L22:
 293:u8g2_lib/u8g2_ll_hvline.c ****       
 294:u8g2_lib/u8g2_ll_hvline.c ****       ptr += tile_width;
 286              		.loc 1 294 0
 287 0070 2A44     		add	r2, r2, r5
 288              	.LVL48:
 295:u8g2_lib/u8g2_ll_hvline.c ****       //y++;
 296:u8g2_lib/u8g2_ll_hvline.c ****       len--;
 289              		.loc 1 296 0
 290 0072 013B     		subs	r3, r3, #1
 291              	.LVL49:
 292 0074 9BB2     		uxth	r3, r3
 293              	.LVL50:
 297:u8g2_lib/u8g2_ll_hvline.c ****     } while( len != 0 );
 294              		.loc 1 297 0
 295 0076 002B     		cmp	r3, #0
 296 0078 ECD1     		bne	.L15
 297              	.L14:
 298:u8g2_lib/u8g2_ll_hvline.c ****   }
 299:u8g2_lib/u8g2_ll_hvline.c **** }
 298              		.loc 1 299 0
 299 007a F0BC     		pop	{r4, r5, r6, r7}
 300              	.LCFI2:
 301              		.cfi_restore 7
 302              		.cfi_restore 6
 303              		.cfi_restore 5
 304              		.cfi_restore 4
 305              		.cfi_def_cfa_offset 0
 306              	.LVL51:
 307 007c 7047     		bx	lr
 308              		.cfi_endproc
 309              	.LFE1:
 311 007e 00BF     		.text
 312              	.Letext0:
 313              		.file 2 "c:\\program files (x86)\\gnu tools arm embedded\\5.4 2016q3\\arm-none-eabi\\include\\mach
 314              		.file 3 "c:\\program files (x86)\\gnu tools arm embedded\\5.4 2016q3\\arm-none-eabi\\include\\sys\
 315              		.file 4 "u8g2_lib/u8x8.h"
 316              		.file 5 "u8g2_lib/u8g2.h"
ARM GAS  C:\Users\master\AppData\Local\Temp\ccBckkD1.s 			page 12


DEFINED SYMBOLS
                            *ABS*:00000000 u8g2_ll_hvline.c
C:\Users\master\AppData\Local\Temp\ccBckkD1.s:20     .text.u8g2_ll_hvline_vertical_top_lsb:00000000 $t
C:\Users\master\AppData\Local\Temp\ccBckkD1.s:25     .text.u8g2_ll_hvline_vertical_top_lsb:00000000 u8g2_ll_hvline_vertical_top_lsb
C:\Users\master\AppData\Local\Temp\ccBckkD1.s:174    .text.u8g2_ll_hvline_horizontal_right_lsb:00000000 $t
C:\Users\master\AppData\Local\Temp\ccBckkD1.s:179    .text.u8g2_ll_hvline_horizontal_right_lsb:00000000 u8g2_ll_hvline_horizontal_right_lsb
                     .debug_frame:00000010 $d

NO UNDEFINED SYMBOLS
