ARM GAS  C:\Users\master\AppData\Local\Temp\ccjeqFyy.s 			page 1


   1              		.syntax unified
   2              		.cpu cortex-m3
   3              		.fpu softvfp
   4              		.eabi_attribute 20, 1
   5              		.eabi_attribute 21, 1
   6              		.eabi_attribute 23, 3
   7              		.eabi_attribute 24, 1
   8              		.eabi_attribute 25, 1
   9              		.eabi_attribute 26, 1
  10              		.eabi_attribute 30, 1
  11              		.eabi_attribute 34, 1
  12              		.eabi_attribute 18, 4
  13              		.thumb
  14              		.syntax unified
  15              		.file	"u8g2_intersection.c"
  16              		.text
  17              	.Ltext0:
  18              		.cfi_sections	.debug_frame
  19              		.section	.text.u8g2_is_intersection_decision_tree,"ax",%progbits
  20              		.align	2
  21              		.global	u8g2_is_intersection_decision_tree
  22              		.thumb
  23              		.thumb_func
  25              	u8g2_is_intersection_decision_tree:
  26              	.LFB0:
  27              		.file 1 "u8g2_lib/u8g2_intersection.c"
   1:u8g2_lib/u8g2_intersection.c **** /*
   2:u8g2_lib/u8g2_intersection.c **** 
   3:u8g2_lib/u8g2_intersection.c ****   u8g2_intersection.c 
   4:u8g2_lib/u8g2_intersection.c ****   
   5:u8g2_lib/u8g2_intersection.c ****   Intersection calculation, code taken from u8g_clip.c
   6:u8g2_lib/u8g2_intersection.c **** 
   7:u8g2_lib/u8g2_intersection.c ****   Universal 8bit Graphics Library (https://github.com/olikraus/u8g2/)
   8:u8g2_lib/u8g2_intersection.c **** 
   9:u8g2_lib/u8g2_intersection.c ****   Copyright (c) 2016, olikraus@gmail.com
  10:u8g2_lib/u8g2_intersection.c ****   All rights reserved.
  11:u8g2_lib/u8g2_intersection.c **** 
  12:u8g2_lib/u8g2_intersection.c ****   Redistribution and use in source and binary forms, with or without modification, 
  13:u8g2_lib/u8g2_intersection.c ****   are permitted provided that the following conditions are met:
  14:u8g2_lib/u8g2_intersection.c **** 
  15:u8g2_lib/u8g2_intersection.c ****   * Redistributions of source code must retain the above copyright notice, this list 
  16:u8g2_lib/u8g2_intersection.c ****     of conditions and the following disclaimer.
  17:u8g2_lib/u8g2_intersection.c ****     
  18:u8g2_lib/u8g2_intersection.c ****   * Redistributions in binary form must reproduce the above copyright notice, this 
  19:u8g2_lib/u8g2_intersection.c ****     list of conditions and the following disclaimer in the documentation and/or other 
  20:u8g2_lib/u8g2_intersection.c ****     materials provided with the distribution.
  21:u8g2_lib/u8g2_intersection.c **** 
  22:u8g2_lib/u8g2_intersection.c ****   THIS SOFTWARE IS PROVIDED BY THE COPYRIGHT HOLDERS AND 
  23:u8g2_lib/u8g2_intersection.c ****   CONTRIBUTORS "AS IS" AND ANY EXPRESS OR IMPLIED WARRANTIES, 
  24:u8g2_lib/u8g2_intersection.c ****   INCLUDING, BUT NOT LIMITED TO, THE IMPLIED WARRANTIES OF 
  25:u8g2_lib/u8g2_intersection.c ****   MERCHANTABILITY AND FITNESS FOR A PARTICULAR PURPOSE ARE 
  26:u8g2_lib/u8g2_intersection.c ****   DISCLAIMED. IN NO EVENT SHALL THE COPYRIGHT HOLDER OR 
  27:u8g2_lib/u8g2_intersection.c ****   CONTRIBUTORS BE LIABLE FOR ANY DIRECT, INDIRECT, INCIDENTAL, 
  28:u8g2_lib/u8g2_intersection.c ****   SPECIAL, EXEMPLARY, OR CONSEQUENTIAL DAMAGES (INCLUDING, BUT 
  29:u8g2_lib/u8g2_intersection.c ****   NOT LIMITED TO, PROCUREMENT OF SUBSTITUTE GOODS OR SERVICES; 
  30:u8g2_lib/u8g2_intersection.c ****   LOSS OF USE, DATA, OR PROFITS; OR BUSINESS INTERRUPTION) HOWEVER 
  31:u8g2_lib/u8g2_intersection.c ****   CAUSED AND ON ANY THEORY OF LIABILITY, WHETHER IN CONTRACT, 
ARM GAS  C:\Users\master\AppData\Local\Temp\ccjeqFyy.s 			page 2


  32:u8g2_lib/u8g2_intersection.c ****   STRICT LIABILITY, OR TORT (INCLUDING NEGLIGENCE OR OTHERWISE) 
  33:u8g2_lib/u8g2_intersection.c ****   ARISING IN ANY WAY OUT OF THE USE OF THIS SOFTWARE, EVEN IF 
  34:u8g2_lib/u8g2_intersection.c ****   ADVISED OF THE POSSIBILITY OF SUCH DAMAGE.  
  35:u8g2_lib/u8g2_intersection.c **** 
  36:u8g2_lib/u8g2_intersection.c **** */
  37:u8g2_lib/u8g2_intersection.c **** 
  38:u8g2_lib/u8g2_intersection.c **** #include "u8g2.h"
  39:u8g2_lib/u8g2_intersection.c **** 
  40:u8g2_lib/u8g2_intersection.c **** #ifdef __GNUC__
  41:u8g2_lib/u8g2_intersection.c **** #define U8G2_ALWAYS_INLINE __inline__ __attribute__((always_inline))
  42:u8g2_lib/u8g2_intersection.c **** #else
  43:u8g2_lib/u8g2_intersection.c **** #define U8G2_ALWAYS_INLINE
  44:u8g2_lib/u8g2_intersection.c **** #endif 
  45:u8g2_lib/u8g2_intersection.c **** 
  46:u8g2_lib/u8g2_intersection.c **** 
  47:u8g2_lib/u8g2_intersection.c **** #if defined(U8G2_WITH_INTERSECTION) || defined(U8G2_WITH_CLIP_WINDOW_SUPPORT)
  48:u8g2_lib/u8g2_intersection.c **** 
  49:u8g2_lib/u8g2_intersection.c **** #ifdef OLD_VERSION_WITH_SYMETRIC_BOUNDARIES
  50:u8g2_lib/u8g2_intersection.c **** 
  51:u8g2_lib/u8g2_intersection.c **** /*
  52:u8g2_lib/u8g2_intersection.c ****   intersection assumptions:
  53:u8g2_lib/u8g2_intersection.c ****     a1 <= a2 is always true    
  54:u8g2_lib/u8g2_intersection.c ****     
  55:u8g2_lib/u8g2_intersection.c ****     minimized version
  56:u8g2_lib/u8g2_intersection.c ****     ---1----0 1             b1 <= a2 && b1 > b2
  57:u8g2_lib/u8g2_intersection.c ****     -----1--0 1             b2 >= a1 && b1 > b2
  58:u8g2_lib/u8g2_intersection.c ****     ---1-1--- 1             b1 <= a2 && b2 >= a1
  59:u8g2_lib/u8g2_intersection.c ****   */
  60:u8g2_lib/u8g2_intersection.c **** 
  61:u8g2_lib/u8g2_intersection.c **** 
  62:u8g2_lib/u8g2_intersection.c **** /*
  63:u8g2_lib/u8g2_intersection.c ****   calculate the intersection between a0/a1 and v0/v1
  64:u8g2_lib/u8g2_intersection.c ****   The intersection check returns one if the range of a0/a1 has an intersection with v0/v1.
  65:u8g2_lib/u8g2_intersection.c ****   The intersection check includes the boundary values v1 and a1.
  66:u8g2_lib/u8g2_intersection.c **** 
  67:u8g2_lib/u8g2_intersection.c ****   The following asserts will succeed:
  68:u8g2_lib/u8g2_intersection.c ****     assert( u8g2_is_intersection_decision_tree(4, 6, 7, 9) == 0 );
  69:u8g2_lib/u8g2_intersection.c ****     assert( u8g2_is_intersection_decision_tree(4, 6, 6, 9) != 0 );
  70:u8g2_lib/u8g2_intersection.c ****     assert( u8g2_is_intersection_decision_tree(6, 9, 4, 6) != 0 );
  71:u8g2_lib/u8g2_intersection.c ****     assert( u8g2_is_intersection_decision_tree(7, 9, 4, 6) == 0 );  
  72:u8g2_lib/u8g2_intersection.c **** */
  73:u8g2_lib/u8g2_intersection.c **** 
  74:u8g2_lib/u8g2_intersection.c **** //static uint8_t U8G2_ALWAYS_INLINE u8g2_is_intersection_decision_tree(u8g_uint_t a0, u8g_uint_t a1
  75:u8g2_lib/u8g2_intersection.c **** static uint8_t u8g2_is_intersection_decision_tree(u8g2_uint_t a0, u8g2_uint_t a1, u8g2_uint_t v0, u
  76:u8g2_lib/u8g2_intersection.c **** {
  77:u8g2_lib/u8g2_intersection.c ****   if ( v0 <= a1 )
  78:u8g2_lib/u8g2_intersection.c ****   {
  79:u8g2_lib/u8g2_intersection.c ****     if ( v1 >= a0 )
  80:u8g2_lib/u8g2_intersection.c ****     {
  81:u8g2_lib/u8g2_intersection.c ****       return 1;
  82:u8g2_lib/u8g2_intersection.c ****     }
  83:u8g2_lib/u8g2_intersection.c ****     else
  84:u8g2_lib/u8g2_intersection.c ****     {
  85:u8g2_lib/u8g2_intersection.c ****       if ( v0 > v1 )
  86:u8g2_lib/u8g2_intersection.c ****       {
  87:u8g2_lib/u8g2_intersection.c **** 	return 1;
  88:u8g2_lib/u8g2_intersection.c ****       }
ARM GAS  C:\Users\master\AppData\Local\Temp\ccjeqFyy.s 			page 3


  89:u8g2_lib/u8g2_intersection.c ****       else
  90:u8g2_lib/u8g2_intersection.c ****       {
  91:u8g2_lib/u8g2_intersection.c **** 	return 0;
  92:u8g2_lib/u8g2_intersection.c ****       }
  93:u8g2_lib/u8g2_intersection.c ****     }
  94:u8g2_lib/u8g2_intersection.c ****   }
  95:u8g2_lib/u8g2_intersection.c ****   else
  96:u8g2_lib/u8g2_intersection.c ****   {
  97:u8g2_lib/u8g2_intersection.c ****     if ( v1 >= a0 )
  98:u8g2_lib/u8g2_intersection.c ****     {
  99:u8g2_lib/u8g2_intersection.c ****       if ( v0 > v1 )
 100:u8g2_lib/u8g2_intersection.c ****       {
 101:u8g2_lib/u8g2_intersection.c **** 	return 1;
 102:u8g2_lib/u8g2_intersection.c ****       }
 103:u8g2_lib/u8g2_intersection.c ****       else
 104:u8g2_lib/u8g2_intersection.c ****       {
 105:u8g2_lib/u8g2_intersection.c **** 	return 0;
 106:u8g2_lib/u8g2_intersection.c ****       }
 107:u8g2_lib/u8g2_intersection.c ****     }
 108:u8g2_lib/u8g2_intersection.c ****     else
 109:u8g2_lib/u8g2_intersection.c ****     {
 110:u8g2_lib/u8g2_intersection.c ****       return 0;
 111:u8g2_lib/u8g2_intersection.c ****     }
 112:u8g2_lib/u8g2_intersection.c ****   }
 113:u8g2_lib/u8g2_intersection.c **** }
 114:u8g2_lib/u8g2_intersection.c **** 
 115:u8g2_lib/u8g2_intersection.c **** #endif	/* OLD_VERSION_WITH_SYMETRIC_BOUNDARIES */
 116:u8g2_lib/u8g2_intersection.c **** 
 117:u8g2_lib/u8g2_intersection.c **** 
 118:u8g2_lib/u8g2_intersection.c **** /*
 119:u8g2_lib/u8g2_intersection.c ****   version with asymetric boundaries.
 120:u8g2_lib/u8g2_intersection.c ****   a1 and v1 are excluded
 121:u8g2_lib/u8g2_intersection.c ****   v0 == v1 is not support end return 1
 122:u8g2_lib/u8g2_intersection.c **** */
 123:u8g2_lib/u8g2_intersection.c **** uint8_t u8g2_is_intersection_decision_tree(u8g2_uint_t a0, u8g2_uint_t a1, u8g2_uint_t v0, u8g2_uin
 124:u8g2_lib/u8g2_intersection.c **** {
  28              		.loc 1 124 0
  29              		.cfi_startproc
  30              		@ args = 0, pretend = 0, frame = 0
  31              		@ frame_needed = 0, uses_anonymous_args = 0
  32              		@ link register save eliminated.
  33              	.LVL0:
 125:u8g2_lib/u8g2_intersection.c ****   if ( v0 < a1 )		// v0 <= a1
  34              		.loc 1 125 0
  35 0000 8A42     		cmp	r2, r1
  36 0002 05D2     		bcs	.L2
 126:u8g2_lib/u8g2_intersection.c ****   {
 127:u8g2_lib/u8g2_intersection.c ****     if ( v1 > a0 )	// v1 >= a0
  37              		.loc 1 127 0
  38 0004 8342     		cmp	r3, r0
  39 0006 09D8     		bhi	.L4
 128:u8g2_lib/u8g2_intersection.c ****     {
 129:u8g2_lib/u8g2_intersection.c ****       return 1;
 130:u8g2_lib/u8g2_intersection.c ****     }
 131:u8g2_lib/u8g2_intersection.c ****     else
 132:u8g2_lib/u8g2_intersection.c ****     {
 133:u8g2_lib/u8g2_intersection.c ****       if ( v0 > v1 )	// v0 > v1
ARM GAS  C:\Users\master\AppData\Local\Temp\ccjeqFyy.s 			page 4


  40              		.loc 1 133 0
  41 0008 9A42     		cmp	r2, r3
  42 000a 09D9     		bls	.L5
 134:u8g2_lib/u8g2_intersection.c ****       {
 135:u8g2_lib/u8g2_intersection.c **** 	return 1;
  43              		.loc 1 135 0
  44 000c 0120     		movs	r0, #1
  45              	.LVL1:
  46 000e 7047     		bx	lr
  47              	.LVL2:
  48              	.L2:
 136:u8g2_lib/u8g2_intersection.c ****       }
 137:u8g2_lib/u8g2_intersection.c ****       else
 138:u8g2_lib/u8g2_intersection.c ****       {
 139:u8g2_lib/u8g2_intersection.c **** 	return 0;
 140:u8g2_lib/u8g2_intersection.c ****       }
 141:u8g2_lib/u8g2_intersection.c ****     }
 142:u8g2_lib/u8g2_intersection.c ****   }
 143:u8g2_lib/u8g2_intersection.c ****   else
 144:u8g2_lib/u8g2_intersection.c ****   {
 145:u8g2_lib/u8g2_intersection.c ****     if ( v1 > a0 )	// v1 >= a0
  49              		.loc 1 145 0
  50 0010 8342     		cmp	r3, r0
  51 0012 07D9     		bls	.L6
 146:u8g2_lib/u8g2_intersection.c ****     {
 147:u8g2_lib/u8g2_intersection.c ****       if ( v0 > v1 )	// v0 > v1
  52              		.loc 1 147 0
  53 0014 9A42     		cmp	r2, r3
  54 0016 07D9     		bls	.L7
 148:u8g2_lib/u8g2_intersection.c ****       {
 149:u8g2_lib/u8g2_intersection.c **** 	return 1;
  55              		.loc 1 149 0
  56 0018 0120     		movs	r0, #1
  57              	.LVL3:
  58 001a 7047     		bx	lr
  59              	.LVL4:
  60              	.L4:
 129:u8g2_lib/u8g2_intersection.c ****     }
  61              		.loc 1 129 0
  62 001c 0120     		movs	r0, #1
  63              	.LVL5:
  64 001e 7047     		bx	lr
  65              	.LVL6:
  66              	.L5:
 139:u8g2_lib/u8g2_intersection.c ****       }
  67              		.loc 1 139 0
  68 0020 0020     		movs	r0, #0
  69              	.LVL7:
  70 0022 7047     		bx	lr
  71              	.LVL8:
  72              	.L6:
 150:u8g2_lib/u8g2_intersection.c ****       }
 151:u8g2_lib/u8g2_intersection.c ****       else
 152:u8g2_lib/u8g2_intersection.c ****       {
 153:u8g2_lib/u8g2_intersection.c **** 	return 0;
 154:u8g2_lib/u8g2_intersection.c ****       }
 155:u8g2_lib/u8g2_intersection.c ****     }
ARM GAS  C:\Users\master\AppData\Local\Temp\ccjeqFyy.s 			page 5


 156:u8g2_lib/u8g2_intersection.c ****     else
 157:u8g2_lib/u8g2_intersection.c ****     {
 158:u8g2_lib/u8g2_intersection.c ****       return 0;
  73              		.loc 1 158 0
  74 0024 0020     		movs	r0, #0
  75              	.LVL9:
  76 0026 7047     		bx	lr
  77              	.LVL10:
  78              	.L7:
 153:u8g2_lib/u8g2_intersection.c ****       }
  79              		.loc 1 153 0
  80 0028 0020     		movs	r0, #0
  81              	.LVL11:
 159:u8g2_lib/u8g2_intersection.c ****     }
 160:u8g2_lib/u8g2_intersection.c ****   }
 161:u8g2_lib/u8g2_intersection.c **** }
  82              		.loc 1 161 0
  83 002a 7047     		bx	lr
  84              		.cfi_endproc
  85              	.LFE0:
  87              		.section	.text.u8g2_IsIntersection,"ax",%progbits
  88              		.align	2
  89              		.global	u8g2_IsIntersection
  90              		.thumb
  91              		.thumb_func
  93              	u8g2_IsIntersection:
  94              	.LFB1:
 162:u8g2_lib/u8g2_intersection.c **** 
 163:u8g2_lib/u8g2_intersection.c **** 
 164:u8g2_lib/u8g2_intersection.c **** 
 165:u8g2_lib/u8g2_intersection.c **** /* upper limits are not included (asymetric boundaries) */
 166:u8g2_lib/u8g2_intersection.c **** uint8_t u8g2_IsIntersection(u8g2_t *u8g2, u8g2_uint_t x0, u8g2_uint_t y0, u8g2_uint_t x1, u8g2_uint
 167:u8g2_lib/u8g2_intersection.c **** {
  95              		.loc 1 167 0
  96              		.cfi_startproc
  97              		@ args = 4, pretend = 0, frame = 0
  98              		@ frame_needed = 0, uses_anonymous_args = 0
  99              	.LVL12:
 100 0000 70B5     		push	{r4, r5, r6, lr}
 101              	.LCFI0:
 102              		.cfi_def_cfa_offset 16
 103              		.cfi_offset 4, -16
 104              		.cfi_offset 5, -12
 105              		.cfi_offset 6, -8
 106              		.cfi_offset 14, -4
 107 0002 0446     		mov	r4, r0
 108 0004 0D46     		mov	r5, r1
 109 0006 1E46     		mov	r6, r3
 168:u8g2_lib/u8g2_intersection.c ****   if ( u8g2_is_intersection_decision_tree(u8g2->user_y0, u8g2->user_y1, y0, y1) == 0 )
 110              		.loc 1 168 0
 111 0008 BDF81030 		ldrh	r3, [sp, #16]
 112              	.LVL13:
 113 000c B0F84E10 		ldrh	r1, [r0, #78]
 114              	.LVL14:
 115 0010 B0F84C00 		ldrh	r0, [r0, #76]
 116              	.LVL15:
 117 0014 FFF7FEFF 		bl	u8g2_is_intersection_decision_tree
ARM GAS  C:\Users\master\AppData\Local\Temp\ccjeqFyy.s 			page 6


 118              	.LVL16:
 119 0018 0346     		mov	r3, r0
 120 001a 40B1     		cbz	r0, .L9
 169:u8g2_lib/u8g2_intersection.c ****     return 0; 
 170:u8g2_lib/u8g2_intersection.c ****   
 171:u8g2_lib/u8g2_intersection.c ****   return u8g2_is_intersection_decision_tree(u8g2->user_x0, u8g2->user_x1, x0, x1);
 121              		.loc 1 171 0
 122 001c 3346     		mov	r3, r6
 123 001e 2A46     		mov	r2, r5
 124 0020 B4F84A10 		ldrh	r1, [r4, #74]
 125 0024 B4F84800 		ldrh	r0, [r4, #72]
 126 0028 FFF7FEFF 		bl	u8g2_is_intersection_decision_tree
 127              	.LVL17:
 128 002c 0346     		mov	r3, r0
 129              	.L9:
 172:u8g2_lib/u8g2_intersection.c **** }
 130              		.loc 1 172 0
 131 002e 1846     		mov	r0, r3
 132 0030 70BD     		pop	{r4, r5, r6, pc}
 133              		.cfi_endproc
 134              	.LFE1:
 136 0032 00BF     		.text
 137              	.Letext0:
 138              		.file 2 "c:\\program files (x86)\\gnu tools arm embedded\\5.4 2016q3\\arm-none-eabi\\include\\mach
 139              		.file 3 "c:\\program files (x86)\\gnu tools arm embedded\\5.4 2016q3\\arm-none-eabi\\include\\sys\
 140              		.file 4 "u8g2_lib/u8x8.h"
 141              		.file 5 "u8g2_lib/u8g2.h"
ARM GAS  C:\Users\master\AppData\Local\Temp\ccjeqFyy.s 			page 7


DEFINED SYMBOLS
                            *ABS*:00000000 u8g2_intersection.c
C:\Users\master\AppData\Local\Temp\ccjeqFyy.s:20     .text.u8g2_is_intersection_decision_tree:00000000 $t
C:\Users\master\AppData\Local\Temp\ccjeqFyy.s:25     .text.u8g2_is_intersection_decision_tree:00000000 u8g2_is_intersection_decision_tree
C:\Users\master\AppData\Local\Temp\ccjeqFyy.s:88     .text.u8g2_IsIntersection:00000000 $t
C:\Users\master\AppData\Local\Temp\ccjeqFyy.s:93     .text.u8g2_IsIntersection:00000000 u8g2_IsIntersection
                     .debug_frame:00000010 $d

NO UNDEFINED SYMBOLS
