ARM GAS  C:\Users\master\AppData\Local\Temp\cc6jgloZ.s 			page 1


   1              		.syntax unified
   2              		.cpu cortex-m3
   3              		.fpu softvfp
   4              		.eabi_attribute 20, 1
   5              		.eabi_attribute 21, 1
   6              		.eabi_attribute 23, 3
   7              		.eabi_attribute 24, 1
   8              		.eabi_attribute 25, 1
   9              		.eabi_attribute 26, 1
  10              		.eabi_attribute 30, 1
  11              		.eabi_attribute 34, 1
  12              		.eabi_attribute 18, 4
  13              		.thumb
  14              		.syntax unified
  15              		.file	"u8g2_selection_list.c"
  16              		.text
  17              	.Ltext0:
  18              		.cfi_sections	.debug_frame
  19              		.section	.text.u8g2_DrawUTF8Line,"ax",%progbits
  20              		.align	2
  21              		.global	u8g2_DrawUTF8Line
  22              		.thumb
  23              		.thumb_func
  25              	u8g2_DrawUTF8Line:
  26              	.LFB0:
  27              		.file 1 "u8g2_lib/u8g2_selection_list.c"
   1:u8g2_lib/u8g2_selection_list.c **** /*
   2:u8g2_lib/u8g2_selection_list.c **** 
   3:u8g2_lib/u8g2_selection_list.c ****   u8g2_selection_list.c
   4:u8g2_lib/u8g2_selection_list.c ****   
   5:u8g2_lib/u8g2_selection_list.c ****   selection list with scroll option
   6:u8g2_lib/u8g2_selection_list.c ****   
   7:u8g2_lib/u8g2_selection_list.c ****   Universal 8bit Graphics Library (https://github.com/olikraus/u8g2/)
   8:u8g2_lib/u8g2_selection_list.c **** 
   9:u8g2_lib/u8g2_selection_list.c ****   Copyright (c) 2016, olikraus@gmail.com
  10:u8g2_lib/u8g2_selection_list.c ****   All rights reserved.
  11:u8g2_lib/u8g2_selection_list.c **** 
  12:u8g2_lib/u8g2_selection_list.c ****   Redistribution and use in source and binary forms, with or without modification, 
  13:u8g2_lib/u8g2_selection_list.c ****   are permitted provided that the following conditions are met:
  14:u8g2_lib/u8g2_selection_list.c **** 
  15:u8g2_lib/u8g2_selection_list.c ****   * Redistributions of source code must retain the above copyright notice, this list 
  16:u8g2_lib/u8g2_selection_list.c ****     of conditions and the following disclaimer.
  17:u8g2_lib/u8g2_selection_list.c ****     
  18:u8g2_lib/u8g2_selection_list.c ****   * Redistributions in binary form must reproduce the above copyright notice, this 
  19:u8g2_lib/u8g2_selection_list.c ****     list of conditions and the following disclaimer in the documentation and/or other 
  20:u8g2_lib/u8g2_selection_list.c ****     materials provided with the distribution.
  21:u8g2_lib/u8g2_selection_list.c **** 
  22:u8g2_lib/u8g2_selection_list.c ****   THIS SOFTWARE IS PROVIDED BY THE COPYRIGHT HOLDERS AND 
  23:u8g2_lib/u8g2_selection_list.c ****   CONTRIBUTORS "AS IS" AND ANY EXPRESS OR IMPLIED WARRANTIES, 
  24:u8g2_lib/u8g2_selection_list.c ****   INCLUDING, BUT NOT LIMITED TO, THE IMPLIED WARRANTIES OF 
  25:u8g2_lib/u8g2_selection_list.c ****   MERCHANTABILITY AND FITNESS FOR A PARTICULAR PURPOSE ARE 
  26:u8g2_lib/u8g2_selection_list.c ****   DISCLAIMED. IN NO EVENT SHALL THE COPYRIGHT HOLDER OR 
  27:u8g2_lib/u8g2_selection_list.c ****   CONTRIBUTORS BE LIABLE FOR ANY DIRECT, INDIRECT, INCIDENTAL, 
  28:u8g2_lib/u8g2_selection_list.c ****   SPECIAL, EXEMPLARY, OR CONSEQUENTIAL DAMAGES (INCLUDING, BUT 
  29:u8g2_lib/u8g2_selection_list.c ****   NOT LIMITED TO, PROCUREMENT OF SUBSTITUTE GOODS OR SERVICES; 
  30:u8g2_lib/u8g2_selection_list.c ****   LOSS OF USE, DATA, OR PROFITS; OR BUSINESS INTERRUPTION) HOWEVER 
  31:u8g2_lib/u8g2_selection_list.c ****   CAUSED AND ON ANY THEORY OF LIABILITY, WHETHER IN CONTRACT, 
ARM GAS  C:\Users\master\AppData\Local\Temp\cc6jgloZ.s 			page 2


  32:u8g2_lib/u8g2_selection_list.c ****   STRICT LIABILITY, OR TORT (INCLUDING NEGLIGENCE OR OTHERWISE) 
  33:u8g2_lib/u8g2_selection_list.c ****   ARISING IN ANY WAY OUT OF THE USE OF THIS SOFTWARE, EVEN IF 
  34:u8g2_lib/u8g2_selection_list.c ****   ADVISED OF THE POSSIBILITY OF SUCH DAMAGE.  
  35:u8g2_lib/u8g2_selection_list.c ****   
  36:u8g2_lib/u8g2_selection_list.c **** */
  37:u8g2_lib/u8g2_selection_list.c **** 
  38:u8g2_lib/u8g2_selection_list.c **** #include "u8g2.h"
  39:u8g2_lib/u8g2_selection_list.c **** 
  40:u8g2_lib/u8g2_selection_list.c **** #define MY_BORDER_SIZE 1
  41:u8g2_lib/u8g2_selection_list.c **** 
  42:u8g2_lib/u8g2_selection_list.c **** 
  43:u8g2_lib/u8g2_selection_list.c **** /*
  44:u8g2_lib/u8g2_selection_list.c ****   Draw a string at x,y
  45:u8g2_lib/u8g2_selection_list.c ****   Center string within w (left adjust if w < pixel len of s)
  46:u8g2_lib/u8g2_selection_list.c ****   
  47:u8g2_lib/u8g2_selection_list.c ****   Side effects:
  48:u8g2_lib/u8g2_selection_list.c ****     u8g2_SetFontDirection(u8g2, 0);
  49:u8g2_lib/u8g2_selection_list.c ****     u8g2_SetFontPosBaseline(u8g2);
  50:u8g2_lib/u8g2_selection_list.c **** 
  51:u8g2_lib/u8g2_selection_list.c **** */
  52:u8g2_lib/u8g2_selection_list.c **** void u8g2_DrawUTF8Line(u8g2_t *u8g2, u8g2_uint_t x, u8g2_uint_t y, u8g2_uint_t w, const char *s, ui
  53:u8g2_lib/u8g2_selection_list.c **** {
  28              		.loc 1 53 0
  29              		.cfi_startproc
  30              		@ args = 12, pretend = 0, frame = 8
  31              		@ frame_needed = 0, uses_anonymous_args = 0
  32              	.LVL0:
  33 0000 2DE9F04F 		push	{r4, r5, r6, r7, r8, r9, r10, fp, lr}
  34              	.LCFI0:
  35              		.cfi_def_cfa_offset 36
  36              		.cfi_offset 4, -36
  37              		.cfi_offset 5, -32
  38              		.cfi_offset 6, -28
  39              		.cfi_offset 7, -24
  40              		.cfi_offset 8, -20
  41              		.cfi_offset 9, -16
  42              		.cfi_offset 10, -12
  43              		.cfi_offset 11, -8
  44              		.cfi_offset 14, -4
  45 0004 85B0     		sub	sp, sp, #20
  46              	.LCFI1:
  47              		.cfi_def_cfa_offset 56
  48 0006 8146     		mov	r9, r0
  49 0008 0291     		str	r1, [sp, #8]
  50 000a 9246     		mov	r10, r2
  51 000c 1C46     		mov	r4, r3
  52 000e 9DF83C70 		ldrb	r7, [sp, #60]	@ zero_extendqisi2
  53 0012 9DF840B0 		ldrb	fp, [sp, #64]	@ zero_extendqisi2
  54:u8g2_lib/u8g2_selection_list.c ****   u8g2_uint_t d, str_width;
  55:u8g2_lib/u8g2_selection_list.c ****   u8g2_uint_t fx, fy, fw, fh;
  56:u8g2_lib/u8g2_selection_list.c **** 
  57:u8g2_lib/u8g2_selection_list.c ****   /* only horizontal strings are supported, so force this here */
  58:u8g2_lib/u8g2_selection_list.c ****   u8g2_SetFontDirection(u8g2, 0);
  54              		.loc 1 58 0
  55 0016 0021     		movs	r1, #0
  56              	.LVL1:
  57 0018 FFF7FEFF 		bl	u8g2_SetFontDirection
ARM GAS  C:\Users\master\AppData\Local\Temp\cc6jgloZ.s 			page 3


  58              	.LVL2:
  59:u8g2_lib/u8g2_selection_list.c **** 
  60:u8g2_lib/u8g2_selection_list.c ****   /* revert y position back to baseline ref */
  61:u8g2_lib/u8g2_selection_list.c ****   y += u8g2->font_calc_vref(u8g2);   
  59              		.loc 1 61 0
  60 001c D9F85C30 		ldr	r3, [r9, #92]
  61 0020 4846     		mov	r0, r9
  62 0022 9847     		blx	r3
  63              	.LVL3:
  64 0024 5044     		add	r0, r0, r10
  65 0026 1FFA80FA 		uxth	r10, r0
  66              	.LVL4:
  62:u8g2_lib/u8g2_selection_list.c **** 
  63:u8g2_lib/u8g2_selection_list.c ****   /* calculate the width of the string in pixel */
  64:u8g2_lib/u8g2_selection_list.c ****   str_width = u8g2_GetUTF8Width(u8g2, s);
  67              		.loc 1 64 0
  68 002a 0E99     		ldr	r1, [sp, #56]
  69 002c 4846     		mov	r0, r9
  70 002e FFF7FEFF 		bl	u8g2_GetUTF8Width
  71              	.LVL5:
  72 0032 0546     		mov	r5, r0
  73              	.LVL6:
  65:u8g2_lib/u8g2_selection_list.c **** 
  66:u8g2_lib/u8g2_selection_list.c ****   /* calculate delta d within the box */
  67:u8g2_lib/u8g2_selection_list.c ****   d = 0;
  68:u8g2_lib/u8g2_selection_list.c ****   if ( str_width < w )
  74              		.loc 1 68 0
  75 0034 A042     		cmp	r0, r4
  76 0036 05D2     		bcs	.L8
  77              	.LVL7:
  69:u8g2_lib/u8g2_selection_list.c ****   {
  70:u8g2_lib/u8g2_selection_list.c ****     d = w;
  71:u8g2_lib/u8g2_selection_list.c ****     d -=str_width;
  78              		.loc 1 71 0
  79 0038 251A     		subs	r5, r4, r0
  80              	.LVL8:
  72:u8g2_lib/u8g2_selection_list.c ****     d /= 2;
  81              		.loc 1 72 0
  82 003a C5F34E03 		ubfx	r3, r5, #1, #15
  83 003e 0393     		str	r3, [sp, #12]
  84              	.LVL9:
  85 0040 2546     		mov	r5, r4
  86 0042 01E0     		b	.L2
  87              	.LVL10:
  88              	.L8:
  67:u8g2_lib/u8g2_selection_list.c ****   if ( str_width < w )
  89              		.loc 1 67 0
  90 0044 0023     		movs	r3, #0
  91 0046 0393     		str	r3, [sp, #12]
  92              	.LVL11:
  93              	.L2:
  73:u8g2_lib/u8g2_selection_list.c ****   }
  74:u8g2_lib/u8g2_selection_list.c ****   else
  75:u8g2_lib/u8g2_selection_list.c ****   {
  76:u8g2_lib/u8g2_selection_list.c ****     w = str_width;
  77:u8g2_lib/u8g2_selection_list.c ****   }
  78:u8g2_lib/u8g2_selection_list.c **** 
ARM GAS  C:\Users\master\AppData\Local\Temp\cc6jgloZ.s 			page 4


  79:u8g2_lib/u8g2_selection_list.c ****   /* caluclate text box */
  80:u8g2_lib/u8g2_selection_list.c ****   fx = x;
  81:u8g2_lib/u8g2_selection_list.c ****   fy = y - u8g2_GetAscent(u8g2) ;
  94              		.loc 1 81 0
  95 0048 99F98E30 		ldrsb	r3, [r9, #142]
  96 004c C3EB0A06 		rsb	r6, r3, r10
  97 0050 B6B2     		uxth	r6, r6
  98              	.LVL12:
  82:u8g2_lib/u8g2_selection_list.c ****   fw = w;
  83:u8g2_lib/u8g2_selection_list.c ****   fh = u8g2_GetAscent(u8g2) - u8g2_GetDescent(u8g2) ;
  99              		.loc 1 83 0
 100 0052 99F98F40 		ldrsb	r4, [r9, #143]
 101 0056 1C1B     		subs	r4, r3, r4
 102 0058 A4B2     		uxth	r4, r4
 103              	.LVL13:
  84:u8g2_lib/u8g2_selection_list.c **** 
  85:u8g2_lib/u8g2_selection_list.c ****   /* draw the box, if inverted */
  86:u8g2_lib/u8g2_selection_list.c ****   u8g2_SetDrawColor(u8g2, 1);
 104              		.loc 1 86 0
 105 005a 0121     		movs	r1, #1
 106 005c 4846     		mov	r0, r9
 107              	.LVL14:
 108 005e FFF7FEFF 		bl	u8g2_SetDrawColor
 109              	.LVL15:
  87:u8g2_lib/u8g2_selection_list.c ****   if ( is_invert )
 110              		.loc 1 87 0
 111 0062 BBF1000F 		cmp	fp, #0
 112 0066 06D0     		beq	.L3
  88:u8g2_lib/u8g2_selection_list.c ****   {
  89:u8g2_lib/u8g2_selection_list.c ****     u8g2_DrawBox(u8g2, fx, fy, fw, fh);
 113              		.loc 1 89 0
 114 0068 0094     		str	r4, [sp]
 115 006a 2B46     		mov	r3, r5
 116 006c 3246     		mov	r2, r6
 117 006e 0299     		ldr	r1, [sp, #8]
 118 0070 4846     		mov	r0, r9
 119 0072 FFF7FEFF 		bl	u8g2_DrawBox
 120              	.LVL16:
 121              	.L3:
  67:u8g2_lib/u8g2_selection_list.c ****   if ( str_width < w )
 122              		.loc 1 67 0
 123 0076 DDF80880 		ldr	r8, [sp, #8]
 124 007a 12E0     		b	.L4
 125              	.LVL17:
 126              	.L5:
  90:u8g2_lib/u8g2_selection_list.c ****   }
  91:u8g2_lib/u8g2_selection_list.c **** 
  92:u8g2_lib/u8g2_selection_list.c ****   /* draw the frame */
  93:u8g2_lib/u8g2_selection_list.c ****   while( border_size > 0 )
  94:u8g2_lib/u8g2_selection_list.c ****   {
  95:u8g2_lib/u8g2_selection_list.c ****     fx--;
 127              		.loc 1 95 0
 128 007c 08F1FF38 		add	r8, r8, #-1
 129              	.LVL18:
 130 0080 1FFA88F8 		uxth	r8, r8
 131              	.LVL19:
  96:u8g2_lib/u8g2_selection_list.c ****     fy--;
ARM GAS  C:\Users\master\AppData\Local\Temp\cc6jgloZ.s 			page 5


 132              		.loc 1 96 0
 133 0084 013E     		subs	r6, r6, #1
 134              	.LVL20:
 135 0086 B6B2     		uxth	r6, r6
 136              	.LVL21:
  97:u8g2_lib/u8g2_selection_list.c ****     fw +=2;
 137              		.loc 1 97 0
 138 0088 0235     		adds	r5, r5, #2
 139              	.LVL22:
 140 008a ADB2     		uxth	r5, r5
 141              	.LVL23:
  98:u8g2_lib/u8g2_selection_list.c ****     fh +=2;
 142              		.loc 1 98 0
 143 008c 0234     		adds	r4, r4, #2
 144              	.LVL24:
 145 008e A4B2     		uxth	r4, r4
 146              	.LVL25:
  99:u8g2_lib/u8g2_selection_list.c ****     u8g2_DrawFrame(u8g2, fx, fy, fw, fh );
 147              		.loc 1 99 0
 148 0090 0094     		str	r4, [sp]
 149 0092 2B46     		mov	r3, r5
 150 0094 3246     		mov	r2, r6
 151 0096 4146     		mov	r1, r8
 152 0098 4846     		mov	r0, r9
 153 009a FFF7FEFF 		bl	u8g2_DrawFrame
 154              	.LVL26:
 100:u8g2_lib/u8g2_selection_list.c ****     border_size--;
 155              		.loc 1 100 0
 156 009e 013F     		subs	r7, r7, #1
 157              	.LVL27:
 158 00a0 FFB2     		uxtb	r7, r7
 159              	.LVL28:
 160              	.L4:
  93:u8g2_lib/u8g2_selection_list.c ****   {
 161              		.loc 1 93 0
 162 00a2 002F     		cmp	r7, #0
 163 00a4 EAD1     		bne	.L5
 101:u8g2_lib/u8g2_selection_list.c ****   }
 102:u8g2_lib/u8g2_selection_list.c **** 
 103:u8g2_lib/u8g2_selection_list.c ****   if ( is_invert )
 164              		.loc 1 103 0
 165 00a6 BBF1000F 		cmp	fp, #0
 166 00aa 04D0     		beq	.L6
 104:u8g2_lib/u8g2_selection_list.c ****   {
 105:u8g2_lib/u8g2_selection_list.c ****     u8g2_SetDrawColor(u8g2, 0);
 167              		.loc 1 105 0
 168 00ac 0021     		movs	r1, #0
 169 00ae 4846     		mov	r0, r9
 170 00b0 FFF7FEFF 		bl	u8g2_SetDrawColor
 171              	.LVL29:
 172 00b4 03E0     		b	.L7
 173              	.L6:
 106:u8g2_lib/u8g2_selection_list.c ****   }
 107:u8g2_lib/u8g2_selection_list.c ****   else
 108:u8g2_lib/u8g2_selection_list.c ****   {
 109:u8g2_lib/u8g2_selection_list.c ****     u8g2_SetDrawColor(u8g2, 1);
 174              		.loc 1 109 0
ARM GAS  C:\Users\master\AppData\Local\Temp\cc6jgloZ.s 			page 6


 175 00b6 0121     		movs	r1, #1
 176 00b8 4846     		mov	r0, r9
 177 00ba FFF7FEFF 		bl	u8g2_SetDrawColor
 178              	.LVL30:
 179              	.L7:
 110:u8g2_lib/u8g2_selection_list.c ****   }
 111:u8g2_lib/u8g2_selection_list.c **** 
 112:u8g2_lib/u8g2_selection_list.c ****   /* draw the text */
 113:u8g2_lib/u8g2_selection_list.c ****   u8g2_DrawUTF8(u8g2, x+d, y, s);
 180              		.loc 1 113 0
 181 00be 039B     		ldr	r3, [sp, #12]
 182 00c0 029A     		ldr	r2, [sp, #8]
 183 00c2 1344     		add	r3, r3, r2
 184 00c4 1946     		mov	r1, r3
 185 00c6 0E9B     		ldr	r3, [sp, #56]
 186 00c8 5246     		mov	r2, r10
 187 00ca 89B2     		uxth	r1, r1
 188 00cc 4846     		mov	r0, r9
 189 00ce FFF7FEFF 		bl	u8g2_DrawUTF8
 190              	.LVL31:
 114:u8g2_lib/u8g2_selection_list.c **** 
 115:u8g2_lib/u8g2_selection_list.c ****   /* revert draw color */
 116:u8g2_lib/u8g2_selection_list.c ****   u8g2_SetDrawColor(u8g2, 1);
 191              		.loc 1 116 0
 192 00d2 0121     		movs	r1, #1
 193 00d4 4846     		mov	r0, r9
 194 00d6 FFF7FEFF 		bl	u8g2_SetDrawColor
 195              	.LVL32:
 117:u8g2_lib/u8g2_selection_list.c **** 
 118:u8g2_lib/u8g2_selection_list.c **** }
 196              		.loc 1 118 0
 197 00da 05B0     		add	sp, sp, #20
 198              	.LCFI2:
 199              		.cfi_def_cfa_offset 36
 200              		@ sp needed
 201 00dc BDE8F08F 		pop	{r4, r5, r6, r7, r8, r9, r10, fp, pc}
 202              		.cfi_endproc
 203              	.LFE0:
 205              		.section	.text.u8g2_draw_selection_list_line,"ax",%progbits
 206              		.align	2
 207              		.thumb
 208              		.thumb_func
 210              	u8g2_draw_selection_list_line:
 211              	.LFB2:
 119:u8g2_lib/u8g2_selection_list.c **** 
 120:u8g2_lib/u8g2_selection_list.c **** 
 121:u8g2_lib/u8g2_selection_list.c **** /*
 122:u8g2_lib/u8g2_selection_list.c ****   draw several lines at position x,y.
 123:u8g2_lib/u8g2_selection_list.c ****   lines are stored in s and must be separated with '\n'.
 124:u8g2_lib/u8g2_selection_list.c ****   lines can be centered with respect to "w"
 125:u8g2_lib/u8g2_selection_list.c ****   if s == NULL nothing is drawn and 0 is returned
 126:u8g2_lib/u8g2_selection_list.c ****   returns the number of lines in s multiplied with line_height
 127:u8g2_lib/u8g2_selection_list.c **** */
 128:u8g2_lib/u8g2_selection_list.c **** u8g2_uint_t u8g2_DrawUTF8Lines(u8g2_t *u8g2, u8g2_uint_t x, u8g2_uint_t y, u8g2_uint_t w, u8g2_uint
 129:u8g2_lib/u8g2_selection_list.c **** {
 130:u8g2_lib/u8g2_selection_list.c ****   uint8_t i;
 131:u8g2_lib/u8g2_selection_list.c ****   uint8_t cnt;
ARM GAS  C:\Users\master\AppData\Local\Temp\cc6jgloZ.s 			page 7


 132:u8g2_lib/u8g2_selection_list.c ****   u8g2_uint_t yy = 0;
 133:u8g2_lib/u8g2_selection_list.c ****   cnt = u8x8_GetStringLineCnt(s);
 134:u8g2_lib/u8g2_selection_list.c ****   //printf("str=%s\n", s);
 135:u8g2_lib/u8g2_selection_list.c ****   //printf("cnt=%d, y=%d, line_height=%d\n", cnt, y, line_height);
 136:u8g2_lib/u8g2_selection_list.c ****   for( i = 0; i < cnt; i++ )
 137:u8g2_lib/u8g2_selection_list.c ****   {
 138:u8g2_lib/u8g2_selection_list.c ****     //printf("  i=%d, y=%d, line_height=%d\n", i, y, line_height);
 139:u8g2_lib/u8g2_selection_list.c ****     u8g2_DrawUTF8Line(u8g2, x, y, w, u8x8_GetStringLineStart(i, s), 0, 0);
 140:u8g2_lib/u8g2_selection_list.c ****     y+=line_height;
 141:u8g2_lib/u8g2_selection_list.c ****     yy+=line_height;
 142:u8g2_lib/u8g2_selection_list.c ****   }
 143:u8g2_lib/u8g2_selection_list.c ****   return yy;
 144:u8g2_lib/u8g2_selection_list.c **** }
 145:u8g2_lib/u8g2_selection_list.c **** 
 146:u8g2_lib/u8g2_selection_list.c **** /*
 147:u8g2_lib/u8g2_selection_list.c ****   selection list with string line
 148:u8g2_lib/u8g2_selection_list.c ****   returns line height
 149:u8g2_lib/u8g2_selection_list.c **** */
 150:u8g2_lib/u8g2_selection_list.c **** static u8g2_uint_t u8g2_draw_selection_list_line(u8g2_t *u8g2, u8sl_t *u8sl, u8g2_uint_t y, uint8_t
 151:u8g2_lib/u8g2_selection_list.c **** static u8g2_uint_t u8g2_draw_selection_list_line(u8g2_t *u8g2, u8sl_t *u8sl, u8g2_uint_t y, uint8_t
 152:u8g2_lib/u8g2_selection_list.c **** {
 212              		.loc 1 152 0
 213              		.cfi_startproc
 214              		@ args = 4, pretend = 0, frame = 0
 215              		@ frame_needed = 0, uses_anonymous_args = 0
 216              	.LVL33:
 217 0000 F0B5     		push	{r4, r5, r6, r7, lr}
 218              	.LCFI3:
 219              		.cfi_def_cfa_offset 20
 220              		.cfi_offset 4, -20
 221              		.cfi_offset 5, -16
 222              		.cfi_offset 6, -12
 223              		.cfi_offset 7, -8
 224              		.cfi_offset 14, -4
 225 0002 85B0     		sub	sp, sp, #20
 226              	.LCFI4:
 227              		.cfi_def_cfa_offset 40
 228 0004 0546     		mov	r5, r0
 229 0006 1646     		mov	r6, r2
 230              	.LVL34:
 153:u8g2_lib/u8g2_selection_list.c ****   u8g2_uint_t yy;
 154:u8g2_lib/u8g2_selection_list.c ****   uint8_t border_size = 0;
 155:u8g2_lib/u8g2_selection_list.c ****   uint8_t is_invert = 0;
 156:u8g2_lib/u8g2_selection_list.c **** 	
 157:u8g2_lib/u8g2_selection_list.c ****   u8g2_uint_t line_height = u8g2_GetAscent(u8g2) - u8g2_GetDescent(u8g2)+MY_BORDER_SIZE;
 231              		.loc 1 157 0
 232 0008 90F98E20 		ldrsb	r2, [r0, #142]
 233              	.LVL35:
 234 000c 90F98F40 		ldrsb	r4, [r0, #143]
 235 0010 141B     		subs	r4, r2, r4
 236 0012 0134     		adds	r4, r4, #1
 237 0014 A4B2     		uxth	r4, r4
 238              	.LVL36:
 158:u8g2_lib/u8g2_selection_list.c **** 
 159:u8g2_lib/u8g2_selection_list.c ****   /* calculate offset from display upper border */
 160:u8g2_lib/u8g2_selection_list.c ****   yy = idx;
 161:u8g2_lib/u8g2_selection_list.c ****   yy -= u8sl->first_pos;
ARM GAS  C:\Users\master\AppData\Local\Temp\cc6jgloZ.s 			page 8


 162:u8g2_lib/u8g2_selection_list.c ****   yy *= line_height;
 163:u8g2_lib/u8g2_selection_list.c ****   yy += y;
 164:u8g2_lib/u8g2_selection_list.c **** 
 165:u8g2_lib/u8g2_selection_list.c ****   /* check whether this is the current cursor line */
 166:u8g2_lib/u8g2_selection_list.c ****   if ( idx == u8sl->current_pos )
 239              		.loc 1 166 0
 240 0016 CA78     		ldrb	r2, [r1, #3]	@ zero_extendqisi2
 241 0018 9342     		cmp	r3, r2
 242 001a 01D0     		beq	.L13
 154:u8g2_lib/u8g2_selection_list.c ****   uint8_t is_invert = 0;
 243              		.loc 1 154 0
 244 001c 0027     		movs	r7, #0
 245 001e 00E0     		b	.L11
 246              	.L13:
 167:u8g2_lib/u8g2_selection_list.c ****   {
 168:u8g2_lib/u8g2_selection_list.c ****     border_size = MY_BORDER_SIZE;
 247              		.loc 1 168 0
 248 0020 0127     		movs	r7, #1
 249              	.L11:
 250              	.LVL37:
 169:u8g2_lib/u8g2_selection_list.c ****     is_invert = 1;
 170:u8g2_lib/u8g2_selection_list.c ****   }
 171:u8g2_lib/u8g2_selection_list.c **** 
 172:u8g2_lib/u8g2_selection_list.c ****   /* get the line from the array */
 173:u8g2_lib/u8g2_selection_list.c ****   s = u8x8_GetStringLineStart(idx, s);
 251              		.loc 1 173 0
 252 0022 0A99     		ldr	r1, [sp, #40]
 253              	.LVL38:
 254 0024 1846     		mov	r0, r3
 255              	.LVL39:
 256 0026 FFF7FEFF 		bl	u8x8_GetStringLineStart
 257              	.LVL40:
 174:u8g2_lib/u8g2_selection_list.c **** 
 175:u8g2_lib/u8g2_selection_list.c ****   /* draw the line */
 176:u8g2_lib/u8g2_selection_list.c ****   if ( s == NULL )
 258              		.loc 1 176 0
 259 002a 0246     		mov	r2, r0
 260 002c 00B9     		cbnz	r0, .L12
 177:u8g2_lib/u8g2_selection_list.c ****     s = "";
 261              		.loc 1 177 0
 262 002e 084A     		ldr	r2, .L16
 263              	.L12:
 264              	.LVL41:
 178:u8g2_lib/u8g2_selection_list.c ****   u8g2_DrawUTF8Line(u8g2, MY_BORDER_SIZE, y, u8g2_GetDisplayWidth(u8g2)-2*MY_BORDER_SIZE, s, border
 265              		.loc 1 178 0
 266 0030 B5F84430 		ldrh	r3, [r5, #68]
 267 0034 023B     		subs	r3, r3, #2
 268 0036 0297     		str	r7, [sp, #8]
 269 0038 0197     		str	r7, [sp, #4]
 270 003a 0092     		str	r2, [sp]
 271 003c 9BB2     		uxth	r3, r3
 272 003e 3246     		mov	r2, r6
 273              	.LVL42:
 274 0040 0121     		movs	r1, #1
 275 0042 2846     		mov	r0, r5
 276 0044 FFF7FEFF 		bl	u8g2_DrawUTF8Line
 277              	.LVL43:
ARM GAS  C:\Users\master\AppData\Local\Temp\cc6jgloZ.s 			page 9


 179:u8g2_lib/u8g2_selection_list.c ****   return line_height;
 180:u8g2_lib/u8g2_selection_list.c **** }
 278              		.loc 1 180 0
 279 0048 2046     		mov	r0, r4
 280 004a 05B0     		add	sp, sp, #20
 281              	.LCFI5:
 282              		.cfi_def_cfa_offset 20
 283              		@ sp needed
 284 004c F0BD     		pop	{r4, r5, r6, r7, pc}
 285              	.LVL44:
 286              	.L17:
 287 004e 00BF     		.align	2
 288              	.L16:
 289 0050 00000000 		.word	.LC0
 290              		.cfi_endproc
 291              	.LFE2:
 293              		.section	.text.u8g2_DrawUTF8Lines,"ax",%progbits
 294              		.align	2
 295              		.global	u8g2_DrawUTF8Lines
 296              		.thumb
 297              		.thumb_func
 299              	u8g2_DrawUTF8Lines:
 300              	.LFB1:
 129:u8g2_lib/u8g2_selection_list.c ****   uint8_t i;
 301              		.loc 1 129 0
 302              		.cfi_startproc
 303              		@ args = 8, pretend = 0, frame = 0
 304              		@ frame_needed = 0, uses_anonymous_args = 0
 305              	.LVL45:
 306 0000 2DE9F04F 		push	{r4, r5, r6, r7, r8, r9, r10, fp, lr}
 307              	.LCFI6:
 308              		.cfi_def_cfa_offset 36
 309              		.cfi_offset 4, -36
 310              		.cfi_offset 5, -32
 311              		.cfi_offset 6, -28
 312              		.cfi_offset 7, -24
 313              		.cfi_offset 8, -20
 314              		.cfi_offset 9, -16
 315              		.cfi_offset 10, -12
 316              		.cfi_offset 11, -8
 317              		.cfi_offset 14, -4
 318 0004 85B0     		sub	sp, sp, #20
 319              	.LCFI7:
 320              		.cfi_def_cfa_offset 56
 321 0006 8346     		mov	fp, r0
 322 0008 8A46     		mov	r10, r1
 323 000a 1546     		mov	r5, r2
 324 000c 9946     		mov	r9, r3
 325 000e BDF83870 		ldrh	r7, [sp, #56]
 326              	.LVL46:
 133:u8g2_lib/u8g2_selection_list.c ****   //printf("str=%s\n", s);
 327              		.loc 1 133 0
 328 0012 0F98     		ldr	r0, [sp, #60]
 329              	.LVL47:
 330 0014 FFF7FEFF 		bl	u8x8_GetStringLineCnt
 331              	.LVL48:
 332 0018 8046     		mov	r8, r0
ARM GAS  C:\Users\master\AppData\Local\Temp\cc6jgloZ.s 			page 10


 333              	.LVL49:
 132:u8g2_lib/u8g2_selection_list.c ****   cnt = u8x8_GetStringLineCnt(s);
 334              		.loc 1 132 0
 335 001a 0026     		movs	r6, #0
 136:u8g2_lib/u8g2_selection_list.c ****   {
 336              		.loc 1 136 0
 337 001c 3446     		mov	r4, r6
 338 001e 13E0     		b	.L19
 339              	.LVL50:
 340              	.L20:
 139:u8g2_lib/u8g2_selection_list.c ****     y+=line_height;
 341              		.loc 1 139 0 discriminator 3
 342 0020 0F99     		ldr	r1, [sp, #60]
 343 0022 2046     		mov	r0, r4
 344 0024 FFF7FEFF 		bl	u8x8_GetStringLineStart
 345              	.LVL51:
 346 0028 0023     		movs	r3, #0
 347 002a 0293     		str	r3, [sp, #8]
 348 002c 0193     		str	r3, [sp, #4]
 349 002e 0090     		str	r0, [sp]
 350 0030 4B46     		mov	r3, r9
 351 0032 2A46     		mov	r2, r5
 352 0034 5146     		mov	r1, r10
 353 0036 5846     		mov	r0, fp
 354 0038 FFF7FEFF 		bl	u8g2_DrawUTF8Line
 355              	.LVL52:
 140:u8g2_lib/u8g2_selection_list.c ****     yy+=line_height;
 356              		.loc 1 140 0 discriminator 3
 357 003c 3D44     		add	r5, r5, r7
 358              	.LVL53:
 359 003e ADB2     		uxth	r5, r5
 360              	.LVL54:
 141:u8g2_lib/u8g2_selection_list.c ****   }
 361              		.loc 1 141 0 discriminator 3
 362 0040 3E44     		add	r6, r6, r7
 363              	.LVL55:
 364 0042 B6B2     		uxth	r6, r6
 365              	.LVL56:
 136:u8g2_lib/u8g2_selection_list.c ****   {
 366              		.loc 1 136 0 discriminator 3
 367 0044 0134     		adds	r4, r4, #1
 368              	.LVL57:
 369 0046 E4B2     		uxtb	r4, r4
 370              	.LVL58:
 371              	.L19:
 136:u8g2_lib/u8g2_selection_list.c ****   {
 372              		.loc 1 136 0 is_stmt 0 discriminator 1
 373 0048 4445     		cmp	r4, r8
 374 004a E9D3     		bcc	.L20
 144:u8g2_lib/u8g2_selection_list.c **** 
 375              		.loc 1 144 0 is_stmt 1
 376 004c 3046     		mov	r0, r6
 377 004e 05B0     		add	sp, sp, #20
 378              	.LCFI8:
 379              		.cfi_def_cfa_offset 36
 380              		@ sp needed
 381 0050 BDE8F08F 		pop	{r4, r5, r6, r7, r8, r9, r10, fp, pc}
ARM GAS  C:\Users\master\AppData\Local\Temp\cc6jgloZ.s 			page 11


 382              		.cfi_endproc
 383              	.LFE1:
 385              		.section	.text.u8g2_DrawSelectionList,"ax",%progbits
 386              		.align	2
 387              		.global	u8g2_DrawSelectionList
 388              		.thumb
 389              		.thumb_func
 391              	u8g2_DrawSelectionList:
 392              	.LFB3:
 181:u8g2_lib/u8g2_selection_list.c **** 
 182:u8g2_lib/u8g2_selection_list.c **** void u8g2_DrawSelectionList(u8g2_t *u8g2, u8sl_t *u8sl, u8g2_uint_t y, const char *s)
 183:u8g2_lib/u8g2_selection_list.c **** {
 393              		.loc 1 183 0
 394              		.cfi_startproc
 395              		@ args = 0, pretend = 0, frame = 0
 396              		@ frame_needed = 0, uses_anonymous_args = 0
 397              	.LVL59:
 398 0000 2DE9F041 		push	{r4, r5, r6, r7, r8, lr}
 399              	.LCFI9:
 400              		.cfi_def_cfa_offset 24
 401              		.cfi_offset 4, -24
 402              		.cfi_offset 5, -20
 403              		.cfi_offset 6, -16
 404              		.cfi_offset 7, -12
 405              		.cfi_offset 8, -8
 406              		.cfi_offset 14, -4
 407 0004 82B0     		sub	sp, sp, #8
 408              	.LCFI10:
 409              		.cfi_def_cfa_offset 32
 410 0006 8046     		mov	r8, r0
 411 0008 0E46     		mov	r6, r1
 412 000a 1546     		mov	r5, r2
 413 000c 1F46     		mov	r7, r3
 414              	.LVL60:
 184:u8g2_lib/u8g2_selection_list.c ****   uint8_t i;
 185:u8g2_lib/u8g2_selection_list.c ****   for( i = 0; i < u8sl->visible; i++ )
 415              		.loc 1 185 0
 416 000e 0024     		movs	r4, #0
 417 0010 0CE0     		b	.L23
 418              	.LVL61:
 419              	.L24:
 186:u8g2_lib/u8g2_selection_list.c ****   {
 187:u8g2_lib/u8g2_selection_list.c ****     y += u8g2_draw_selection_list_line(u8g2, u8sl, y, i+u8sl->first_pos, s);
 420              		.loc 1 187 0 discriminator 3
 421 0012 B378     		ldrb	r3, [r6, #2]	@ zero_extendqisi2
 422 0014 2344     		add	r3, r3, r4
 423 0016 0097     		str	r7, [sp]
 424 0018 DBB2     		uxtb	r3, r3
 425 001a 2A46     		mov	r2, r5
 426 001c 3146     		mov	r1, r6
 427 001e 4046     		mov	r0, r8
 428 0020 FFF7FEFF 		bl	u8g2_draw_selection_list_line
 429              	.LVL62:
 430 0024 2844     		add	r0, r0, r5
 431 0026 85B2     		uxth	r5, r0
 432              	.LVL63:
 185:u8g2_lib/u8g2_selection_list.c ****   {
ARM GAS  C:\Users\master\AppData\Local\Temp\cc6jgloZ.s 			page 12


 433              		.loc 1 185 0 discriminator 3
 434 0028 0134     		adds	r4, r4, #1
 435              	.LVL64:
 436 002a E4B2     		uxtb	r4, r4
 437              	.LVL65:
 438              	.L23:
 185:u8g2_lib/u8g2_selection_list.c ****   {
 439              		.loc 1 185 0 is_stmt 0 discriminator 1
 440 002c 3378     		ldrb	r3, [r6]	@ zero_extendqisi2
 441 002e 9C42     		cmp	r4, r3
 442 0030 EFD3     		bcc	.L24
 188:u8g2_lib/u8g2_selection_list.c ****   }
 189:u8g2_lib/u8g2_selection_list.c **** }
 443              		.loc 1 189 0 is_stmt 1
 444 0032 02B0     		add	sp, sp, #8
 445              	.LCFI11:
 446              		.cfi_def_cfa_offset 24
 447              		@ sp needed
 448 0034 BDE8F081 		pop	{r4, r5, r6, r7, r8, pc}
 449              		.cfi_endproc
 450              	.LFE3:
 452              		.section	.text.u8g2_UserInterfaceSelectionList,"ax",%progbits
 453              		.align	2
 454              		.global	u8g2_UserInterfaceSelectionList
 455              		.thumb
 456              		.thumb_func
 458              	u8g2_UserInterfaceSelectionList:
 459              	.LFB4:
 190:u8g2_lib/u8g2_selection_list.c **** 
 191:u8g2_lib/u8g2_selection_list.c **** 
 192:u8g2_lib/u8g2_selection_list.c **** /*
 193:u8g2_lib/u8g2_selection_list.c ****   title: 		NULL for no title, valid str for title line. Can contain mutliple lines, separated by '\
 194:u8g2_lib/u8g2_selection_list.c ****   start_pos: 	default position for the cursor, first line is 1.
 195:u8g2_lib/u8g2_selection_list.c ****   sl:			string list (list of strings separated by \n)
 196:u8g2_lib/u8g2_selection_list.c ****   returns 0 if user has pressed the home key
 197:u8g2_lib/u8g2_selection_list.c ****   returns the selected line if user has pressed the select key
 198:u8g2_lib/u8g2_selection_list.c ****   side effects:
 199:u8g2_lib/u8g2_selection_list.c ****     u8g2_SetFontDirection(u8g2, 0);
 200:u8g2_lib/u8g2_selection_list.c ****     u8g2_SetFontPosBaseline(u8g2);
 201:u8g2_lib/u8g2_selection_list.c **** 	
 202:u8g2_lib/u8g2_selection_list.c **** */
 203:u8g2_lib/u8g2_selection_list.c **** uint8_t u8g2_UserInterfaceSelectionList(u8g2_t *u8g2, const char *title, uint8_t start_pos, const c
 204:u8g2_lib/u8g2_selection_list.c **** {
 460              		.loc 1 204 0
 461              		.cfi_startproc
 462              		@ args = 0, pretend = 0, frame = 8
 463              		@ frame_needed = 0, uses_anonymous_args = 0
 464              	.LVL66:
 465 0000 2DE9F043 		push	{r4, r5, r6, r7, r8, r9, lr}
 466              	.LCFI12:
 467              		.cfi_def_cfa_offset 28
 468              		.cfi_offset 4, -28
 469              		.cfi_offset 5, -24
 470              		.cfi_offset 6, -20
 471              		.cfi_offset 7, -16
 472              		.cfi_offset 8, -12
 473              		.cfi_offset 9, -8
ARM GAS  C:\Users\master\AppData\Local\Temp\cc6jgloZ.s 			page 13


 474              		.cfi_offset 14, -4
 475 0004 85B0     		sub	sp, sp, #20
 476              	.LCFI13:
 477              		.cfi_def_cfa_offset 48
 478 0006 0546     		mov	r5, r0
 479 0008 8946     		mov	r9, r1
 480 000a 1446     		mov	r4, r2
 481 000c 1F46     		mov	r7, r3
 205:u8g2_lib/u8g2_selection_list.c ****   u8sl_t u8sl;
 206:u8g2_lib/u8g2_selection_list.c ****   u8g2_uint_t yy;
 207:u8g2_lib/u8g2_selection_list.c **** 
 208:u8g2_lib/u8g2_selection_list.c ****   uint8_t event;
 209:u8g2_lib/u8g2_selection_list.c **** 
 210:u8g2_lib/u8g2_selection_list.c ****   u8g2_uint_t line_height = u8g2_GetAscent(u8g2) - u8g2_GetDescent(u8g2)+MY_BORDER_SIZE;
 482              		.loc 1 210 0
 483 000e 90F98E30 		ldrsb	r3, [r0, #142]
 484              	.LVL67:
 485 0012 90F98F80 		ldrsb	r8, [r0, #143]
 486 0016 C8EB0308 		rsb	r8, r8, r3
 487 001a 08F10108 		add	r8, r8, #1
 488 001e 1FFA88F8 		uxth	r8, r8
 489              	.LVL68:
 211:u8g2_lib/u8g2_selection_list.c **** 
 212:u8g2_lib/u8g2_selection_list.c ****   uint8_t title_lines = u8x8_GetStringLineCnt(title);
 490              		.loc 1 212 0
 491 0022 0846     		mov	r0, r1
 492              	.LVL69:
 493 0024 FFF7FEFF 		bl	u8x8_GetStringLineCnt
 494              	.LVL70:
 495 0028 0646     		mov	r6, r0
 496              	.LVL71:
 213:u8g2_lib/u8g2_selection_list.c ****   uint8_t display_lines;
 214:u8g2_lib/u8g2_selection_list.c **** 
 215:u8g2_lib/u8g2_selection_list.c ****   
 216:u8g2_lib/u8g2_selection_list.c ****   if ( start_pos > 0 )	/* issue 112 */
 497              		.loc 1 216 0
 498 002a 0CB1     		cbz	r4, .L27
 217:u8g2_lib/u8g2_selection_list.c ****     start_pos--;		/* issue 112 */
 499              		.loc 1 217 0
 500 002c 013C     		subs	r4, r4, #1
 501 002e E4B2     		uxtb	r4, r4
 502              	.LVL72:
 503              	.L27:
 218:u8g2_lib/u8g2_selection_list.c **** 
 219:u8g2_lib/u8g2_selection_list.c **** 
 220:u8g2_lib/u8g2_selection_list.c ****   if ( title_lines > 0 )
 504              		.loc 1 220 0
 505 0030 4EB1     		cbz	r6, .L28
 221:u8g2_lib/u8g2_selection_list.c ****   {
 222:u8g2_lib/u8g2_selection_list.c **** 	display_lines = (u8g2_GetDisplayHeight(u8g2)-3) / line_height;
 506              		.loc 1 222 0
 507 0032 B5F84630 		ldrh	r3, [r5, #70]
 508 0036 033B     		subs	r3, r3, #3
 509 0038 93FBF8F3 		sdiv	r3, r3, r8
 510 003c DBB2     		uxtb	r3, r3
 511              	.LVL73:
 223:u8g2_lib/u8g2_selection_list.c **** 	u8sl.visible = display_lines;
ARM GAS  C:\Users\master\AppData\Local\Temp\cc6jgloZ.s 			page 14


 224:u8g2_lib/u8g2_selection_list.c **** 	u8sl.visible -= title_lines;
 512              		.loc 1 224 0
 513 003e 9B1B     		subs	r3, r3, r6
 514              	.LVL74:
 515 0040 8DF80830 		strb	r3, [sp, #8]
 516 0044 05E0     		b	.L29
 517              	.LVL75:
 518              	.L28:
 225:u8g2_lib/u8g2_selection_list.c ****   }
 226:u8g2_lib/u8g2_selection_list.c ****   else
 227:u8g2_lib/u8g2_selection_list.c ****   {
 228:u8g2_lib/u8g2_selection_list.c **** 	display_lines = u8g2_GetDisplayHeight(u8g2) / line_height;
 519              		.loc 1 228 0
 520 0046 B5F84630 		ldrh	r3, [r5, #70]
 521 004a B3FBF8F3 		udiv	r3, r3, r8
 522              	.LVL76:
 229:u8g2_lib/u8g2_selection_list.c **** 	u8sl.visible = display_lines;
 523              		.loc 1 229 0
 524 004e 8DF80830 		strb	r3, [sp, #8]
 525              	.LVL77:
 526              	.L29:
 230:u8g2_lib/u8g2_selection_list.c ****   }
 231:u8g2_lib/u8g2_selection_list.c **** 
 232:u8g2_lib/u8g2_selection_list.c ****   u8sl.total = u8x8_GetStringLineCnt(sl);
 527              		.loc 1 232 0
 528 0052 3846     		mov	r0, r7
 529 0054 FFF7FEFF 		bl	u8x8_GetStringLineCnt
 530              	.LVL78:
 531 0058 8DF80900 		strb	r0, [sp, #9]
 233:u8g2_lib/u8g2_selection_list.c ****   u8sl.first_pos = 0;
 532              		.loc 1 233 0
 533 005c 0023     		movs	r3, #0
 534 005e 8DF80A30 		strb	r3, [sp, #10]
 234:u8g2_lib/u8g2_selection_list.c ****   u8sl.current_pos = start_pos;
 535              		.loc 1 234 0
 536 0062 8DF80B40 		strb	r4, [sp, #11]
 235:u8g2_lib/u8g2_selection_list.c **** 
 236:u8g2_lib/u8g2_selection_list.c ****   if ( u8sl.current_pos >= u8sl.total )
 537              		.loc 1 236 0
 538 0066 8442     		cmp	r4, r0
 539 0068 02D3     		bcc	.L30
 237:u8g2_lib/u8g2_selection_list.c ****     u8sl.current_pos = u8sl.total-1;
 540              		.loc 1 237 0
 541 006a 0138     		subs	r0, r0, #1
 542 006c 8DF80B00 		strb	r0, [sp, #11]
 543              	.L30:
 238:u8g2_lib/u8g2_selection_list.c ****   if ( u8sl.first_pos+u8sl.visible <= u8sl.current_pos )
 544              		.loc 1 238 0
 545 0070 9DF80820 		ldrb	r2, [sp, #8]	@ zero_extendqisi2
 546 0074 9DF80B30 		ldrb	r3, [sp, #11]	@ zero_extendqisi2
 547 0078 9A42     		cmp	r2, r3
 548 007a 03DC     		bgt	.L31
 239:u8g2_lib/u8g2_selection_list.c ****     u8sl.first_pos = u8sl.current_pos-u8sl.visible+1;
 549              		.loc 1 239 0
 550 007c 9B1A     		subs	r3, r3, r2
 551 007e 0133     		adds	r3, r3, #1
 552 0080 8DF80A30 		strb	r3, [sp, #10]
ARM GAS  C:\Users\master\AppData\Local\Temp\cc6jgloZ.s 			page 15


 553              	.L31:
 240:u8g2_lib/u8g2_selection_list.c **** 
 241:u8g2_lib/u8g2_selection_list.c ****   u8g2_SetFontPosBaseline(u8g2);
 554              		.loc 1 241 0
 555 0084 2846     		mov	r0, r5
 556 0086 FFF7FEFF 		bl	u8g2_SetFontPosBaseline
 557              	.LVL79:
 558              	.L32:
 242:u8g2_lib/u8g2_selection_list.c ****   
 243:u8g2_lib/u8g2_selection_list.c ****   for(;;)
 244:u8g2_lib/u8g2_selection_list.c ****   {
 245:u8g2_lib/u8g2_selection_list.c ****       u8g2_FirstPage(u8g2);
 559              		.loc 1 245 0
 560 008a 2846     		mov	r0, r5
 561 008c FFF7FEFF 		bl	u8g2_FirstPage
 562              	.LVL80:
 563              	.L34:
 246:u8g2_lib/u8g2_selection_list.c ****       do
 247:u8g2_lib/u8g2_selection_list.c ****       {
 248:u8g2_lib/u8g2_selection_list.c ****         yy = u8g2_GetAscent(u8g2);
 564              		.loc 1 248 0
 565 0090 95F98E40 		ldrsb	r4, [r5, #142]
 566 0094 A4B2     		uxth	r4, r4
 567              	.LVL81:
 249:u8g2_lib/u8g2_selection_list.c ****         if ( title_lines > 0 )
 568              		.loc 1 249 0
 569 0096 DEB1     		cbz	r6, .L33
 250:u8g2_lib/u8g2_selection_list.c ****         {
 251:u8g2_lib/u8g2_selection_list.c ****           yy += u8g2_DrawUTF8Lines(u8g2, 0, yy, u8g2_GetDisplayWidth(u8g2), line_height, title);
 570              		.loc 1 251 0
 571 0098 B5F84430 		ldrh	r3, [r5, #68]
 572 009c CDF80490 		str	r9, [sp, #4]
 573 00a0 CDF80080 		str	r8, [sp]
 574 00a4 2246     		mov	r2, r4
 575 00a6 0021     		movs	r1, #0
 576 00a8 2846     		mov	r0, r5
 577 00aa FFF7FEFF 		bl	u8g2_DrawUTF8Lines
 578              	.LVL82:
 579 00ae 2044     		add	r0, r0, r4
 580 00b0 84B2     		uxth	r4, r0
 581              	.LVL83:
 252:u8g2_lib/u8g2_selection_list.c **** 		
 253:u8g2_lib/u8g2_selection_list.c **** 	  u8g2_DrawHLine(u8g2, 0, yy-line_height- u8g2_GetDescent(u8g2) + 1, u8g2_GetDisplayWidth(u8g2));
 582              		.loc 1 253 0
 583 00b2 95F98F20 		ldrsb	r2, [r5, #143]
 584 00b6 C8EB0403 		rsb	r3, r8, r4
 585 00ba 9A1A     		subs	r2, r3, r2
 586 00bc 0132     		adds	r2, r2, #1
 587 00be B5F84430 		ldrh	r3, [r5, #68]
 588 00c2 92B2     		uxth	r2, r2
 589 00c4 0021     		movs	r1, #0
 590 00c6 2846     		mov	r0, r5
 591 00c8 FFF7FEFF 		bl	u8g2_DrawHLine
 592              	.LVL84:
 254:u8g2_lib/u8g2_selection_list.c **** 		
 255:u8g2_lib/u8g2_selection_list.c **** 	  yy += 3;
 593              		.loc 1 255 0
ARM GAS  C:\Users\master\AppData\Local\Temp\cc6jgloZ.s 			page 16


 594 00cc 0334     		adds	r4, r4, #3
 595              	.LVL85:
 596 00ce A4B2     		uxth	r4, r4
 597              	.LVL86:
 598              	.L33:
 256:u8g2_lib/u8g2_selection_list.c ****         }
 257:u8g2_lib/u8g2_selection_list.c ****         u8g2_DrawSelectionList(u8g2, &u8sl, yy, sl);
 599              		.loc 1 257 0
 600 00d0 3B46     		mov	r3, r7
 601 00d2 2246     		mov	r2, r4
 602 00d4 02A9     		add	r1, sp, #8
 603 00d6 2846     		mov	r0, r5
 604 00d8 FFF7FEFF 		bl	u8g2_DrawSelectionList
 605              	.LVL87:
 258:u8g2_lib/u8g2_selection_list.c ****       } while( u8g2_NextPage(u8g2) );
 606              		.loc 1 258 0
 607 00dc 2846     		mov	r0, r5
 608 00de FFF7FEFF 		bl	u8g2_NextPage
 609              	.LVL88:
 610 00e2 0446     		mov	r4, r0
 611              	.LVL89:
 612 00e4 0028     		cmp	r0, #0
 613 00e6 D3D1     		bne	.L34
 614              	.L41:
 259:u8g2_lib/u8g2_selection_list.c ****       
 260:u8g2_lib/u8g2_selection_list.c **** #ifdef U8G2_REF_MAN_PIC
 261:u8g2_lib/u8g2_selection_list.c ****       return 0;
 262:u8g2_lib/u8g2_selection_list.c **** #endif
 263:u8g2_lib/u8g2_selection_list.c **** 
 264:u8g2_lib/u8g2_selection_list.c **** 
 265:u8g2_lib/u8g2_selection_list.c ****       for(;;)
 266:u8g2_lib/u8g2_selection_list.c ****       {
 267:u8g2_lib/u8g2_selection_list.c ****         event = u8x8_GetMenuEvent(u8g2_GetU8x8(u8g2));
 615              		.loc 1 267 0
 616 00e8 2846     		mov	r0, r5
 617 00ea FFF7FEFF 		bl	u8x8_GetMenuEvent
 618              	.LVL90:
 268:u8g2_lib/u8g2_selection_list.c ****         if ( event == U8X8_MSG_GPIO_MENU_SELECT )
 619              		.loc 1 268 0
 620 00ee 5028     		cmp	r0, #80
 621 00f0 04D1     		bne	.L35
 269:u8g2_lib/u8g2_selection_list.c ****           return u8sl.current_pos+1;		/* +1, issue 112 */
 622              		.loc 1 269 0
 623 00f2 9DF80B40 		ldrb	r4, [sp, #11]	@ zero_extendqisi2
 624 00f6 0134     		adds	r4, r4, #1
 625 00f8 E4B2     		uxtb	r4, r4
 626 00fa 11E0     		b	.L36
 627              	.L35:
 270:u8g2_lib/u8g2_selection_list.c ****         else if ( event == U8X8_MSG_GPIO_MENU_HOME )
 628              		.loc 1 270 0
 629 00fc 5328     		cmp	r0, #83
 630 00fe 0FD0     		beq	.L36
 271:u8g2_lib/u8g2_selection_list.c ****           return 0;				/* issue 112: return 0 instead of start_pos */
 272:u8g2_lib/u8g2_selection_list.c ****         else if ( event == U8X8_MSG_GPIO_MENU_NEXT || event == U8X8_MSG_GPIO_MENU_DOWN )
 631              		.loc 1 272 0
 632 0100 5128     		cmp	r0, #81
 633 0102 01D0     		beq	.L37
ARM GAS  C:\Users\master\AppData\Local\Temp\cc6jgloZ.s 			page 17


 634              		.loc 1 272 0 is_stmt 0 discriminator 1
 635 0104 5528     		cmp	r0, #85
 636 0106 03D1     		bne	.L38
 637              	.L37:
 273:u8g2_lib/u8g2_selection_list.c ****         {
 274:u8g2_lib/u8g2_selection_list.c ****           u8sl_Next(&u8sl);
 638              		.loc 1 274 0 is_stmt 1
 639 0108 02A8     		add	r0, sp, #8
 640              	.LVL91:
 641 010a FFF7FEFF 		bl	u8sl_Next
 642              	.LVL92:
 275:u8g2_lib/u8g2_selection_list.c ****           break;
 643              		.loc 1 275 0
 644 010e BCE7     		b	.L32
 645              	.LVL93:
 646              	.L38:
 276:u8g2_lib/u8g2_selection_list.c ****         }
 277:u8g2_lib/u8g2_selection_list.c ****         else if ( event == U8X8_MSG_GPIO_MENU_PREV || event == U8X8_MSG_GPIO_MENU_UP )
 647              		.loc 1 277 0
 648 0110 5228     		cmp	r0, #82
 649 0112 01D0     		beq	.L40
 650              		.loc 1 277 0 is_stmt 0 discriminator 1
 651 0114 5428     		cmp	r0, #84
 652 0116 E7D1     		bne	.L41
 653              	.L40:
 278:u8g2_lib/u8g2_selection_list.c ****         {
 279:u8g2_lib/u8g2_selection_list.c ****           u8sl_Prev(&u8sl);
 654              		.loc 1 279 0 is_stmt 1
 655 0118 02A8     		add	r0, sp, #8
 656              	.LVL94:
 657 011a FFF7FEFF 		bl	u8sl_Prev
 658              	.LVL95:
 280:u8g2_lib/u8g2_selection_list.c ****           break;
 659              		.loc 1 280 0
 660 011e B4E7     		b	.L32
 661              	.LVL96:
 662              	.L36:
 281:u8g2_lib/u8g2_selection_list.c ****         }
 282:u8g2_lib/u8g2_selection_list.c ****       }
 283:u8g2_lib/u8g2_selection_list.c ****   }
 284:u8g2_lib/u8g2_selection_list.c **** }
 663              		.loc 1 284 0
 664 0120 2046     		mov	r0, r4
 665              	.LVL97:
 666 0122 05B0     		add	sp, sp, #20
 667              	.LCFI14:
 668              		.cfi_def_cfa_offset 28
 669              		@ sp needed
 670 0124 BDE8F083 		pop	{r4, r5, r6, r7, r8, r9, pc}
 671              		.cfi_endproc
 672              	.LFE4:
 674              		.section	.rodata.str1.4,"aMS",%progbits,1
 675              		.align	2
 676              	.LC0:
 677 0000 00       		.ascii	"\000"
 678              		.text
 679              	.Letext0:
ARM GAS  C:\Users\master\AppData\Local\Temp\cc6jgloZ.s 			page 18


 680              		.file 2 "c:\\program files (x86)\\gnu tools arm embedded\\5.4 2016q3\\arm-none-eabi\\include\\mach
 681              		.file 3 "c:\\program files (x86)\\gnu tools arm embedded\\5.4 2016q3\\arm-none-eabi\\include\\sys\
 682              		.file 4 "u8g2_lib/u8x8.h"
 683              		.file 5 "u8g2_lib/u8g2.h"
ARM GAS  C:\Users\master\AppData\Local\Temp\cc6jgloZ.s 			page 19


DEFINED SYMBOLS
                            *ABS*:00000000 u8g2_selection_list.c
C:\Users\master\AppData\Local\Temp\cc6jgloZ.s:20     .text.u8g2_DrawUTF8Line:00000000 $t
C:\Users\master\AppData\Local\Temp\cc6jgloZ.s:25     .text.u8g2_DrawUTF8Line:00000000 u8g2_DrawUTF8Line
C:\Users\master\AppData\Local\Temp\cc6jgloZ.s:206    .text.u8g2_draw_selection_list_line:00000000 $t
C:\Users\master\AppData\Local\Temp\cc6jgloZ.s:210    .text.u8g2_draw_selection_list_line:00000000 u8g2_draw_selection_list_line
C:\Users\master\AppData\Local\Temp\cc6jgloZ.s:289    .text.u8g2_draw_selection_list_line:00000050 $d
C:\Users\master\AppData\Local\Temp\cc6jgloZ.s:294    .text.u8g2_DrawUTF8Lines:00000000 $t
C:\Users\master\AppData\Local\Temp\cc6jgloZ.s:299    .text.u8g2_DrawUTF8Lines:00000000 u8g2_DrawUTF8Lines
C:\Users\master\AppData\Local\Temp\cc6jgloZ.s:386    .text.u8g2_DrawSelectionList:00000000 $t
C:\Users\master\AppData\Local\Temp\cc6jgloZ.s:391    .text.u8g2_DrawSelectionList:00000000 u8g2_DrawSelectionList
C:\Users\master\AppData\Local\Temp\cc6jgloZ.s:453    .text.u8g2_UserInterfaceSelectionList:00000000 $t
C:\Users\master\AppData\Local\Temp\cc6jgloZ.s:458    .text.u8g2_UserInterfaceSelectionList:00000000 u8g2_UserInterfaceSelectionList
C:\Users\master\AppData\Local\Temp\cc6jgloZ.s:675    .rodata.str1.4:00000000 $d
                     .debug_frame:00000010 $d

UNDEFINED SYMBOLS
u8g2_SetFontDirection
u8g2_GetUTF8Width
u8g2_SetDrawColor
u8g2_DrawBox
u8g2_DrawFrame
u8g2_DrawUTF8
u8x8_GetStringLineStart
u8x8_GetStringLineCnt
u8g2_SetFontPosBaseline
u8g2_FirstPage
u8g2_DrawHLine
u8g2_NextPage
u8x8_GetMenuEvent
u8sl_Next
u8sl_Prev
