ARM GAS  C:\Users\master\AppData\Local\Temp\ccHUkljF.s 			page 1


   1              		.syntax unified
   2              		.cpu cortex-m3
   3              		.fpu softvfp
   4              		.eabi_attribute 20, 1
   5              		.eabi_attribute 21, 1
   6              		.eabi_attribute 23, 3
   7              		.eabi_attribute 24, 1
   8              		.eabi_attribute 25, 1
   9              		.eabi_attribute 26, 1
  10              		.eabi_attribute 30, 1
  11              		.eabi_attribute 34, 1
  12              		.eabi_attribute 18, 4
  13              		.thumb
  14              		.syntax unified
  15              		.file	"u8g2_circle.c"
  16              		.text
  17              	.Ltext0:
  18              		.cfi_sections	.debug_frame
  19              		.section	.text.u8g2_draw_circle_section,"ax",%progbits
  20              		.align	2
  21              		.thumb
  22              		.thumb_func
  24              	u8g2_draw_circle_section:
  25              	.LFB0:
  26              		.file 1 "u8g2_lib/u8g2_circle.c"
   1:u8g2_lib/u8g2_circle.c **** /*
   2:u8g2_lib/u8g2_circle.c **** 
   3:u8g2_lib/u8g2_circle.c ****   u8g2_circle.c
   4:u8g2_lib/u8g2_circle.c **** 
   5:u8g2_lib/u8g2_circle.c ****   Universal 8bit Graphics Library (https://github.com/olikraus/u8g2/)
   6:u8g2_lib/u8g2_circle.c **** 
   7:u8g2_lib/u8g2_circle.c ****   Copyright (c) 2016, olikraus@gmail.com
   8:u8g2_lib/u8g2_circle.c ****   All rights reserved.
   9:u8g2_lib/u8g2_circle.c **** 
  10:u8g2_lib/u8g2_circle.c ****   Redistribution and use in source and binary forms, with or without modification, 
  11:u8g2_lib/u8g2_circle.c ****   are permitted provided that the following conditions are met:
  12:u8g2_lib/u8g2_circle.c **** 
  13:u8g2_lib/u8g2_circle.c ****   * Redistributions of source code must retain the above copyright notice, this list 
  14:u8g2_lib/u8g2_circle.c ****     of conditions and the following disclaimer.
  15:u8g2_lib/u8g2_circle.c ****     
  16:u8g2_lib/u8g2_circle.c ****   * Redistributions in binary form must reproduce the above copyright notice, this 
  17:u8g2_lib/u8g2_circle.c ****     list of conditions and the following disclaimer in the documentation and/or other 
  18:u8g2_lib/u8g2_circle.c ****     materials provided with the distribution.
  19:u8g2_lib/u8g2_circle.c **** 
  20:u8g2_lib/u8g2_circle.c ****   THIS SOFTWARE IS PROVIDED BY THE COPYRIGHT HOLDERS AND 
  21:u8g2_lib/u8g2_circle.c ****   CONTRIBUTORS "AS IS" AND ANY EXPRESS OR IMPLIED WARRANTIES, 
  22:u8g2_lib/u8g2_circle.c ****   INCLUDING, BUT NOT LIMITED TO, THE IMPLIED WARRANTIES OF 
  23:u8g2_lib/u8g2_circle.c ****   MERCHANTABILITY AND FITNESS FOR A PARTICULAR PURPOSE ARE 
  24:u8g2_lib/u8g2_circle.c ****   DISCLAIMED. IN NO EVENT SHALL THE COPYRIGHT HOLDER OR 
  25:u8g2_lib/u8g2_circle.c ****   CONTRIBUTORS BE LIABLE FOR ANY DIRECT, INDIRECT, INCIDENTAL, 
  26:u8g2_lib/u8g2_circle.c ****   SPECIAL, EXEMPLARY, OR CONSEQUENTIAL DAMAGES (INCLUDING, BUT 
  27:u8g2_lib/u8g2_circle.c ****   NOT LIMITED TO, PROCUREMENT OF SUBSTITUTE GOODS OR SERVICES; 
  28:u8g2_lib/u8g2_circle.c ****   LOSS OF USE, DATA, OR PROFITS; OR BUSINESS INTERRUPTION) HOWEVER 
  29:u8g2_lib/u8g2_circle.c ****   CAUSED AND ON ANY THEORY OF LIABILITY, WHETHER IN CONTRACT, 
  30:u8g2_lib/u8g2_circle.c ****   STRICT LIABILITY, OR TORT (INCLUDING NEGLIGENCE OR OTHERWISE) 
  31:u8g2_lib/u8g2_circle.c ****   ARISING IN ANY WAY OUT OF THE USE OF THIS SOFTWARE, EVEN IF 
  32:u8g2_lib/u8g2_circle.c ****   ADVISED OF THE POSSIBILITY OF SUCH DAMAGE.  
ARM GAS  C:\Users\master\AppData\Local\Temp\ccHUkljF.s 			page 2


  33:u8g2_lib/u8g2_circle.c **** 
  34:u8g2_lib/u8g2_circle.c **** */
  35:u8g2_lib/u8g2_circle.c **** 
  36:u8g2_lib/u8g2_circle.c **** #include "u8g2.h"
  37:u8g2_lib/u8g2_circle.c **** 
  38:u8g2_lib/u8g2_circle.c **** /*==============================================*/
  39:u8g2_lib/u8g2_circle.c **** /* Circle */
  40:u8g2_lib/u8g2_circle.c **** 
  41:u8g2_lib/u8g2_circle.c **** static void u8g2_draw_circle_section(u8g2_t *u8g2, u8g2_uint_t x, u8g2_uint_t y, u8g2_uint_t x0, u8
  42:u8g2_lib/u8g2_circle.c **** 
  43:u8g2_lib/u8g2_circle.c **** static void u8g2_draw_circle_section(u8g2_t *u8g2, u8g2_uint_t x, u8g2_uint_t y, u8g2_uint_t x0, u8
  44:u8g2_lib/u8g2_circle.c **** {
  27              		.loc 1 44 0
  28              		.cfi_startproc
  29              		@ args = 8, pretend = 0, frame = 0
  30              		@ frame_needed = 0, uses_anonymous_args = 0
  31              	.LVL0:
  32 0000 2DE9F843 		push	{r3, r4, r5, r6, r7, r8, r9, lr}
  33              	.LCFI0:
  34              		.cfi_def_cfa_offset 32
  35              		.cfi_offset 3, -32
  36              		.cfi_offset 4, -28
  37              		.cfi_offset 5, -24
  38              		.cfi_offset 6, -20
  39              		.cfi_offset 7, -16
  40              		.cfi_offset 8, -12
  41              		.cfi_offset 9, -8
  42              		.cfi_offset 14, -4
  43 0004 0746     		mov	r7, r0
  44 0006 8946     		mov	r9, r1
  45 0008 9046     		mov	r8, r2
  46 000a 1D46     		mov	r5, r3
  47 000c BDF82060 		ldrh	r6, [sp, #32]
  48 0010 9DF82440 		ldrb	r4, [sp, #36]	@ zero_extendqisi2
  45:u8g2_lib/u8g2_circle.c ****     /* upper right */
  46:u8g2_lib/u8g2_circle.c ****     if ( option & U8G2_DRAW_UPPER_RIGHT )
  49              		.loc 1 46 0
  50 0014 14F0010F 		tst	r4, #1
  51 0018 0ED0     		beq	.L2
  47:u8g2_lib/u8g2_circle.c ****     {
  48:u8g2_lib/u8g2_circle.c ****       u8g2_DrawPixel(u8g2, x0 + x, y0 - y);
  52              		.loc 1 48 0
  53 001a B21A     		subs	r2, r6, r2
  54              	.LVL1:
  55 001c 5918     		adds	r1, r3, r1
  56              	.LVL2:
  57 001e 92B2     		uxth	r2, r2
  58 0020 89B2     		uxth	r1, r1
  59 0022 FFF7FEFF 		bl	u8g2_DrawPixel
  60              	.LVL3:
  49:u8g2_lib/u8g2_circle.c ****       u8g2_DrawPixel(u8g2, x0 + y, y0 - x);
  61              		.loc 1 49 0
  62 0026 C9EB0602 		rsb	r2, r9, r6
  63 002a 05EB0801 		add	r1, r5, r8
  64 002e 92B2     		uxth	r2, r2
  65 0030 89B2     		uxth	r1, r1
  66 0032 3846     		mov	r0, r7
ARM GAS  C:\Users\master\AppData\Local\Temp\ccHUkljF.s 			page 3


  67 0034 FFF7FEFF 		bl	u8g2_DrawPixel
  68              	.LVL4:
  69              	.L2:
  50:u8g2_lib/u8g2_circle.c ****     }
  51:u8g2_lib/u8g2_circle.c ****     
  52:u8g2_lib/u8g2_circle.c ****     /* upper left */
  53:u8g2_lib/u8g2_circle.c ****     if ( option & U8G2_DRAW_UPPER_LEFT )
  70              		.loc 1 53 0
  71 0038 14F0020F 		tst	r4, #2
  72 003c 11D0     		beq	.L3
  54:u8g2_lib/u8g2_circle.c ****     {
  55:u8g2_lib/u8g2_circle.c ****       u8g2_DrawPixel(u8g2, x0 - x, y0 - y);
  73              		.loc 1 55 0
  74 003e C8EB0602 		rsb	r2, r8, r6
  75 0042 C9EB0501 		rsb	r1, r9, r5
  76 0046 92B2     		uxth	r2, r2
  77 0048 89B2     		uxth	r1, r1
  78 004a 3846     		mov	r0, r7
  79 004c FFF7FEFF 		bl	u8g2_DrawPixel
  80              	.LVL5:
  56:u8g2_lib/u8g2_circle.c ****       u8g2_DrawPixel(u8g2, x0 - y, y0 - x);
  81              		.loc 1 56 0
  82 0050 C9EB0602 		rsb	r2, r9, r6
  83 0054 C8EB0501 		rsb	r1, r8, r5
  84 0058 92B2     		uxth	r2, r2
  85 005a 89B2     		uxth	r1, r1
  86 005c 3846     		mov	r0, r7
  87 005e FFF7FEFF 		bl	u8g2_DrawPixel
  88              	.LVL6:
  89              	.L3:
  57:u8g2_lib/u8g2_circle.c ****     }
  58:u8g2_lib/u8g2_circle.c ****     
  59:u8g2_lib/u8g2_circle.c ****     /* lower right */
  60:u8g2_lib/u8g2_circle.c ****     if ( option & U8G2_DRAW_LOWER_RIGHT )
  90              		.loc 1 60 0
  91 0062 14F0080F 		tst	r4, #8
  92 0066 11D0     		beq	.L4
  61:u8g2_lib/u8g2_circle.c ****     {
  62:u8g2_lib/u8g2_circle.c ****       u8g2_DrawPixel(u8g2, x0 + x, y0 + y);
  93              		.loc 1 62 0
  94 0068 06EB0802 		add	r2, r6, r8
  95 006c 05EB0901 		add	r1, r5, r9
  96 0070 92B2     		uxth	r2, r2
  97 0072 89B2     		uxth	r1, r1
  98 0074 3846     		mov	r0, r7
  99 0076 FFF7FEFF 		bl	u8g2_DrawPixel
 100              	.LVL7:
  63:u8g2_lib/u8g2_circle.c ****       u8g2_DrawPixel(u8g2, x0 + y, y0 + x);
 101              		.loc 1 63 0
 102 007a 09EB0602 		add	r2, r9, r6
 103 007e 05EB0801 		add	r1, r5, r8
 104 0082 92B2     		uxth	r2, r2
 105 0084 89B2     		uxth	r1, r1
 106 0086 3846     		mov	r0, r7
 107 0088 FFF7FEFF 		bl	u8g2_DrawPixel
 108              	.LVL8:
 109              	.L4:
ARM GAS  C:\Users\master\AppData\Local\Temp\ccHUkljF.s 			page 4


  64:u8g2_lib/u8g2_circle.c ****     }
  65:u8g2_lib/u8g2_circle.c ****     
  66:u8g2_lib/u8g2_circle.c ****     /* lower left */
  67:u8g2_lib/u8g2_circle.c ****     if ( option & U8G2_DRAW_LOWER_LEFT )
 110              		.loc 1 67 0
 111 008c 14F0040F 		tst	r4, #4
 112 0090 11D0     		beq	.L1
  68:u8g2_lib/u8g2_circle.c ****     {
  69:u8g2_lib/u8g2_circle.c ****       u8g2_DrawPixel(u8g2, x0 - x, y0 + y);
 113              		.loc 1 69 0
 114 0092 06EB0802 		add	r2, r6, r8
 115 0096 C9EB0501 		rsb	r1, r9, r5
 116 009a 92B2     		uxth	r2, r2
 117 009c 89B2     		uxth	r1, r1
 118 009e 3846     		mov	r0, r7
 119 00a0 FFF7FEFF 		bl	u8g2_DrawPixel
 120              	.LVL9:
  70:u8g2_lib/u8g2_circle.c ****       u8g2_DrawPixel(u8g2, x0 - y, y0 + x);
 121              		.loc 1 70 0
 122 00a4 09EB0602 		add	r2, r9, r6
 123 00a8 C8EB0501 		rsb	r1, r8, r5
 124 00ac 92B2     		uxth	r2, r2
 125 00ae 89B2     		uxth	r1, r1
 126 00b0 3846     		mov	r0, r7
 127 00b2 FFF7FEFF 		bl	u8g2_DrawPixel
 128              	.LVL10:
 129              	.L1:
 130 00b6 BDE8F883 		pop	{r3, r4, r5, r6, r7, r8, r9, pc}
 131              		.cfi_endproc
 132              	.LFE0:
 134 00ba 00BF     		.section	.text.u8g2_draw_circle,"ax",%progbits
 135              		.align	2
 136              		.thumb
 137              		.thumb_func
 139              	u8g2_draw_circle:
 140              	.LFB1:
  71:u8g2_lib/u8g2_circle.c ****     }
  72:u8g2_lib/u8g2_circle.c **** }
  73:u8g2_lib/u8g2_circle.c **** 
  74:u8g2_lib/u8g2_circle.c **** static void u8g2_draw_circle(u8g2_t *u8g2, u8g2_uint_t x0, u8g2_uint_t y0, u8g2_uint_t rad, uint8_t
  75:u8g2_lib/u8g2_circle.c **** {
 141              		.loc 1 75 0
 142              		.cfi_startproc
 143              		@ args = 4, pretend = 0, frame = 8
 144              		@ frame_needed = 0, uses_anonymous_args = 0
 145              	.LVL11:
 146 0000 2DE9F04F 		push	{r4, r5, r6, r7, r8, r9, r10, fp, lr}
 147              	.LCFI1:
 148              		.cfi_def_cfa_offset 36
 149              		.cfi_offset 4, -36
 150              		.cfi_offset 5, -32
 151              		.cfi_offset 6, -28
 152              		.cfi_offset 7, -24
 153              		.cfi_offset 8, -20
 154              		.cfi_offset 9, -16
 155              		.cfi_offset 10, -12
 156              		.cfi_offset 11, -8
ARM GAS  C:\Users\master\AppData\Local\Temp\ccHUkljF.s 			page 5


 157              		.cfi_offset 14, -4
 158 0004 85B0     		sub	sp, sp, #20
 159              	.LCFI2:
 160              		.cfi_def_cfa_offset 56
 161 0006 0390     		str	r0, [sp, #12]
 162 0008 8946     		mov	r9, r1
 163 000a 9246     		mov	r10, r2
 164 000c 1F46     		mov	r7, r3
 165 000e 9DF838B0 		ldrb	fp, [sp, #56]	@ zero_extendqisi2
 166              	.LVL12:
  76:u8g2_lib/u8g2_circle.c ****     u8g2_int_t f;
  77:u8g2_lib/u8g2_circle.c ****     u8g2_int_t ddF_x;
  78:u8g2_lib/u8g2_circle.c ****     u8g2_int_t ddF_y;
  79:u8g2_lib/u8g2_circle.c ****     u8g2_uint_t x;
  80:u8g2_lib/u8g2_circle.c ****     u8g2_uint_t y;
  81:u8g2_lib/u8g2_circle.c **** 
  82:u8g2_lib/u8g2_circle.c ****     f = 1;
  83:u8g2_lib/u8g2_circle.c ****     f -= rad;
 167              		.loc 1 83 0
 168 0012 C3F10108 		rsb	r8, r3, #1
 169 0016 0FFA88F8 		sxth	r8, r8
 170              	.LVL13:
  84:u8g2_lib/u8g2_circle.c ****     ddF_x = 1;
  85:u8g2_lib/u8g2_circle.c ****     ddF_y = 0;
  86:u8g2_lib/u8g2_circle.c ****     ddF_y -= rad;
 171              		.loc 1 86 0
 172 001a 5D42     		negs	r5, r3
 173 001c ADB2     		uxth	r5, r5
 174              	.LVL14:
  87:u8g2_lib/u8g2_circle.c ****     ddF_y *= 2;
 175              		.loc 1 87 0
 176 001e 6D00     		lsls	r5, r5, #1
 177              	.LVL15:
 178 0020 2DB2     		sxth	r5, r5
 179              	.LVL16:
  88:u8g2_lib/u8g2_circle.c ****     x = 0;
  89:u8g2_lib/u8g2_circle.c ****     y = rad;
  90:u8g2_lib/u8g2_circle.c **** 
  91:u8g2_lib/u8g2_circle.c ****     u8g2_draw_circle_section(u8g2, x, y, x0, y0, option);
 180              		.loc 1 91 0
 181 0022 CDF804B0 		str	fp, [sp, #4]
 182 0026 0092     		str	r2, [sp]
 183 0028 0B46     		mov	r3, r1
 184              	.LVL17:
 185 002a 3A46     		mov	r2, r7
 186              	.LVL18:
 187 002c 0021     		movs	r1, #0
 188              	.LVL19:
 189 002e FFF7FEFF 		bl	u8g2_draw_circle_section
 190              	.LVL20:
  88:u8g2_lib/u8g2_circle.c ****     x = 0;
 191              		.loc 1 88 0
 192 0032 0026     		movs	r6, #0
  84:u8g2_lib/u8g2_circle.c ****     ddF_y = 0;
 193              		.loc 1 84 0
 194 0034 0124     		movs	r4, #1
  92:u8g2_lib/u8g2_circle.c ****     
ARM GAS  C:\Users\master\AppData\Local\Temp\ccHUkljF.s 			page 6


  93:u8g2_lib/u8g2_circle.c ****     while ( x < y )
 195              		.loc 1 93 0
 196 0036 1CE0     		b	.L8
 197              	.LVL21:
 198              	.L10:
  94:u8g2_lib/u8g2_circle.c ****     {
  95:u8g2_lib/u8g2_circle.c ****       if (f >= 0) 
 199              		.loc 1 95 0
 200 0038 B8F1000F 		cmp	r8, #0
 201 003c 07DB     		blt	.L9
  96:u8g2_lib/u8g2_circle.c ****       {
  97:u8g2_lib/u8g2_circle.c ****         y--;
 202              		.loc 1 97 0
 203 003e 013F     		subs	r7, r7, #1
 204              	.LVL22:
 205 0040 BFB2     		uxth	r7, r7
 206              	.LVL23:
  98:u8g2_lib/u8g2_circle.c ****         ddF_y += 2;
 207              		.loc 1 98 0
 208 0042 0235     		adds	r5, r5, #2
 209              	.LVL24:
 210 0044 ABB2     		uxth	r3, r5
 211 0046 1DB2     		sxth	r5, r3
 212              	.LVL25:
  99:u8g2_lib/u8g2_circle.c ****         f += ddF_y;
 213              		.loc 1 99 0
 214 0048 9844     		add	r8, r8, r3
 215              	.LVL26:
 216 004a 0FFA88F8 		sxth	r8, r8
 217              	.LVL27:
 218              	.L9:
 100:u8g2_lib/u8g2_circle.c ****       }
 101:u8g2_lib/u8g2_circle.c ****       x++;
 219              		.loc 1 101 0
 220 004e 0136     		adds	r6, r6, #1
 221              	.LVL28:
 222 0050 B6B2     		uxth	r6, r6
 223              	.LVL29:
 102:u8g2_lib/u8g2_circle.c ****       ddF_x += 2;
 224              		.loc 1 102 0
 225 0052 0234     		adds	r4, r4, #2
 226              	.LVL30:
 227 0054 A3B2     		uxth	r3, r4
 228 0056 1CB2     		sxth	r4, r3
 229              	.LVL31:
 103:u8g2_lib/u8g2_circle.c ****       f += ddF_x;
 230              		.loc 1 103 0
 231 0058 9844     		add	r8, r8, r3
 232              	.LVL32:
 233 005a 0FFA88F8 		sxth	r8, r8
 234              	.LVL33:
 104:u8g2_lib/u8g2_circle.c **** 
 105:u8g2_lib/u8g2_circle.c ****       u8g2_draw_circle_section(u8g2, x, y, x0, y0, option);    
 235              		.loc 1 105 0
 236 005e CDF804B0 		str	fp, [sp, #4]
 237 0062 CDF800A0 		str	r10, [sp]
 238 0066 4B46     		mov	r3, r9
ARM GAS  C:\Users\master\AppData\Local\Temp\ccHUkljF.s 			page 7


 239 0068 3A46     		mov	r2, r7
 240 006a 3146     		mov	r1, r6
 241 006c 0398     		ldr	r0, [sp, #12]
 242 006e FFF7FEFF 		bl	u8g2_draw_circle_section
 243              	.LVL34:
 244              	.L8:
  93:u8g2_lib/u8g2_circle.c ****     {
 245              		.loc 1 93 0
 246 0072 BE42     		cmp	r6, r7
 247 0074 E0D3     		bcc	.L10
 106:u8g2_lib/u8g2_circle.c ****     }
 107:u8g2_lib/u8g2_circle.c **** }
 248              		.loc 1 107 0
 249 0076 05B0     		add	sp, sp, #20
 250              	.LCFI3:
 251              		.cfi_def_cfa_offset 36
 252              		@ sp needed
 253 0078 BDE8F08F 		pop	{r4, r5, r6, r7, r8, r9, r10, fp, pc}
 254              		.cfi_endproc
 255              	.LFE1:
 257              		.section	.text.u8g2_draw_ellipse_section,"ax",%progbits
 258              		.align	2
 259              		.thumb
 260              		.thumb_func
 262              	u8g2_draw_ellipse_section:
 263              	.LFB6:
 108:u8g2_lib/u8g2_circle.c **** 
 109:u8g2_lib/u8g2_circle.c **** void u8g2_DrawCircle(u8g2_t *u8g2, u8g2_uint_t x0, u8g2_uint_t y0, u8g2_uint_t rad, uint8_t option)
 110:u8g2_lib/u8g2_circle.c **** {
 111:u8g2_lib/u8g2_circle.c ****   /* check for bounding box */
 112:u8g2_lib/u8g2_circle.c **** #ifdef U8G2_WITH_INTERSECTION
 113:u8g2_lib/u8g2_circle.c ****   {
 114:u8g2_lib/u8g2_circle.c ****     if ( u8g2_IsIntersection(u8g2, x0-rad, y0-rad, x0+rad+1, y0+rad+1) == 0 ) 
 115:u8g2_lib/u8g2_circle.c ****       return;
 116:u8g2_lib/u8g2_circle.c ****   }
 117:u8g2_lib/u8g2_circle.c **** #endif /* U8G2_WITH_INTERSECTION */
 118:u8g2_lib/u8g2_circle.c ****   
 119:u8g2_lib/u8g2_circle.c ****   
 120:u8g2_lib/u8g2_circle.c ****   /* draw circle */
 121:u8g2_lib/u8g2_circle.c ****   u8g2_draw_circle(u8g2, x0, y0, rad, option);
 122:u8g2_lib/u8g2_circle.c **** }
 123:u8g2_lib/u8g2_circle.c **** 
 124:u8g2_lib/u8g2_circle.c **** /*==============================================*/
 125:u8g2_lib/u8g2_circle.c **** /* Disk */
 126:u8g2_lib/u8g2_circle.c **** 
 127:u8g2_lib/u8g2_circle.c **** static void u8g2_draw_disc_section(u8g2_t *u8g2, u8g2_uint_t x, u8g2_uint_t y, u8g2_uint_t x0, u8g2
 128:u8g2_lib/u8g2_circle.c **** 
 129:u8g2_lib/u8g2_circle.c **** static void u8g2_draw_disc_section(u8g2_t *u8g2, u8g2_uint_t x, u8g2_uint_t y, u8g2_uint_t x0, u8g2
 130:u8g2_lib/u8g2_circle.c **** {
 131:u8g2_lib/u8g2_circle.c ****     /* upper right */
 132:u8g2_lib/u8g2_circle.c ****     if ( option & U8G2_DRAW_UPPER_RIGHT )
 133:u8g2_lib/u8g2_circle.c ****     {
 134:u8g2_lib/u8g2_circle.c ****       u8g2_DrawVLine(u8g2, x0+x, y0-y, y+1);
 135:u8g2_lib/u8g2_circle.c ****       u8g2_DrawVLine(u8g2, x0+y, y0-x, x+1);
 136:u8g2_lib/u8g2_circle.c ****     }
 137:u8g2_lib/u8g2_circle.c ****     
 138:u8g2_lib/u8g2_circle.c ****     /* upper left */
ARM GAS  C:\Users\master\AppData\Local\Temp\ccHUkljF.s 			page 8


 139:u8g2_lib/u8g2_circle.c ****     if ( option & U8G2_DRAW_UPPER_LEFT )
 140:u8g2_lib/u8g2_circle.c ****     {
 141:u8g2_lib/u8g2_circle.c ****       u8g2_DrawVLine(u8g2, x0-x, y0-y, y+1);
 142:u8g2_lib/u8g2_circle.c ****       u8g2_DrawVLine(u8g2, x0-y, y0-x, x+1);
 143:u8g2_lib/u8g2_circle.c ****     }
 144:u8g2_lib/u8g2_circle.c ****     
 145:u8g2_lib/u8g2_circle.c ****     /* lower right */
 146:u8g2_lib/u8g2_circle.c ****     if ( option & U8G2_DRAW_LOWER_RIGHT )
 147:u8g2_lib/u8g2_circle.c ****     {
 148:u8g2_lib/u8g2_circle.c ****       u8g2_DrawVLine(u8g2, x0+x, y0, y+1);
 149:u8g2_lib/u8g2_circle.c ****       u8g2_DrawVLine(u8g2, x0+y, y0, x+1);
 150:u8g2_lib/u8g2_circle.c ****     }
 151:u8g2_lib/u8g2_circle.c ****     
 152:u8g2_lib/u8g2_circle.c ****     /* lower left */
 153:u8g2_lib/u8g2_circle.c ****     if ( option & U8G2_DRAW_LOWER_LEFT )
 154:u8g2_lib/u8g2_circle.c ****     {
 155:u8g2_lib/u8g2_circle.c ****       u8g2_DrawVLine(u8g2, x0-x, y0, y+1);
 156:u8g2_lib/u8g2_circle.c ****       u8g2_DrawVLine(u8g2, x0-y, y0, x+1);
 157:u8g2_lib/u8g2_circle.c ****     }
 158:u8g2_lib/u8g2_circle.c **** }
 159:u8g2_lib/u8g2_circle.c **** 
 160:u8g2_lib/u8g2_circle.c **** static void u8g2_draw_disc(u8g2_t *u8g2, u8g2_uint_t x0, u8g2_uint_t y0, u8g2_uint_t rad, uint8_t o
 161:u8g2_lib/u8g2_circle.c **** {
 162:u8g2_lib/u8g2_circle.c ****   u8g2_int_t f;
 163:u8g2_lib/u8g2_circle.c ****   u8g2_int_t ddF_x;
 164:u8g2_lib/u8g2_circle.c ****   u8g2_int_t ddF_y;
 165:u8g2_lib/u8g2_circle.c ****   u8g2_uint_t x;
 166:u8g2_lib/u8g2_circle.c ****   u8g2_uint_t y;
 167:u8g2_lib/u8g2_circle.c **** 
 168:u8g2_lib/u8g2_circle.c ****   f = 1;
 169:u8g2_lib/u8g2_circle.c ****   f -= rad;
 170:u8g2_lib/u8g2_circle.c ****   ddF_x = 1;
 171:u8g2_lib/u8g2_circle.c ****   ddF_y = 0;
 172:u8g2_lib/u8g2_circle.c ****   ddF_y -= rad;
 173:u8g2_lib/u8g2_circle.c ****   ddF_y *= 2;
 174:u8g2_lib/u8g2_circle.c ****   x = 0;
 175:u8g2_lib/u8g2_circle.c ****   y = rad;
 176:u8g2_lib/u8g2_circle.c **** 
 177:u8g2_lib/u8g2_circle.c ****   u8g2_draw_disc_section(u8g2, x, y, x0, y0, option);
 178:u8g2_lib/u8g2_circle.c ****   
 179:u8g2_lib/u8g2_circle.c ****   while ( x < y )
 180:u8g2_lib/u8g2_circle.c ****   {
 181:u8g2_lib/u8g2_circle.c ****     if (f >= 0) 
 182:u8g2_lib/u8g2_circle.c ****     {
 183:u8g2_lib/u8g2_circle.c ****       y--;
 184:u8g2_lib/u8g2_circle.c ****       ddF_y += 2;
 185:u8g2_lib/u8g2_circle.c ****       f += ddF_y;
 186:u8g2_lib/u8g2_circle.c ****     }
 187:u8g2_lib/u8g2_circle.c ****     x++;
 188:u8g2_lib/u8g2_circle.c ****     ddF_x += 2;
 189:u8g2_lib/u8g2_circle.c ****     f += ddF_x;
 190:u8g2_lib/u8g2_circle.c **** 
 191:u8g2_lib/u8g2_circle.c ****     u8g2_draw_disc_section(u8g2, x, y, x0, y0, option);    
 192:u8g2_lib/u8g2_circle.c ****   }
 193:u8g2_lib/u8g2_circle.c **** }
 194:u8g2_lib/u8g2_circle.c **** 
 195:u8g2_lib/u8g2_circle.c **** void u8g2_DrawDisc(u8g2_t *u8g2, u8g2_uint_t x0, u8g2_uint_t y0, u8g2_uint_t rad, uint8_t option)
ARM GAS  C:\Users\master\AppData\Local\Temp\ccHUkljF.s 			page 9


 196:u8g2_lib/u8g2_circle.c **** {
 197:u8g2_lib/u8g2_circle.c ****   /* check for bounding box */
 198:u8g2_lib/u8g2_circle.c **** #ifdef U8G2_WITH_INTERSECTION
 199:u8g2_lib/u8g2_circle.c ****   {
 200:u8g2_lib/u8g2_circle.c ****     if ( u8g2_IsIntersection(u8g2, x0-rad, y0-rad, x0+rad+1, y0+rad+1) == 0 ) 
 201:u8g2_lib/u8g2_circle.c ****       return;
 202:u8g2_lib/u8g2_circle.c ****   }
 203:u8g2_lib/u8g2_circle.c **** #endif /* U8G2_WITH_INTERSECTION */
 204:u8g2_lib/u8g2_circle.c ****   
 205:u8g2_lib/u8g2_circle.c ****   /* draw disc */
 206:u8g2_lib/u8g2_circle.c ****   u8g2_draw_disc(u8g2, x0, y0, rad, option);
 207:u8g2_lib/u8g2_circle.c **** }
 208:u8g2_lib/u8g2_circle.c **** 
 209:u8g2_lib/u8g2_circle.c **** /*==============================================*/
 210:u8g2_lib/u8g2_circle.c **** /* Ellipse */
 211:u8g2_lib/u8g2_circle.c **** 
 212:u8g2_lib/u8g2_circle.c **** /*
 213:u8g2_lib/u8g2_circle.c ****   Source: 
 214:u8g2_lib/u8g2_circle.c ****     Foley, Computer Graphics, p 90
 215:u8g2_lib/u8g2_circle.c **** */
 216:u8g2_lib/u8g2_circle.c **** static void u8g2_draw_ellipse_section(u8g2_t *u8g2, u8g2_uint_t x, u8g2_uint_t y, u8g2_uint_t x0, u
 217:u8g2_lib/u8g2_circle.c **** static void u8g2_draw_ellipse_section(u8g2_t *u8g2, u8g2_uint_t x, u8g2_uint_t y, u8g2_uint_t x0, u
 218:u8g2_lib/u8g2_circle.c **** {
 264              		.loc 1 218 0
 265              		.cfi_startproc
 266              		@ args = 8, pretend = 0, frame = 0
 267              		@ frame_needed = 0, uses_anonymous_args = 0
 268              	.LVL35:
 269 0000 2DE9F843 		push	{r3, r4, r5, r6, r7, r8, r9, lr}
 270              	.LCFI4:
 271              		.cfi_def_cfa_offset 32
 272              		.cfi_offset 3, -32
 273              		.cfi_offset 4, -28
 274              		.cfi_offset 5, -24
 275              		.cfi_offset 6, -20
 276              		.cfi_offset 7, -16
 277              		.cfi_offset 8, -12
 278              		.cfi_offset 9, -8
 279              		.cfi_offset 14, -4
 280 0004 0746     		mov	r7, r0
 281 0006 8846     		mov	r8, r1
 282 0008 1646     		mov	r6, r2
 283 000a 1D46     		mov	r5, r3
 284 000c BDF82090 		ldrh	r9, [sp, #32]
 285 0010 9DF82440 		ldrb	r4, [sp, #36]	@ zero_extendqisi2
 219:u8g2_lib/u8g2_circle.c ****     /* upper right */
 220:u8g2_lib/u8g2_circle.c ****     if ( option & U8G2_DRAW_UPPER_RIGHT )
 286              		.loc 1 220 0
 287 0014 14F0010F 		tst	r4, #1
 288 0018 06D0     		beq	.L13
 221:u8g2_lib/u8g2_circle.c ****     {
 222:u8g2_lib/u8g2_circle.c ****       u8g2_DrawPixel(u8g2, x0 + x, y0 - y);
 289              		.loc 1 222 0
 290 001a C2EB0902 		rsb	r2, r2, r9
 291              	.LVL36:
 292 001e 5918     		adds	r1, r3, r1
 293              	.LVL37:
ARM GAS  C:\Users\master\AppData\Local\Temp\ccHUkljF.s 			page 10


 294 0020 92B2     		uxth	r2, r2
 295 0022 89B2     		uxth	r1, r1
 296 0024 FFF7FEFF 		bl	u8g2_DrawPixel
 297              	.LVL38:
 298              	.L13:
 223:u8g2_lib/u8g2_circle.c ****     }
 224:u8g2_lib/u8g2_circle.c ****     
 225:u8g2_lib/u8g2_circle.c ****     /* upper left */
 226:u8g2_lib/u8g2_circle.c ****     if ( option & U8G2_DRAW_UPPER_LEFT )
 299              		.loc 1 226 0
 300 0028 14F0020F 		tst	r4, #2
 301 002c 08D0     		beq	.L14
 227:u8g2_lib/u8g2_circle.c ****     {
 228:u8g2_lib/u8g2_circle.c ****       u8g2_DrawPixel(u8g2, x0 - x, y0 - y);
 302              		.loc 1 228 0
 303 002e C6EB0902 		rsb	r2, r6, r9
 304 0032 C8EB0501 		rsb	r1, r8, r5
 305 0036 92B2     		uxth	r2, r2
 306 0038 89B2     		uxth	r1, r1
 307 003a 3846     		mov	r0, r7
 308 003c FFF7FEFF 		bl	u8g2_DrawPixel
 309              	.LVL39:
 310              	.L14:
 229:u8g2_lib/u8g2_circle.c ****     }
 230:u8g2_lib/u8g2_circle.c ****     
 231:u8g2_lib/u8g2_circle.c ****     /* lower right */
 232:u8g2_lib/u8g2_circle.c ****     if ( option & U8G2_DRAW_LOWER_RIGHT )
 311              		.loc 1 232 0
 312 0040 14F0080F 		tst	r4, #8
 313 0044 08D0     		beq	.L15
 233:u8g2_lib/u8g2_circle.c ****     {
 234:u8g2_lib/u8g2_circle.c ****       u8g2_DrawPixel(u8g2, x0 + x, y0 + y);
 314              		.loc 1 234 0
 315 0046 09EB0602 		add	r2, r9, r6
 316 004a 05EB0801 		add	r1, r5, r8
 317 004e 92B2     		uxth	r2, r2
 318 0050 89B2     		uxth	r1, r1
 319 0052 3846     		mov	r0, r7
 320 0054 FFF7FEFF 		bl	u8g2_DrawPixel
 321              	.LVL40:
 322              	.L15:
 235:u8g2_lib/u8g2_circle.c ****     }
 236:u8g2_lib/u8g2_circle.c ****     
 237:u8g2_lib/u8g2_circle.c ****     /* lower left */
 238:u8g2_lib/u8g2_circle.c ****     if ( option & U8G2_DRAW_LOWER_LEFT )
 323              		.loc 1 238 0
 324 0058 14F0040F 		tst	r4, #4
 325 005c 08D0     		beq	.L12
 239:u8g2_lib/u8g2_circle.c ****     {
 240:u8g2_lib/u8g2_circle.c ****       u8g2_DrawPixel(u8g2, x0 - x, y0 + y);
 326              		.loc 1 240 0
 327 005e 09EB0602 		add	r2, r9, r6
 328 0062 C8EB0501 		rsb	r1, r8, r5
 329 0066 92B2     		uxth	r2, r2
 330 0068 89B2     		uxth	r1, r1
 331 006a 3846     		mov	r0, r7
 332 006c FFF7FEFF 		bl	u8g2_DrawPixel
ARM GAS  C:\Users\master\AppData\Local\Temp\ccHUkljF.s 			page 11


 333              	.LVL41:
 334              	.L12:
 335 0070 BDE8F883 		pop	{r3, r4, r5, r6, r7, r8, r9, pc}
 336              		.cfi_endproc
 337              	.LFE6:
 339              		.section	.text.u8g2_draw_ellipse,"ax",%progbits
 340              		.align	2
 341              		.thumb
 342              		.thumb_func
 344              	u8g2_draw_ellipse:
 345              	.LFB7:
 241:u8g2_lib/u8g2_circle.c ****     }
 242:u8g2_lib/u8g2_circle.c **** }
 243:u8g2_lib/u8g2_circle.c **** 
 244:u8g2_lib/u8g2_circle.c **** static void u8g2_draw_ellipse(u8g2_t *u8g2, u8g2_uint_t x0, u8g2_uint_t y0, u8g2_uint_t rx, u8g2_ui
 245:u8g2_lib/u8g2_circle.c **** {
 346              		.loc 1 245 0
 347              		.cfi_startproc
 348              		@ args = 8, pretend = 0, frame = 40
 349              		@ frame_needed = 0, uses_anonymous_args = 0
 350              	.LVL42:
 351 0000 2DE9F04F 		push	{r4, r5, r6, r7, r8, r9, r10, fp, lr}
 352              	.LCFI5:
 353              		.cfi_def_cfa_offset 36
 354              		.cfi_offset 4, -36
 355              		.cfi_offset 5, -32
 356              		.cfi_offset 6, -28
 357              		.cfi_offset 7, -24
 358              		.cfi_offset 8, -20
 359              		.cfi_offset 9, -16
 360              		.cfi_offset 10, -12
 361              		.cfi_offset 11, -8
 362              		.cfi_offset 14, -4
 363 0004 8DB0     		sub	sp, sp, #52
 364              	.LCFI6:
 365              		.cfi_def_cfa_offset 88
 366 0006 0690     		str	r0, [sp, #24]
 367 0008 0791     		str	r1, [sp, #28]
 368 000a 0892     		str	r2, [sp, #32]
 369 000c 1846     		mov	r0, r3
 370              	.LVL43:
 371 000e 0493     		str	r3, [sp, #16]
 372 0010 BDF85820 		ldrh	r2, [sp, #88]
 373              	.LVL44:
 374 0014 0592     		str	r2, [sp, #20]
 375 0016 9DF85C10 		ldrb	r1, [sp, #92]	@ zero_extendqisi2
 376              	.LVL45:
 377 001a 0991     		str	r1, [sp, #36]
 246:u8g2_lib/u8g2_circle.c ****   u8g2_uint_t x, y;
 247:u8g2_lib/u8g2_circle.c ****   u8g2_long_t xchg, ychg;
 248:u8g2_lib/u8g2_circle.c ****   u8g2_long_t err;
 249:u8g2_lib/u8g2_circle.c ****   u8g2_long_t rxrx2;
 250:u8g2_lib/u8g2_circle.c ****   u8g2_long_t ryry2;
 251:u8g2_lib/u8g2_circle.c ****   u8g2_long_t stopx, stopy;
 252:u8g2_lib/u8g2_circle.c ****   
 253:u8g2_lib/u8g2_circle.c ****   rxrx2 = rx;
 378              		.loc 1 253 0
ARM GAS  C:\Users\master\AppData\Local\Temp\ccHUkljF.s 			page 12


 379 001c 0A93     		str	r3, [sp, #40]
 380              	.LVL46:
 254:u8g2_lib/u8g2_circle.c ****   rxrx2 *= rx;
 381              		.loc 1 254 0
 382 001e 03FB03FA 		mul	r10, r3, r3
 383              	.LVL47:
 255:u8g2_lib/u8g2_circle.c ****   rxrx2 *= 2;
 384              		.loc 1 255 0
 385 0022 4FEA4A06 		lsl	r6, r10, #1
 386              	.LVL48:
 256:u8g2_lib/u8g2_circle.c ****   
 257:u8g2_lib/u8g2_circle.c ****   ryry2 = ry;
 387              		.loc 1 257 0
 388 0026 0B92     		str	r2, [sp, #44]
 389              	.LVL49:
 258:u8g2_lib/u8g2_circle.c ****   ryry2 *= ry;
 390              		.loc 1 258 0
 391 0028 02FB02F9 		mul	r9, r2, r2
 392              	.LVL50:
 259:u8g2_lib/u8g2_circle.c ****   ryry2 *= 2;
 393              		.loc 1 259 0
 394 002c 4FEA4907 		lsl	r7, r9, #1
 395              	.LVL51:
 260:u8g2_lib/u8g2_circle.c ****   
 261:u8g2_lib/u8g2_circle.c ****   x = rx;
 262:u8g2_lib/u8g2_circle.c ****   y = 0;
 263:u8g2_lib/u8g2_circle.c ****   
 264:u8g2_lib/u8g2_circle.c ****   xchg = 1;
 265:u8g2_lib/u8g2_circle.c ****   xchg -= rx;
 396              		.loc 1 265 0
 397 0030 C0F10105 		rsb	r5, r0, #1
 398              	.LVL52:
 266:u8g2_lib/u8g2_circle.c ****   xchg -= rx;
 399              		.loc 1 266 0
 400 0034 2D1A     		subs	r5, r5, r0
 401              	.LVL53:
 267:u8g2_lib/u8g2_circle.c ****   xchg *= ry;
 402              		.loc 1 267 0
 403 0036 05FB02F5 		mul	r5, r5, r2
 404              	.LVL54:
 268:u8g2_lib/u8g2_circle.c ****   xchg *= ry;
 405              		.loc 1 268 0
 406 003a 05FB02F5 		mul	r5, r5, r2
 407              	.LVL55:
 269:u8g2_lib/u8g2_circle.c ****   
 270:u8g2_lib/u8g2_circle.c ****   ychg = rx;
 271:u8g2_lib/u8g2_circle.c ****   ychg *= rx;
 272:u8g2_lib/u8g2_circle.c ****   
 273:u8g2_lib/u8g2_circle.c ****   err = 0;
 274:u8g2_lib/u8g2_circle.c ****   
 275:u8g2_lib/u8g2_circle.c ****   stopx = ryry2;
 276:u8g2_lib/u8g2_circle.c ****   stopx *= rx;
 408              		.loc 1 276 0
 409 003e 07FB00FB 		mul	fp, r7, r0
 410              	.LVL56:
 277:u8g2_lib/u8g2_circle.c ****   stopy = 0;
 411              		.loc 1 277 0
ARM GAS  C:\Users\master\AppData\Local\Temp\ccHUkljF.s 			page 13


 412 0042 4FF00008 		mov	r8, #0
 273:u8g2_lib/u8g2_circle.c ****   
 413              		.loc 1 273 0
 414 0046 4446     		mov	r4, r8
 262:u8g2_lib/u8g2_circle.c ****   
 415              		.loc 1 262 0
 416 0048 CDF80C80 		str	r8, [sp, #12]
 278:u8g2_lib/u8g2_circle.c ****   
 279:u8g2_lib/u8g2_circle.c ****   while( stopx >= stopy )
 417              		.loc 1 279 0
 418 004c 1CE0     		b	.L19
 419              	.LVL57:
 420              	.L21:
 280:u8g2_lib/u8g2_circle.c ****   {
 281:u8g2_lib/u8g2_circle.c ****     u8g2_draw_ellipse_section(u8g2, x, y, x0, y0, option);
 421              		.loc 1 281 0
 422 004e 099B     		ldr	r3, [sp, #36]
 423 0050 0193     		str	r3, [sp, #4]
 424 0052 089B     		ldr	r3, [sp, #32]
 425 0054 0093     		str	r3, [sp]
 426 0056 079B     		ldr	r3, [sp, #28]
 427 0058 039A     		ldr	r2, [sp, #12]
 428 005a 0499     		ldr	r1, [sp, #16]
 429 005c 0698     		ldr	r0, [sp, #24]
 430 005e FFF7FEFF 		bl	u8g2_draw_ellipse_section
 431              	.LVL58:
 282:u8g2_lib/u8g2_circle.c ****     y++;
 432              		.loc 1 282 0
 433 0062 039B     		ldr	r3, [sp, #12]
 434 0064 0133     		adds	r3, r3, #1
 435 0066 9BB2     		uxth	r3, r3
 436 0068 0393     		str	r3, [sp, #12]
 437              	.LVL59:
 283:u8g2_lib/u8g2_circle.c ****     stopy += rxrx2;
 438              		.loc 1 283 0
 439 006a B044     		add	r8, r8, r6
 440              	.LVL60:
 284:u8g2_lib/u8g2_circle.c ****     err += ychg;
 441              		.loc 1 284 0
 442 006c 5444     		add	r4, r4, r10
 443              	.LVL61:
 285:u8g2_lib/u8g2_circle.c ****     ychg += rxrx2;
 444              		.loc 1 285 0
 445 006e B244     		add	r10, r10, r6
 446              	.LVL62:
 286:u8g2_lib/u8g2_circle.c ****     if ( 2*err+xchg > 0 )
 447              		.loc 1 286 0
 448 0070 05EB4403 		add	r3, r5, r4, lsl #1
 449 0074 002B     		cmp	r3, #0
 450 0076 07DD     		ble	.L19
 287:u8g2_lib/u8g2_circle.c ****     {
 288:u8g2_lib/u8g2_circle.c ****       x--;
 451              		.loc 1 288 0
 452 0078 049B     		ldr	r3, [sp, #16]
 453 007a 013B     		subs	r3, r3, #1
 454 007c 9BB2     		uxth	r3, r3
 455 007e 0493     		str	r3, [sp, #16]
ARM GAS  C:\Users\master\AppData\Local\Temp\ccHUkljF.s 			page 14


 456              	.LVL63:
 289:u8g2_lib/u8g2_circle.c ****       stopx -= ryry2;
 457              		.loc 1 289 0
 458 0080 C7EB0B0B 		rsb	fp, r7, fp
 459              	.LVL64:
 290:u8g2_lib/u8g2_circle.c ****       err += xchg;
 460              		.loc 1 290 0
 461 0084 2C44     		add	r4, r4, r5
 462              	.LVL65:
 291:u8g2_lib/u8g2_circle.c ****       xchg += ryry2;      
 463              		.loc 1 291 0
 464 0086 3D44     		add	r5, r5, r7
 465              	.LVL66:
 466              	.L19:
 279:u8g2_lib/u8g2_circle.c ****   {
 467              		.loc 1 279 0
 468 0088 C345     		cmp	fp, r8
 469 008a E0DA     		bge	.L21
 470              	.LVL67:
 292:u8g2_lib/u8g2_circle.c ****     }
 293:u8g2_lib/u8g2_circle.c ****   }
 294:u8g2_lib/u8g2_circle.c **** 
 295:u8g2_lib/u8g2_circle.c ****   x = 0;
 296:u8g2_lib/u8g2_circle.c ****   y = ry;
 297:u8g2_lib/u8g2_circle.c ****   
 298:u8g2_lib/u8g2_circle.c ****   xchg = ry;
 299:u8g2_lib/u8g2_circle.c ****   xchg *= ry;
 300:u8g2_lib/u8g2_circle.c ****   
 301:u8g2_lib/u8g2_circle.c ****   ychg = 1;
 302:u8g2_lib/u8g2_circle.c ****   ychg -= ry;
 471              		.loc 1 302 0
 472 008c 0B9A     		ldr	r2, [sp, #44]
 473 008e 1346     		mov	r3, r2
 474 0090 C2F10108 		rsb	r8, r2, #1
 475              	.LVL68:
 303:u8g2_lib/u8g2_circle.c ****   ychg -= ry;
 476              		.loc 1 303 0
 477 0094 C2EB0808 		rsb	r8, r2, r8
 478              	.LVL69:
 304:u8g2_lib/u8g2_circle.c ****   ychg *= rx;
 479              		.loc 1 304 0
 480 0098 0A99     		ldr	r1, [sp, #40]
 481 009a 08FB01F8 		mul	r8, r8, r1
 482              	.LVL70:
 305:u8g2_lib/u8g2_circle.c ****   ychg *= rx;
 483              		.loc 1 305 0
 484 009e 08FB01F8 		mul	r8, r8, r1
 485              	.LVL71:
 306:u8g2_lib/u8g2_circle.c ****   
 307:u8g2_lib/u8g2_circle.c ****   err = 0;
 308:u8g2_lib/u8g2_circle.c ****   
 309:u8g2_lib/u8g2_circle.c ****   stopx = 0;
 310:u8g2_lib/u8g2_circle.c **** 
 311:u8g2_lib/u8g2_circle.c ****   stopy = rxrx2;
 312:u8g2_lib/u8g2_circle.c ****   stopy *= ry;
 486              		.loc 1 312 0
 487 00a2 03FB06FB 		mul	fp, r3, r6
ARM GAS  C:\Users\master\AppData\Local\Temp\ccHUkljF.s 			page 15


 488              	.LVL72:
 309:u8g2_lib/u8g2_circle.c **** 
 489              		.loc 1 309 0
 490 00a6 4FF0000A 		mov	r10, #0
 307:u8g2_lib/u8g2_circle.c ****   
 491              		.loc 1 307 0
 492 00aa 5546     		mov	r5, r10
 295:u8g2_lib/u8g2_circle.c ****   y = ry;
 493              		.loc 1 295 0
 494 00ac 5446     		mov	r4, r10
 313:u8g2_lib/u8g2_circle.c ****   
 314:u8g2_lib/u8g2_circle.c **** 
 315:u8g2_lib/u8g2_circle.c ****   while( stopx <= stopy )
 495              		.loc 1 315 0
 496 00ae 1AE0     		b	.L22
 497              	.LVL73:
 498              	.L24:
 316:u8g2_lib/u8g2_circle.c ****   {
 317:u8g2_lib/u8g2_circle.c ****     u8g2_draw_ellipse_section(u8g2, x, y, x0, y0, option);
 499              		.loc 1 317 0
 500 00b0 099B     		ldr	r3, [sp, #36]
 501 00b2 0193     		str	r3, [sp, #4]
 502 00b4 089B     		ldr	r3, [sp, #32]
 503 00b6 0093     		str	r3, [sp]
 504 00b8 079B     		ldr	r3, [sp, #28]
 505 00ba 059A     		ldr	r2, [sp, #20]
 506 00bc 2146     		mov	r1, r4
 507 00be 0698     		ldr	r0, [sp, #24]
 508 00c0 FFF7FEFF 		bl	u8g2_draw_ellipse_section
 509              	.LVL74:
 318:u8g2_lib/u8g2_circle.c ****     x++;
 510              		.loc 1 318 0
 511 00c4 0134     		adds	r4, r4, #1
 512              	.LVL75:
 513 00c6 A4B2     		uxth	r4, r4
 514              	.LVL76:
 319:u8g2_lib/u8g2_circle.c ****     stopx += ryry2;
 515              		.loc 1 319 0
 516 00c8 BA44     		add	r10, r10, r7
 517              	.LVL77:
 320:u8g2_lib/u8g2_circle.c ****     err += xchg;
 518              		.loc 1 320 0
 519 00ca 4D44     		add	r5, r5, r9
 520              	.LVL78:
 321:u8g2_lib/u8g2_circle.c ****     xchg += ryry2;
 521              		.loc 1 321 0
 522 00cc B944     		add	r9, r9, r7
 523              	.LVL79:
 322:u8g2_lib/u8g2_circle.c ****     if ( 2*err+ychg > 0 )
 524              		.loc 1 322 0
 525 00ce 08EB4503 		add	r3, r8, r5, lsl #1
 526 00d2 002B     		cmp	r3, #0
 527 00d4 07DD     		ble	.L22
 323:u8g2_lib/u8g2_circle.c ****     {
 324:u8g2_lib/u8g2_circle.c ****       y--;
 528              		.loc 1 324 0
 529 00d6 059B     		ldr	r3, [sp, #20]
ARM GAS  C:\Users\master\AppData\Local\Temp\ccHUkljF.s 			page 16


 530 00d8 013B     		subs	r3, r3, #1
 531 00da 9BB2     		uxth	r3, r3
 532 00dc 0593     		str	r3, [sp, #20]
 533              	.LVL80:
 325:u8g2_lib/u8g2_circle.c ****       stopy -= rxrx2;
 534              		.loc 1 325 0
 535 00de C6EB0B0B 		rsb	fp, r6, fp
 536              	.LVL81:
 326:u8g2_lib/u8g2_circle.c ****       err += ychg;
 537              		.loc 1 326 0
 538 00e2 4544     		add	r5, r5, r8
 539              	.LVL82:
 327:u8g2_lib/u8g2_circle.c ****       ychg += rxrx2;
 540              		.loc 1 327 0
 541 00e4 B044     		add	r8, r8, r6
 542              	.LVL83:
 543              	.L22:
 315:u8g2_lib/u8g2_circle.c ****   {
 544              		.loc 1 315 0
 545 00e6 DA45     		cmp	r10, fp
 546 00e8 E2DD     		ble	.L24
 328:u8g2_lib/u8g2_circle.c ****     }
 329:u8g2_lib/u8g2_circle.c ****   }
 330:u8g2_lib/u8g2_circle.c ****   
 331:u8g2_lib/u8g2_circle.c **** }
 547              		.loc 1 331 0
 548 00ea 0DB0     		add	sp, sp, #52
 549              	.LCFI7:
 550              		.cfi_def_cfa_offset 36
 551              		@ sp needed
 552 00ec BDE8F08F 		pop	{r4, r5, r6, r7, r8, r9, r10, fp, pc}
 553              		.cfi_endproc
 554              	.LFE7:
 556              		.section	.text.u8g2_draw_disc_section,"ax",%progbits
 557              		.align	2
 558              		.thumb
 559              		.thumb_func
 561              	u8g2_draw_disc_section:
 562              	.LFB3:
 130:u8g2_lib/u8g2_circle.c ****     /* upper right */
 563              		.loc 1 130 0
 564              		.cfi_startproc
 565              		@ args = 8, pretend = 0, frame = 0
 566              		@ frame_needed = 0, uses_anonymous_args = 0
 567              	.LVL84:
 568 0000 2DE9F843 		push	{r3, r4, r5, r6, r7, r8, r9, lr}
 569              	.LCFI8:
 570              		.cfi_def_cfa_offset 32
 571              		.cfi_offset 3, -32
 572              		.cfi_offset 4, -28
 573              		.cfi_offset 5, -24
 574              		.cfi_offset 6, -20
 575              		.cfi_offset 7, -16
 576              		.cfi_offset 8, -12
 577              		.cfi_offset 9, -8
 578              		.cfi_offset 14, -4
 579 0004 8046     		mov	r8, r0
ARM GAS  C:\Users\master\AppData\Local\Temp\ccHUkljF.s 			page 17


 580 0006 0D46     		mov	r5, r1
 581 0008 1746     		mov	r7, r2
 582 000a 1E46     		mov	r6, r3
 583 000c BDF82090 		ldrh	r9, [sp, #32]
 584 0010 9DF82440 		ldrb	r4, [sp, #36]	@ zero_extendqisi2
 132:u8g2_lib/u8g2_circle.c ****     {
 585              		.loc 1 132 0
 586 0014 14F0010F 		tst	r4, #1
 587 0018 12D0     		beq	.L27
 134:u8g2_lib/u8g2_circle.c ****       u8g2_DrawVLine(u8g2, x0+y, y0-x, x+1);
 588              		.loc 1 134 0
 589 001a 531C     		adds	r3, r2, #1
 590              	.LVL85:
 591 001c C2EB0902 		rsb	r2, r2, r9
 592              	.LVL86:
 593 0020 7118     		adds	r1, r6, r1
 594              	.LVL87:
 595 0022 9BB2     		uxth	r3, r3
 596 0024 92B2     		uxth	r2, r2
 597 0026 89B2     		uxth	r1, r1
 598 0028 FFF7FEFF 		bl	u8g2_DrawVLine
 599              	.LVL88:
 135:u8g2_lib/u8g2_circle.c ****     }
 600              		.loc 1 135 0
 601 002c 6B1C     		adds	r3, r5, #1
 602 002e C5EB0902 		rsb	r2, r5, r9
 603 0032 F119     		adds	r1, r6, r7
 604 0034 9BB2     		uxth	r3, r3
 605 0036 92B2     		uxth	r2, r2
 606 0038 89B2     		uxth	r1, r1
 607 003a 4046     		mov	r0, r8
 608 003c FFF7FEFF 		bl	u8g2_DrawVLine
 609              	.LVL89:
 610              	.L27:
 139:u8g2_lib/u8g2_circle.c ****     {
 611              		.loc 1 139 0
 612 0040 14F0020F 		tst	r4, #2
 613 0044 13D0     		beq	.L28
 141:u8g2_lib/u8g2_circle.c ****       u8g2_DrawVLine(u8g2, x0-y, y0-x, x+1);
 614              		.loc 1 141 0
 615 0046 7B1C     		adds	r3, r7, #1
 616 0048 C7EB0902 		rsb	r2, r7, r9
 617 004c 711B     		subs	r1, r6, r5
 618 004e 9BB2     		uxth	r3, r3
 619 0050 92B2     		uxth	r2, r2
 620 0052 89B2     		uxth	r1, r1
 621 0054 4046     		mov	r0, r8
 622 0056 FFF7FEFF 		bl	u8g2_DrawVLine
 623              	.LVL90:
 142:u8g2_lib/u8g2_circle.c ****     }
 624              		.loc 1 142 0
 625 005a 6B1C     		adds	r3, r5, #1
 626 005c C5EB0902 		rsb	r2, r5, r9
 627 0060 F11B     		subs	r1, r6, r7
 628 0062 9BB2     		uxth	r3, r3
 629 0064 92B2     		uxth	r2, r2
 630 0066 89B2     		uxth	r1, r1
ARM GAS  C:\Users\master\AppData\Local\Temp\ccHUkljF.s 			page 18


 631 0068 4046     		mov	r0, r8
 632 006a FFF7FEFF 		bl	u8g2_DrawVLine
 633              	.LVL91:
 634              	.L28:
 146:u8g2_lib/u8g2_circle.c ****     {
 635              		.loc 1 146 0
 636 006e 14F0080F 		tst	r4, #8
 637 0072 0FD0     		beq	.L29
 148:u8g2_lib/u8g2_circle.c ****       u8g2_DrawVLine(u8g2, x0+y, y0, x+1);
 638              		.loc 1 148 0
 639 0074 7B1C     		adds	r3, r7, #1
 640 0076 7119     		adds	r1, r6, r5
 641 0078 9BB2     		uxth	r3, r3
 642 007a 4A46     		mov	r2, r9
 643 007c 89B2     		uxth	r1, r1
 644 007e 4046     		mov	r0, r8
 645 0080 FFF7FEFF 		bl	u8g2_DrawVLine
 646              	.LVL92:
 149:u8g2_lib/u8g2_circle.c ****     }
 647              		.loc 1 149 0
 648 0084 6B1C     		adds	r3, r5, #1
 649 0086 F119     		adds	r1, r6, r7
 650 0088 9BB2     		uxth	r3, r3
 651 008a 4A46     		mov	r2, r9
 652 008c 89B2     		uxth	r1, r1
 653 008e 4046     		mov	r0, r8
 654 0090 FFF7FEFF 		bl	u8g2_DrawVLine
 655              	.LVL93:
 656              	.L29:
 153:u8g2_lib/u8g2_circle.c ****     {
 657              		.loc 1 153 0
 658 0094 14F0040F 		tst	r4, #4
 659 0098 0FD0     		beq	.L26
 155:u8g2_lib/u8g2_circle.c ****       u8g2_DrawVLine(u8g2, x0-y, y0, x+1);
 660              		.loc 1 155 0
 661 009a 7B1C     		adds	r3, r7, #1
 662 009c 711B     		subs	r1, r6, r5
 663 009e 9BB2     		uxth	r3, r3
 664 00a0 4A46     		mov	r2, r9
 665 00a2 89B2     		uxth	r1, r1
 666 00a4 4046     		mov	r0, r8
 667 00a6 FFF7FEFF 		bl	u8g2_DrawVLine
 668              	.LVL94:
 156:u8g2_lib/u8g2_circle.c ****     }
 669              		.loc 1 156 0
 670 00aa 6B1C     		adds	r3, r5, #1
 671 00ac F11B     		subs	r1, r6, r7
 672 00ae 9BB2     		uxth	r3, r3
 673 00b0 4A46     		mov	r2, r9
 674 00b2 89B2     		uxth	r1, r1
 675 00b4 4046     		mov	r0, r8
 676 00b6 FFF7FEFF 		bl	u8g2_DrawVLine
 677              	.LVL95:
 678              	.L26:
 679 00ba BDE8F883 		pop	{r3, r4, r5, r6, r7, r8, r9, pc}
 680              		.cfi_endproc
 681              	.LFE3:
ARM GAS  C:\Users\master\AppData\Local\Temp\ccHUkljF.s 			page 19


 683 00be 00BF     		.section	.text.u8g2_draw_disc,"ax",%progbits
 684              		.align	2
 685              		.thumb
 686              		.thumb_func
 688              	u8g2_draw_disc:
 689              	.LFB4:
 161:u8g2_lib/u8g2_circle.c ****   u8g2_int_t f;
 690              		.loc 1 161 0
 691              		.cfi_startproc
 692              		@ args = 4, pretend = 0, frame = 8
 693              		@ frame_needed = 0, uses_anonymous_args = 0
 694              	.LVL96:
 695 0000 2DE9F04F 		push	{r4, r5, r6, r7, r8, r9, r10, fp, lr}
 696              	.LCFI9:
 697              		.cfi_def_cfa_offset 36
 698              		.cfi_offset 4, -36
 699              		.cfi_offset 5, -32
 700              		.cfi_offset 6, -28
 701              		.cfi_offset 7, -24
 702              		.cfi_offset 8, -20
 703              		.cfi_offset 9, -16
 704              		.cfi_offset 10, -12
 705              		.cfi_offset 11, -8
 706              		.cfi_offset 14, -4
 707 0004 85B0     		sub	sp, sp, #20
 708              	.LCFI10:
 709              		.cfi_def_cfa_offset 56
 710 0006 0390     		str	r0, [sp, #12]
 711 0008 8946     		mov	r9, r1
 712 000a 9246     		mov	r10, r2
 713 000c 1F46     		mov	r7, r3
 714 000e 9DF838B0 		ldrb	fp, [sp, #56]	@ zero_extendqisi2
 715              	.LVL97:
 169:u8g2_lib/u8g2_circle.c ****   ddF_x = 1;
 716              		.loc 1 169 0
 717 0012 C3F10108 		rsb	r8, r3, #1
 718 0016 0FFA88F8 		sxth	r8, r8
 719              	.LVL98:
 172:u8g2_lib/u8g2_circle.c ****   ddF_y *= 2;
 720              		.loc 1 172 0
 721 001a 5D42     		negs	r5, r3
 722 001c ADB2     		uxth	r5, r5
 723              	.LVL99:
 173:u8g2_lib/u8g2_circle.c ****   x = 0;
 724              		.loc 1 173 0
 725 001e 6D00     		lsls	r5, r5, #1
 726              	.LVL100:
 727 0020 2DB2     		sxth	r5, r5
 728              	.LVL101:
 177:u8g2_lib/u8g2_circle.c ****   
 729              		.loc 1 177 0
 730 0022 CDF804B0 		str	fp, [sp, #4]
 731 0026 0092     		str	r2, [sp]
 732 0028 0B46     		mov	r3, r1
 733              	.LVL102:
 734 002a 3A46     		mov	r2, r7
 735              	.LVL103:
ARM GAS  C:\Users\master\AppData\Local\Temp\ccHUkljF.s 			page 20


 736 002c 0021     		movs	r1, #0
 737              	.LVL104:
 738 002e FFF7FEFF 		bl	u8g2_draw_disc_section
 739              	.LVL105:
 174:u8g2_lib/u8g2_circle.c ****   y = rad;
 740              		.loc 1 174 0
 741 0032 0026     		movs	r6, #0
 170:u8g2_lib/u8g2_circle.c ****   ddF_y = 0;
 742              		.loc 1 170 0
 743 0034 0124     		movs	r4, #1
 179:u8g2_lib/u8g2_circle.c ****   {
 744              		.loc 1 179 0
 745 0036 1CE0     		b	.L33
 746              	.LVL106:
 747              	.L35:
 181:u8g2_lib/u8g2_circle.c ****     {
 748              		.loc 1 181 0
 749 0038 B8F1000F 		cmp	r8, #0
 750 003c 07DB     		blt	.L34
 183:u8g2_lib/u8g2_circle.c ****       ddF_y += 2;
 751              		.loc 1 183 0
 752 003e 013F     		subs	r7, r7, #1
 753              	.LVL107:
 754 0040 BFB2     		uxth	r7, r7
 755              	.LVL108:
 184:u8g2_lib/u8g2_circle.c ****       f += ddF_y;
 756              		.loc 1 184 0
 757 0042 0235     		adds	r5, r5, #2
 758              	.LVL109:
 759 0044 ABB2     		uxth	r3, r5
 760 0046 1DB2     		sxth	r5, r3
 761              	.LVL110:
 185:u8g2_lib/u8g2_circle.c ****     }
 762              		.loc 1 185 0
 763 0048 9844     		add	r8, r8, r3
 764              	.LVL111:
 765 004a 0FFA88F8 		sxth	r8, r8
 766              	.LVL112:
 767              	.L34:
 187:u8g2_lib/u8g2_circle.c ****     ddF_x += 2;
 768              		.loc 1 187 0
 769 004e 0136     		adds	r6, r6, #1
 770              	.LVL113:
 771 0050 B6B2     		uxth	r6, r6
 772              	.LVL114:
 188:u8g2_lib/u8g2_circle.c ****     f += ddF_x;
 773              		.loc 1 188 0
 774 0052 0234     		adds	r4, r4, #2
 775              	.LVL115:
 776 0054 A3B2     		uxth	r3, r4
 777 0056 1CB2     		sxth	r4, r3
 778              	.LVL116:
 189:u8g2_lib/u8g2_circle.c **** 
 779              		.loc 1 189 0
 780 0058 9844     		add	r8, r8, r3
 781              	.LVL117:
 782 005a 0FFA88F8 		sxth	r8, r8
ARM GAS  C:\Users\master\AppData\Local\Temp\ccHUkljF.s 			page 21


 783              	.LVL118:
 191:u8g2_lib/u8g2_circle.c ****   }
 784              		.loc 1 191 0
 785 005e CDF804B0 		str	fp, [sp, #4]
 786 0062 CDF800A0 		str	r10, [sp]
 787 0066 4B46     		mov	r3, r9
 788 0068 3A46     		mov	r2, r7
 789 006a 3146     		mov	r1, r6
 790 006c 0398     		ldr	r0, [sp, #12]
 791 006e FFF7FEFF 		bl	u8g2_draw_disc_section
 792              	.LVL119:
 793              	.L33:
 179:u8g2_lib/u8g2_circle.c ****   {
 794              		.loc 1 179 0
 795 0072 BE42     		cmp	r6, r7
 796 0074 E0D3     		bcc	.L35
 193:u8g2_lib/u8g2_circle.c **** 
 797              		.loc 1 193 0
 798 0076 05B0     		add	sp, sp, #20
 799              	.LCFI11:
 800              		.cfi_def_cfa_offset 36
 801              		@ sp needed
 802 0078 BDE8F08F 		pop	{r4, r5, r6, r7, r8, r9, r10, fp, pc}
 803              		.cfi_endproc
 804              	.LFE4:
 806              		.section	.text.u8g2_draw_filled_ellipse_section,"ax",%progbits
 807              		.align	2
 808              		.thumb
 809              		.thumb_func
 811              	u8g2_draw_filled_ellipse_section:
 812              	.LFB9:
 332:u8g2_lib/u8g2_circle.c **** 
 333:u8g2_lib/u8g2_circle.c **** void u8g2_DrawEllipse(u8g2_t *u8g2, u8g2_uint_t x0, u8g2_uint_t y0, u8g2_uint_t rx, u8g2_uint_t ry,
 334:u8g2_lib/u8g2_circle.c **** {
 335:u8g2_lib/u8g2_circle.c ****   /* check for bounding box */
 336:u8g2_lib/u8g2_circle.c **** #ifdef U8G2_WITH_INTERSECTION
 337:u8g2_lib/u8g2_circle.c ****   {
 338:u8g2_lib/u8g2_circle.c ****     if ( u8g2_IsIntersection(u8g2, x0-rx, y0-ry, x0+rx+1, y0+ry+1) == 0 ) 
 339:u8g2_lib/u8g2_circle.c ****       return;
 340:u8g2_lib/u8g2_circle.c ****   }
 341:u8g2_lib/u8g2_circle.c **** #endif /* U8G2_WITH_INTERSECTION */
 342:u8g2_lib/u8g2_circle.c ****   
 343:u8g2_lib/u8g2_circle.c ****   u8g2_draw_ellipse(u8g2, x0, y0, rx, ry, option);
 344:u8g2_lib/u8g2_circle.c **** }
 345:u8g2_lib/u8g2_circle.c **** 
 346:u8g2_lib/u8g2_circle.c **** /*==============================================*/
 347:u8g2_lib/u8g2_circle.c **** /* Filled Ellipse */
 348:u8g2_lib/u8g2_circle.c **** 
 349:u8g2_lib/u8g2_circle.c **** static void u8g2_draw_filled_ellipse_section(u8g2_t *u8g2, u8g2_uint_t x, u8g2_uint_t y, u8g2_uint_
 350:u8g2_lib/u8g2_circle.c **** static void u8g2_draw_filled_ellipse_section(u8g2_t *u8g2, u8g2_uint_t x, u8g2_uint_t y, u8g2_uint_
 351:u8g2_lib/u8g2_circle.c **** {
 813              		.loc 1 351 0
 814              		.cfi_startproc
 815              		@ args = 8, pretend = 0, frame = 0
 816              		@ frame_needed = 0, uses_anonymous_args = 0
 817              	.LVL120:
 818 0000 2DE9F843 		push	{r3, r4, r5, r6, r7, r8, r9, lr}
ARM GAS  C:\Users\master\AppData\Local\Temp\ccHUkljF.s 			page 22


 819              	.LCFI12:
 820              		.cfi_def_cfa_offset 32
 821              		.cfi_offset 3, -32
 822              		.cfi_offset 4, -28
 823              		.cfi_offset 5, -24
 824              		.cfi_offset 6, -20
 825              		.cfi_offset 7, -16
 826              		.cfi_offset 8, -12
 827              		.cfi_offset 9, -8
 828              		.cfi_offset 14, -4
 829 0004 0746     		mov	r7, r0
 830 0006 8946     		mov	r9, r1
 831 0008 1546     		mov	r5, r2
 832 000a 1E46     		mov	r6, r3
 833 000c BDF82080 		ldrh	r8, [sp, #32]
 834 0010 9DF82440 		ldrb	r4, [sp, #36]	@ zero_extendqisi2
 352:u8g2_lib/u8g2_circle.c ****     /* upper right */
 353:u8g2_lib/u8g2_circle.c ****     if ( option & U8G2_DRAW_UPPER_RIGHT )
 835              		.loc 1 353 0
 836 0014 14F0010F 		tst	r4, #1
 837 0018 08D0     		beq	.L38
 354:u8g2_lib/u8g2_circle.c ****     {
 355:u8g2_lib/u8g2_circle.c ****       u8g2_DrawVLine(u8g2, x0+x, y0-y, y+1);
 838              		.loc 1 355 0
 839 001a 531C     		adds	r3, r2, #1
 840              	.LVL121:
 841 001c C2EB0802 		rsb	r2, r2, r8
 842              	.LVL122:
 843 0020 7118     		adds	r1, r6, r1
 844              	.LVL123:
 845 0022 9BB2     		uxth	r3, r3
 846 0024 92B2     		uxth	r2, r2
 847 0026 89B2     		uxth	r1, r1
 848 0028 FFF7FEFF 		bl	u8g2_DrawVLine
 849              	.LVL124:
 850              	.L38:
 356:u8g2_lib/u8g2_circle.c ****     }
 357:u8g2_lib/u8g2_circle.c ****     
 358:u8g2_lib/u8g2_circle.c ****     /* upper left */
 359:u8g2_lib/u8g2_circle.c ****     if ( option & U8G2_DRAW_UPPER_LEFT )
 851              		.loc 1 359 0
 852 002c 14F0020F 		tst	r4, #2
 853 0030 0AD0     		beq	.L39
 360:u8g2_lib/u8g2_circle.c ****     {
 361:u8g2_lib/u8g2_circle.c ****       u8g2_DrawVLine(u8g2, x0-x, y0-y, y+1);
 854              		.loc 1 361 0
 855 0032 6B1C     		adds	r3, r5, #1
 856 0034 C5EB0802 		rsb	r2, r5, r8
 857 0038 C9EB0601 		rsb	r1, r9, r6
 858 003c 9BB2     		uxth	r3, r3
 859 003e 92B2     		uxth	r2, r2
 860 0040 89B2     		uxth	r1, r1
 861 0042 3846     		mov	r0, r7
 862 0044 FFF7FEFF 		bl	u8g2_DrawVLine
 863              	.LVL125:
 864              	.L39:
 362:u8g2_lib/u8g2_circle.c ****     }
ARM GAS  C:\Users\master\AppData\Local\Temp\ccHUkljF.s 			page 23


 363:u8g2_lib/u8g2_circle.c ****     
 364:u8g2_lib/u8g2_circle.c ****     /* lower right */
 365:u8g2_lib/u8g2_circle.c ****     if ( option & U8G2_DRAW_LOWER_RIGHT )
 865              		.loc 1 365 0
 866 0048 14F0080F 		tst	r4, #8
 867 004c 08D0     		beq	.L40
 366:u8g2_lib/u8g2_circle.c ****     {
 367:u8g2_lib/u8g2_circle.c ****       u8g2_DrawVLine(u8g2, x0+x, y0, y+1);
 868              		.loc 1 367 0
 869 004e 6B1C     		adds	r3, r5, #1
 870 0050 06EB0901 		add	r1, r6, r9
 871 0054 9BB2     		uxth	r3, r3
 872 0056 4246     		mov	r2, r8
 873 0058 89B2     		uxth	r1, r1
 874 005a 3846     		mov	r0, r7
 875 005c FFF7FEFF 		bl	u8g2_DrawVLine
 876              	.LVL126:
 877              	.L40:
 368:u8g2_lib/u8g2_circle.c ****     }
 369:u8g2_lib/u8g2_circle.c ****     
 370:u8g2_lib/u8g2_circle.c ****     /* lower left */
 371:u8g2_lib/u8g2_circle.c ****     if ( option & U8G2_DRAW_LOWER_LEFT )
 878              		.loc 1 371 0
 879 0060 14F0040F 		tst	r4, #4
 880 0064 08D0     		beq	.L37
 372:u8g2_lib/u8g2_circle.c ****     {
 373:u8g2_lib/u8g2_circle.c ****       u8g2_DrawVLine(u8g2, x0-x, y0, y+1);
 881              		.loc 1 373 0
 882 0066 6B1C     		adds	r3, r5, #1
 883 0068 C9EB0601 		rsb	r1, r9, r6
 884 006c 9BB2     		uxth	r3, r3
 885 006e 4246     		mov	r2, r8
 886 0070 89B2     		uxth	r1, r1
 887 0072 3846     		mov	r0, r7
 888 0074 FFF7FEFF 		bl	u8g2_DrawVLine
 889              	.LVL127:
 890              	.L37:
 891 0078 BDE8F883 		pop	{r3, r4, r5, r6, r7, r8, r9, pc}
 892              		.cfi_endproc
 893              	.LFE9:
 895              		.section	.text.u8g2_draw_filled_ellipse,"ax",%progbits
 896              		.align	2
 897              		.thumb
 898              		.thumb_func
 900              	u8g2_draw_filled_ellipse:
 901              	.LFB10:
 374:u8g2_lib/u8g2_circle.c ****     }
 375:u8g2_lib/u8g2_circle.c **** }
 376:u8g2_lib/u8g2_circle.c **** 
 377:u8g2_lib/u8g2_circle.c **** static void u8g2_draw_filled_ellipse(u8g2_t *u8g2, u8g2_uint_t x0, u8g2_uint_t y0, u8g2_uint_t rx, 
 378:u8g2_lib/u8g2_circle.c **** {
 902              		.loc 1 378 0
 903              		.cfi_startproc
 904              		@ args = 8, pretend = 0, frame = 40
 905              		@ frame_needed = 0, uses_anonymous_args = 0
 906              	.LVL128:
 907 0000 2DE9F04F 		push	{r4, r5, r6, r7, r8, r9, r10, fp, lr}
ARM GAS  C:\Users\master\AppData\Local\Temp\ccHUkljF.s 			page 24


 908              	.LCFI13:
 909              		.cfi_def_cfa_offset 36
 910              		.cfi_offset 4, -36
 911              		.cfi_offset 5, -32
 912              		.cfi_offset 6, -28
 913              		.cfi_offset 7, -24
 914              		.cfi_offset 8, -20
 915              		.cfi_offset 9, -16
 916              		.cfi_offset 10, -12
 917              		.cfi_offset 11, -8
 918              		.cfi_offset 14, -4
 919 0004 8DB0     		sub	sp, sp, #52
 920              	.LCFI14:
 921              		.cfi_def_cfa_offset 88
 922 0006 0690     		str	r0, [sp, #24]
 923 0008 0791     		str	r1, [sp, #28]
 924 000a 0892     		str	r2, [sp, #32]
 925 000c 1846     		mov	r0, r3
 926              	.LVL129:
 927 000e 0493     		str	r3, [sp, #16]
 928 0010 BDF85820 		ldrh	r2, [sp, #88]
 929              	.LVL130:
 930 0014 0592     		str	r2, [sp, #20]
 931 0016 9DF85C10 		ldrb	r1, [sp, #92]	@ zero_extendqisi2
 932              	.LVL131:
 933 001a 0991     		str	r1, [sp, #36]
 379:u8g2_lib/u8g2_circle.c ****   u8g2_uint_t x, y;
 380:u8g2_lib/u8g2_circle.c ****   u8g2_long_t xchg, ychg;
 381:u8g2_lib/u8g2_circle.c ****   u8g2_long_t err;
 382:u8g2_lib/u8g2_circle.c ****   u8g2_long_t rxrx2;
 383:u8g2_lib/u8g2_circle.c ****   u8g2_long_t ryry2;
 384:u8g2_lib/u8g2_circle.c ****   u8g2_long_t stopx, stopy;
 385:u8g2_lib/u8g2_circle.c ****   
 386:u8g2_lib/u8g2_circle.c ****   rxrx2 = rx;
 934              		.loc 1 386 0
 935 001c 0A93     		str	r3, [sp, #40]
 936              	.LVL132:
 387:u8g2_lib/u8g2_circle.c ****   rxrx2 *= rx;
 937              		.loc 1 387 0
 938 001e 03FB03FA 		mul	r10, r3, r3
 939              	.LVL133:
 388:u8g2_lib/u8g2_circle.c ****   rxrx2 *= 2;
 940              		.loc 1 388 0
 941 0022 4FEA4A06 		lsl	r6, r10, #1
 942              	.LVL134:
 389:u8g2_lib/u8g2_circle.c ****   
 390:u8g2_lib/u8g2_circle.c ****   ryry2 = ry;
 943              		.loc 1 390 0
 944 0026 0B92     		str	r2, [sp, #44]
 945              	.LVL135:
 391:u8g2_lib/u8g2_circle.c ****   ryry2 *= ry;
 946              		.loc 1 391 0
 947 0028 02FB02F9 		mul	r9, r2, r2
 948              	.LVL136:
 392:u8g2_lib/u8g2_circle.c ****   ryry2 *= 2;
 949              		.loc 1 392 0
 950 002c 4FEA4907 		lsl	r7, r9, #1
ARM GAS  C:\Users\master\AppData\Local\Temp\ccHUkljF.s 			page 25


 951              	.LVL137:
 393:u8g2_lib/u8g2_circle.c ****   
 394:u8g2_lib/u8g2_circle.c ****   x = rx;
 395:u8g2_lib/u8g2_circle.c ****   y = 0;
 396:u8g2_lib/u8g2_circle.c ****   
 397:u8g2_lib/u8g2_circle.c ****   xchg = 1;
 398:u8g2_lib/u8g2_circle.c ****   xchg -= rx;
 952              		.loc 1 398 0
 953 0030 C0F10105 		rsb	r5, r0, #1
 954              	.LVL138:
 399:u8g2_lib/u8g2_circle.c ****   xchg -= rx;
 955              		.loc 1 399 0
 956 0034 2D1A     		subs	r5, r5, r0
 957              	.LVL139:
 400:u8g2_lib/u8g2_circle.c ****   xchg *= ry;
 958              		.loc 1 400 0
 959 0036 05FB02F5 		mul	r5, r5, r2
 960              	.LVL140:
 401:u8g2_lib/u8g2_circle.c ****   xchg *= ry;
 961              		.loc 1 401 0
 962 003a 05FB02F5 		mul	r5, r5, r2
 963              	.LVL141:
 402:u8g2_lib/u8g2_circle.c ****   
 403:u8g2_lib/u8g2_circle.c ****   ychg = rx;
 404:u8g2_lib/u8g2_circle.c ****   ychg *= rx;
 405:u8g2_lib/u8g2_circle.c ****   
 406:u8g2_lib/u8g2_circle.c ****   err = 0;
 407:u8g2_lib/u8g2_circle.c ****   
 408:u8g2_lib/u8g2_circle.c ****   stopx = ryry2;
 409:u8g2_lib/u8g2_circle.c ****   stopx *= rx;
 964              		.loc 1 409 0
 965 003e 07FB00FB 		mul	fp, r7, r0
 966              	.LVL142:
 410:u8g2_lib/u8g2_circle.c ****   stopy = 0;
 967              		.loc 1 410 0
 968 0042 4FF00008 		mov	r8, #0
 406:u8g2_lib/u8g2_circle.c ****   
 969              		.loc 1 406 0
 970 0046 4446     		mov	r4, r8
 395:u8g2_lib/u8g2_circle.c ****   
 971              		.loc 1 395 0
 972 0048 CDF80C80 		str	r8, [sp, #12]
 411:u8g2_lib/u8g2_circle.c ****   
 412:u8g2_lib/u8g2_circle.c ****   while( stopx >= stopy )
 973              		.loc 1 412 0
 974 004c 1CE0     		b	.L44
 975              	.LVL143:
 976              	.L46:
 413:u8g2_lib/u8g2_circle.c ****   {
 414:u8g2_lib/u8g2_circle.c ****     u8g2_draw_filled_ellipse_section(u8g2, x, y, x0, y0, option);
 977              		.loc 1 414 0
 978 004e 099B     		ldr	r3, [sp, #36]
 979 0050 0193     		str	r3, [sp, #4]
 980 0052 089B     		ldr	r3, [sp, #32]
 981 0054 0093     		str	r3, [sp]
 982 0056 079B     		ldr	r3, [sp, #28]
 983 0058 039A     		ldr	r2, [sp, #12]
ARM GAS  C:\Users\master\AppData\Local\Temp\ccHUkljF.s 			page 26


 984 005a 0499     		ldr	r1, [sp, #16]
 985 005c 0698     		ldr	r0, [sp, #24]
 986 005e FFF7FEFF 		bl	u8g2_draw_filled_ellipse_section
 987              	.LVL144:
 415:u8g2_lib/u8g2_circle.c ****     y++;
 988              		.loc 1 415 0
 989 0062 039B     		ldr	r3, [sp, #12]
 990 0064 0133     		adds	r3, r3, #1
 991 0066 9BB2     		uxth	r3, r3
 992 0068 0393     		str	r3, [sp, #12]
 993              	.LVL145:
 416:u8g2_lib/u8g2_circle.c ****     stopy += rxrx2;
 994              		.loc 1 416 0
 995 006a B044     		add	r8, r8, r6
 996              	.LVL146:
 417:u8g2_lib/u8g2_circle.c ****     err += ychg;
 997              		.loc 1 417 0
 998 006c 5444     		add	r4, r4, r10
 999              	.LVL147:
 418:u8g2_lib/u8g2_circle.c ****     ychg += rxrx2;
 1000              		.loc 1 418 0
 1001 006e B244     		add	r10, r10, r6
 1002              	.LVL148:
 419:u8g2_lib/u8g2_circle.c ****     if ( 2*err+xchg > 0 )
 1003              		.loc 1 419 0
 1004 0070 05EB4403 		add	r3, r5, r4, lsl #1
 1005 0074 002B     		cmp	r3, #0
 1006 0076 07DD     		ble	.L44
 420:u8g2_lib/u8g2_circle.c ****     {
 421:u8g2_lib/u8g2_circle.c ****       x--;
 1007              		.loc 1 421 0
 1008 0078 049B     		ldr	r3, [sp, #16]
 1009 007a 013B     		subs	r3, r3, #1
 1010 007c 9BB2     		uxth	r3, r3
 1011 007e 0493     		str	r3, [sp, #16]
 1012              	.LVL149:
 422:u8g2_lib/u8g2_circle.c ****       stopx -= ryry2;
 1013              		.loc 1 422 0
 1014 0080 C7EB0B0B 		rsb	fp, r7, fp
 1015              	.LVL150:
 423:u8g2_lib/u8g2_circle.c ****       err += xchg;
 1016              		.loc 1 423 0
 1017 0084 2C44     		add	r4, r4, r5
 1018              	.LVL151:
 424:u8g2_lib/u8g2_circle.c ****       xchg += ryry2;      
 1019              		.loc 1 424 0
 1020 0086 3D44     		add	r5, r5, r7
 1021              	.LVL152:
 1022              	.L44:
 412:u8g2_lib/u8g2_circle.c ****   {
 1023              		.loc 1 412 0
 1024 0088 C345     		cmp	fp, r8
 1025 008a E0DA     		bge	.L46
 1026              	.LVL153:
 425:u8g2_lib/u8g2_circle.c ****     }
 426:u8g2_lib/u8g2_circle.c ****   }
 427:u8g2_lib/u8g2_circle.c **** 
ARM GAS  C:\Users\master\AppData\Local\Temp\ccHUkljF.s 			page 27


 428:u8g2_lib/u8g2_circle.c ****   x = 0;
 429:u8g2_lib/u8g2_circle.c ****   y = ry;
 430:u8g2_lib/u8g2_circle.c ****   
 431:u8g2_lib/u8g2_circle.c ****   xchg = ry;
 432:u8g2_lib/u8g2_circle.c ****   xchg *= ry;
 433:u8g2_lib/u8g2_circle.c ****   
 434:u8g2_lib/u8g2_circle.c ****   ychg = 1;
 435:u8g2_lib/u8g2_circle.c ****   ychg -= ry;
 1027              		.loc 1 435 0
 1028 008c 0B9A     		ldr	r2, [sp, #44]
 1029 008e 1346     		mov	r3, r2
 1030 0090 C2F10108 		rsb	r8, r2, #1
 1031              	.LVL154:
 436:u8g2_lib/u8g2_circle.c ****   ychg -= ry;
 1032              		.loc 1 436 0
 1033 0094 C2EB0808 		rsb	r8, r2, r8
 1034              	.LVL155:
 437:u8g2_lib/u8g2_circle.c ****   ychg *= rx;
 1035              		.loc 1 437 0
 1036 0098 0A99     		ldr	r1, [sp, #40]
 1037 009a 08FB01F8 		mul	r8, r8, r1
 1038              	.LVL156:
 438:u8g2_lib/u8g2_circle.c ****   ychg *= rx;
 1039              		.loc 1 438 0
 1040 009e 08FB01F8 		mul	r8, r8, r1
 1041              	.LVL157:
 439:u8g2_lib/u8g2_circle.c ****   
 440:u8g2_lib/u8g2_circle.c ****   err = 0;
 441:u8g2_lib/u8g2_circle.c ****   
 442:u8g2_lib/u8g2_circle.c ****   stopx = 0;
 443:u8g2_lib/u8g2_circle.c **** 
 444:u8g2_lib/u8g2_circle.c ****   stopy = rxrx2;
 445:u8g2_lib/u8g2_circle.c ****   stopy *= ry;
 1042              		.loc 1 445 0
 1043 00a2 03FB06FB 		mul	fp, r3, r6
 1044              	.LVL158:
 442:u8g2_lib/u8g2_circle.c **** 
 1045              		.loc 1 442 0
 1046 00a6 4FF0000A 		mov	r10, #0
 440:u8g2_lib/u8g2_circle.c ****   
 1047              		.loc 1 440 0
 1048 00aa 5546     		mov	r5, r10
 428:u8g2_lib/u8g2_circle.c ****   y = ry;
 1049              		.loc 1 428 0
 1050 00ac 5446     		mov	r4, r10
 446:u8g2_lib/u8g2_circle.c ****   
 447:u8g2_lib/u8g2_circle.c **** 
 448:u8g2_lib/u8g2_circle.c ****   while( stopx <= stopy )
 1051              		.loc 1 448 0
 1052 00ae 1AE0     		b	.L47
 1053              	.LVL159:
 1054              	.L49:
 449:u8g2_lib/u8g2_circle.c ****   {
 450:u8g2_lib/u8g2_circle.c ****     u8g2_draw_filled_ellipse_section(u8g2, x, y, x0, y0, option);
 1055              		.loc 1 450 0
 1056 00b0 099B     		ldr	r3, [sp, #36]
 1057 00b2 0193     		str	r3, [sp, #4]
ARM GAS  C:\Users\master\AppData\Local\Temp\ccHUkljF.s 			page 28


 1058 00b4 089B     		ldr	r3, [sp, #32]
 1059 00b6 0093     		str	r3, [sp]
 1060 00b8 079B     		ldr	r3, [sp, #28]
 1061 00ba 059A     		ldr	r2, [sp, #20]
 1062 00bc 2146     		mov	r1, r4
 1063 00be 0698     		ldr	r0, [sp, #24]
 1064 00c0 FFF7FEFF 		bl	u8g2_draw_filled_ellipse_section
 1065              	.LVL160:
 451:u8g2_lib/u8g2_circle.c ****     x++;
 1066              		.loc 1 451 0
 1067 00c4 0134     		adds	r4, r4, #1
 1068              	.LVL161:
 1069 00c6 A4B2     		uxth	r4, r4
 1070              	.LVL162:
 452:u8g2_lib/u8g2_circle.c ****     stopx += ryry2;
 1071              		.loc 1 452 0
 1072 00c8 BA44     		add	r10, r10, r7
 1073              	.LVL163:
 453:u8g2_lib/u8g2_circle.c ****     err += xchg;
 1074              		.loc 1 453 0
 1075 00ca 4D44     		add	r5, r5, r9
 1076              	.LVL164:
 454:u8g2_lib/u8g2_circle.c ****     xchg += ryry2;
 1077              		.loc 1 454 0
 1078 00cc B944     		add	r9, r9, r7
 1079              	.LVL165:
 455:u8g2_lib/u8g2_circle.c ****     if ( 2*err+ychg > 0 )
 1080              		.loc 1 455 0
 1081 00ce 08EB4503 		add	r3, r8, r5, lsl #1
 1082 00d2 002B     		cmp	r3, #0
 1083 00d4 07DD     		ble	.L47
 456:u8g2_lib/u8g2_circle.c ****     {
 457:u8g2_lib/u8g2_circle.c ****       y--;
 1084              		.loc 1 457 0
 1085 00d6 059B     		ldr	r3, [sp, #20]
 1086 00d8 013B     		subs	r3, r3, #1
 1087 00da 9BB2     		uxth	r3, r3
 1088 00dc 0593     		str	r3, [sp, #20]
 1089              	.LVL166:
 458:u8g2_lib/u8g2_circle.c ****       stopy -= rxrx2;
 1090              		.loc 1 458 0
 1091 00de C6EB0B0B 		rsb	fp, r6, fp
 1092              	.LVL167:
 459:u8g2_lib/u8g2_circle.c ****       err += ychg;
 1093              		.loc 1 459 0
 1094 00e2 4544     		add	r5, r5, r8
 1095              	.LVL168:
 460:u8g2_lib/u8g2_circle.c ****       ychg += rxrx2;
 1096              		.loc 1 460 0
 1097 00e4 B044     		add	r8, r8, r6
 1098              	.LVL169:
 1099              	.L47:
 448:u8g2_lib/u8g2_circle.c ****   {
 1100              		.loc 1 448 0
 1101 00e6 DA45     		cmp	r10, fp
 1102 00e8 E2DD     		ble	.L49
 461:u8g2_lib/u8g2_circle.c ****     }
ARM GAS  C:\Users\master\AppData\Local\Temp\ccHUkljF.s 			page 29


 462:u8g2_lib/u8g2_circle.c ****   }
 463:u8g2_lib/u8g2_circle.c ****   
 464:u8g2_lib/u8g2_circle.c **** }
 1103              		.loc 1 464 0
 1104 00ea 0DB0     		add	sp, sp, #52
 1105              	.LCFI15:
 1106              		.cfi_def_cfa_offset 36
 1107              		@ sp needed
 1108 00ec BDE8F08F 		pop	{r4, r5, r6, r7, r8, r9, r10, fp, pc}
 1109              		.cfi_endproc
 1110              	.LFE10:
 1112              		.section	.text.u8g2_DrawCircle,"ax",%progbits
 1113              		.align	2
 1114              		.global	u8g2_DrawCircle
 1115              		.thumb
 1116              		.thumb_func
 1118              	u8g2_DrawCircle:
 1119              	.LFB2:
 110:u8g2_lib/u8g2_circle.c ****   /* check for bounding box */
 1120              		.loc 1 110 0
 1121              		.cfi_startproc
 1122              		@ args = 4, pretend = 0, frame = 0
 1123              		@ frame_needed = 0, uses_anonymous_args = 0
 1124              	.LVL170:
 1125 0000 2DE9F041 		push	{r4, r5, r6, r7, r8, lr}
 1126              	.LCFI16:
 1127              		.cfi_def_cfa_offset 24
 1128              		.cfi_offset 4, -24
 1129              		.cfi_offset 5, -20
 1130              		.cfi_offset 6, -16
 1131              		.cfi_offset 7, -12
 1132              		.cfi_offset 8, -8
 1133              		.cfi_offset 14, -4
 1134 0004 82B0     		sub	sp, sp, #8
 1135              	.LCFI17:
 1136              		.cfi_def_cfa_offset 32
 1137 0006 8046     		mov	r8, r0
 1138 0008 0E46     		mov	r6, r1
 1139 000a 1746     		mov	r7, r2
 1140 000c 1D46     		mov	r5, r3
 114:u8g2_lib/u8g2_circle.c ****       return;
 1141              		.loc 1 114 0
 1142 000e CB18     		adds	r3, r1, r3
 1143              	.LVL171:
 1144 0010 0133     		adds	r3, r3, #1
 1145 0012 521B     		subs	r2, r2, r5
 1146              	.LVL172:
 1147 0014 491B     		subs	r1, r1, r5
 1148              	.LVL173:
 1149 0016 EC19     		adds	r4, r5, r7
 1150 0018 0134     		adds	r4, r4, #1
 1151 001a A4B2     		uxth	r4, r4
 1152 001c 0094     		str	r4, [sp]
 1153 001e 9BB2     		uxth	r3, r3
 1154 0020 92B2     		uxth	r2, r2
 1155 0022 89B2     		uxth	r1, r1
 1156 0024 FFF7FEFF 		bl	u8g2_IsIntersection
ARM GAS  C:\Users\master\AppData\Local\Temp\ccHUkljF.s 			page 30


 1157              	.LVL174:
 1158 0028 40B1     		cbz	r0, .L51
 121:u8g2_lib/u8g2_circle.c **** }
 1159              		.loc 1 121 0
 1160 002a 9DF82030 		ldrb	r3, [sp, #32]	@ zero_extendqisi2
 1161 002e 0093     		str	r3, [sp]
 1162 0030 2B46     		mov	r3, r5
 1163 0032 3A46     		mov	r2, r7
 1164 0034 3146     		mov	r1, r6
 1165 0036 4046     		mov	r0, r8
 1166 0038 FFF7FEFF 		bl	u8g2_draw_circle
 1167              	.LVL175:
 1168              	.L51:
 122:u8g2_lib/u8g2_circle.c **** 
 1169              		.loc 1 122 0
 1170 003c 02B0     		add	sp, sp, #8
 1171              	.LCFI18:
 1172              		.cfi_def_cfa_offset 24
 1173              		@ sp needed
 1174 003e BDE8F081 		pop	{r4, r5, r6, r7, r8, pc}
 1175              		.cfi_endproc
 1176              	.LFE2:
 1178 0042 00BF     		.section	.text.u8g2_DrawDisc,"ax",%progbits
 1179              		.align	2
 1180              		.global	u8g2_DrawDisc
 1181              		.thumb
 1182              		.thumb_func
 1184              	u8g2_DrawDisc:
 1185              	.LFB5:
 196:u8g2_lib/u8g2_circle.c ****   /* check for bounding box */
 1186              		.loc 1 196 0
 1187              		.cfi_startproc
 1188              		@ args = 4, pretend = 0, frame = 0
 1189              		@ frame_needed = 0, uses_anonymous_args = 0
 1190              	.LVL176:
 1191 0000 2DE9F041 		push	{r4, r5, r6, r7, r8, lr}
 1192              	.LCFI19:
 1193              		.cfi_def_cfa_offset 24
 1194              		.cfi_offset 4, -24
 1195              		.cfi_offset 5, -20
 1196              		.cfi_offset 6, -16
 1197              		.cfi_offset 7, -12
 1198              		.cfi_offset 8, -8
 1199              		.cfi_offset 14, -4
 1200 0004 82B0     		sub	sp, sp, #8
 1201              	.LCFI20:
 1202              		.cfi_def_cfa_offset 32
 1203 0006 8046     		mov	r8, r0
 1204 0008 0E46     		mov	r6, r1
 1205 000a 1746     		mov	r7, r2
 1206 000c 1D46     		mov	r5, r3
 200:u8g2_lib/u8g2_circle.c ****       return;
 1207              		.loc 1 200 0
 1208 000e CB18     		adds	r3, r1, r3
 1209              	.LVL177:
 1210 0010 0133     		adds	r3, r3, #1
 1211 0012 521B     		subs	r2, r2, r5
ARM GAS  C:\Users\master\AppData\Local\Temp\ccHUkljF.s 			page 31


 1212              	.LVL178:
 1213 0014 491B     		subs	r1, r1, r5
 1214              	.LVL179:
 1215 0016 EC19     		adds	r4, r5, r7
 1216 0018 0134     		adds	r4, r4, #1
 1217 001a A4B2     		uxth	r4, r4
 1218 001c 0094     		str	r4, [sp]
 1219 001e 9BB2     		uxth	r3, r3
 1220 0020 92B2     		uxth	r2, r2
 1221 0022 89B2     		uxth	r1, r1
 1222 0024 FFF7FEFF 		bl	u8g2_IsIntersection
 1223              	.LVL180:
 1224 0028 40B1     		cbz	r0, .L54
 206:u8g2_lib/u8g2_circle.c **** }
 1225              		.loc 1 206 0
 1226 002a 9DF82030 		ldrb	r3, [sp, #32]	@ zero_extendqisi2
 1227 002e 0093     		str	r3, [sp]
 1228 0030 2B46     		mov	r3, r5
 1229 0032 3A46     		mov	r2, r7
 1230 0034 3146     		mov	r1, r6
 1231 0036 4046     		mov	r0, r8
 1232 0038 FFF7FEFF 		bl	u8g2_draw_disc
 1233              	.LVL181:
 1234              	.L54:
 207:u8g2_lib/u8g2_circle.c **** 
 1235              		.loc 1 207 0
 1236 003c 02B0     		add	sp, sp, #8
 1237              	.LCFI21:
 1238              		.cfi_def_cfa_offset 24
 1239              		@ sp needed
 1240 003e BDE8F081 		pop	{r4, r5, r6, r7, r8, pc}
 1241              		.cfi_endproc
 1242              	.LFE5:
 1244 0042 00BF     		.section	.text.u8g2_DrawEllipse,"ax",%progbits
 1245              		.align	2
 1246              		.global	u8g2_DrawEllipse
 1247              		.thumb
 1248              		.thumb_func
 1250              	u8g2_DrawEllipse:
 1251              	.LFB8:
 334:u8g2_lib/u8g2_circle.c ****   /* check for bounding box */
 1252              		.loc 1 334 0
 1253              		.cfi_startproc
 1254              		@ args = 8, pretend = 0, frame = 0
 1255              		@ frame_needed = 0, uses_anonymous_args = 0
 1256              	.LVL182:
 1257 0000 2DE9F043 		push	{r4, r5, r6, r7, r8, r9, lr}
 1258              	.LCFI22:
 1259              		.cfi_def_cfa_offset 28
 1260              		.cfi_offset 4, -28
 1261              		.cfi_offset 5, -24
 1262              		.cfi_offset 6, -20
 1263              		.cfi_offset 7, -16
 1264              		.cfi_offset 8, -12
 1265              		.cfi_offset 9, -8
 1266              		.cfi_offset 14, -4
 1267 0004 83B0     		sub	sp, sp, #12
ARM GAS  C:\Users\master\AppData\Local\Temp\ccHUkljF.s 			page 32


 1268              	.LCFI23:
 1269              		.cfi_def_cfa_offset 40
 1270 0006 8146     		mov	r9, r0
 1271 0008 0D46     		mov	r5, r1
 1272 000a 1646     		mov	r6, r2
 1273 000c 1F46     		mov	r7, r3
 1274 000e BDF82880 		ldrh	r8, [sp, #40]
 338:u8g2_lib/u8g2_circle.c ****       return;
 1275              		.loc 1 338 0
 1276 0012 CB18     		adds	r3, r1, r3
 1277              	.LVL183:
 1278 0014 0133     		adds	r3, r3, #1
 1279 0016 C8EB0202 		rsb	r2, r8, r2
 1280              	.LVL184:
 1281 001a C91B     		subs	r1, r1, r7
 1282              	.LVL185:
 1283 001c 06EB0804 		add	r4, r6, r8
 1284 0020 0134     		adds	r4, r4, #1
 1285 0022 A4B2     		uxth	r4, r4
 1286 0024 0094     		str	r4, [sp]
 1287 0026 9BB2     		uxth	r3, r3
 1288 0028 92B2     		uxth	r2, r2
 1289 002a 89B2     		uxth	r1, r1
 1290 002c FFF7FEFF 		bl	u8g2_IsIntersection
 1291              	.LVL186:
 1292 0030 50B1     		cbz	r0, .L57
 343:u8g2_lib/u8g2_circle.c **** }
 1293              		.loc 1 343 0
 1294 0032 9DF82C30 		ldrb	r3, [sp, #44]	@ zero_extendqisi2
 1295 0036 0193     		str	r3, [sp, #4]
 1296 0038 CDF80080 		str	r8, [sp]
 1297 003c 3B46     		mov	r3, r7
 1298 003e 3246     		mov	r2, r6
 1299 0040 2946     		mov	r1, r5
 1300 0042 4846     		mov	r0, r9
 1301 0044 FFF7FEFF 		bl	u8g2_draw_ellipse
 1302              	.LVL187:
 1303              	.L57:
 344:u8g2_lib/u8g2_circle.c **** 
 1304              		.loc 1 344 0
 1305 0048 03B0     		add	sp, sp, #12
 1306              	.LCFI24:
 1307              		.cfi_def_cfa_offset 28
 1308              		@ sp needed
 1309 004a BDE8F083 		pop	{r4, r5, r6, r7, r8, r9, pc}
 1310              		.cfi_endproc
 1311              	.LFE8:
 1313 004e 00BF     		.section	.text.u8g2_DrawFilledEllipse,"ax",%progbits
 1314              		.align	2
 1315              		.global	u8g2_DrawFilledEllipse
 1316              		.thumb
 1317              		.thumb_func
 1319              	u8g2_DrawFilledEllipse:
 1320              	.LFB11:
 465:u8g2_lib/u8g2_circle.c **** 
 466:u8g2_lib/u8g2_circle.c **** void u8g2_DrawFilledEllipse(u8g2_t *u8g2, u8g2_uint_t x0, u8g2_uint_t y0, u8g2_uint_t rx, u8g2_uint
 467:u8g2_lib/u8g2_circle.c **** {
ARM GAS  C:\Users\master\AppData\Local\Temp\ccHUkljF.s 			page 33


 1321              		.loc 1 467 0
 1322              		.cfi_startproc
 1323              		@ args = 8, pretend = 0, frame = 0
 1324              		@ frame_needed = 0, uses_anonymous_args = 0
 1325              	.LVL188:
 1326 0000 2DE9F043 		push	{r4, r5, r6, r7, r8, r9, lr}
 1327              	.LCFI25:
 1328              		.cfi_def_cfa_offset 28
 1329              		.cfi_offset 4, -28
 1330              		.cfi_offset 5, -24
 1331              		.cfi_offset 6, -20
 1332              		.cfi_offset 7, -16
 1333              		.cfi_offset 8, -12
 1334              		.cfi_offset 9, -8
 1335              		.cfi_offset 14, -4
 1336 0004 83B0     		sub	sp, sp, #12
 1337              	.LCFI26:
 1338              		.cfi_def_cfa_offset 40
 1339 0006 8146     		mov	r9, r0
 1340 0008 0D46     		mov	r5, r1
 1341 000a 1646     		mov	r6, r2
 1342 000c 1F46     		mov	r7, r3
 1343 000e BDF82880 		ldrh	r8, [sp, #40]
 468:u8g2_lib/u8g2_circle.c ****   /* check for bounding box */
 469:u8g2_lib/u8g2_circle.c **** #ifdef U8G2_WITH_INTERSECTION
 470:u8g2_lib/u8g2_circle.c ****   {
 471:u8g2_lib/u8g2_circle.c ****     if ( u8g2_IsIntersection(u8g2, x0-rx, y0-ry, x0+rx+1, y0+ry+1) == 0 ) 
 1344              		.loc 1 471 0
 1345 0012 CB18     		adds	r3, r1, r3
 1346              	.LVL189:
 1347 0014 0133     		adds	r3, r3, #1
 1348 0016 C8EB0202 		rsb	r2, r8, r2
 1349              	.LVL190:
 1350 001a C91B     		subs	r1, r1, r7
 1351              	.LVL191:
 1352 001c 06EB0804 		add	r4, r6, r8
 1353 0020 0134     		adds	r4, r4, #1
 1354 0022 A4B2     		uxth	r4, r4
 1355 0024 0094     		str	r4, [sp]
 1356 0026 9BB2     		uxth	r3, r3
 1357 0028 92B2     		uxth	r2, r2
 1358 002a 89B2     		uxth	r1, r1
 1359 002c FFF7FEFF 		bl	u8g2_IsIntersection
 1360              	.LVL192:
 1361 0030 50B1     		cbz	r0, .L60
 472:u8g2_lib/u8g2_circle.c ****       return;
 473:u8g2_lib/u8g2_circle.c ****   }
 474:u8g2_lib/u8g2_circle.c **** #endif /* U8G2_WITH_INTERSECTION */
 475:u8g2_lib/u8g2_circle.c ****   
 476:u8g2_lib/u8g2_circle.c ****   u8g2_draw_filled_ellipse(u8g2, x0, y0, rx, ry, option);
 1362              		.loc 1 476 0
 1363 0032 9DF82C30 		ldrb	r3, [sp, #44]	@ zero_extendqisi2
 1364 0036 0193     		str	r3, [sp, #4]
 1365 0038 CDF80080 		str	r8, [sp]
 1366 003c 3B46     		mov	r3, r7
 1367 003e 3246     		mov	r2, r6
 1368 0040 2946     		mov	r1, r5
ARM GAS  C:\Users\master\AppData\Local\Temp\ccHUkljF.s 			page 34


 1369 0042 4846     		mov	r0, r9
 1370 0044 FFF7FEFF 		bl	u8g2_draw_filled_ellipse
 1371              	.LVL193:
 1372              	.L60:
 477:u8g2_lib/u8g2_circle.c **** }
 1373              		.loc 1 477 0
 1374 0048 03B0     		add	sp, sp, #12
 1375              	.LCFI27:
 1376              		.cfi_def_cfa_offset 28
 1377              		@ sp needed
 1378 004a BDE8F083 		pop	{r4, r5, r6, r7, r8, r9, pc}
 1379              		.cfi_endproc
 1380              	.LFE11:
 1382 004e 00BF     		.text
 1383              	.Letext0:
 1384              		.file 2 "c:\\program files (x86)\\gnu tools arm embedded\\5.4 2016q3\\arm-none-eabi\\include\\mach
 1385              		.file 3 "c:\\program files (x86)\\gnu tools arm embedded\\5.4 2016q3\\arm-none-eabi\\include\\sys\
 1386              		.file 4 "u8g2_lib/u8x8.h"
 1387              		.file 5 "u8g2_lib/u8g2.h"
ARM GAS  C:\Users\master\AppData\Local\Temp\ccHUkljF.s 			page 35


DEFINED SYMBOLS
                            *ABS*:00000000 u8g2_circle.c
C:\Users\master\AppData\Local\Temp\ccHUkljF.s:20     .text.u8g2_draw_circle_section:00000000 $t
C:\Users\master\AppData\Local\Temp\ccHUkljF.s:24     .text.u8g2_draw_circle_section:00000000 u8g2_draw_circle_section
C:\Users\master\AppData\Local\Temp\ccHUkljF.s:135    .text.u8g2_draw_circle:00000000 $t
C:\Users\master\AppData\Local\Temp\ccHUkljF.s:139    .text.u8g2_draw_circle:00000000 u8g2_draw_circle
C:\Users\master\AppData\Local\Temp\ccHUkljF.s:258    .text.u8g2_draw_ellipse_section:00000000 $t
C:\Users\master\AppData\Local\Temp\ccHUkljF.s:262    .text.u8g2_draw_ellipse_section:00000000 u8g2_draw_ellipse_section
C:\Users\master\AppData\Local\Temp\ccHUkljF.s:340    .text.u8g2_draw_ellipse:00000000 $t
C:\Users\master\AppData\Local\Temp\ccHUkljF.s:344    .text.u8g2_draw_ellipse:00000000 u8g2_draw_ellipse
C:\Users\master\AppData\Local\Temp\ccHUkljF.s:557    .text.u8g2_draw_disc_section:00000000 $t
C:\Users\master\AppData\Local\Temp\ccHUkljF.s:561    .text.u8g2_draw_disc_section:00000000 u8g2_draw_disc_section
C:\Users\master\AppData\Local\Temp\ccHUkljF.s:684    .text.u8g2_draw_disc:00000000 $t
C:\Users\master\AppData\Local\Temp\ccHUkljF.s:688    .text.u8g2_draw_disc:00000000 u8g2_draw_disc
C:\Users\master\AppData\Local\Temp\ccHUkljF.s:807    .text.u8g2_draw_filled_ellipse_section:00000000 $t
C:\Users\master\AppData\Local\Temp\ccHUkljF.s:811    .text.u8g2_draw_filled_ellipse_section:00000000 u8g2_draw_filled_ellipse_section
C:\Users\master\AppData\Local\Temp\ccHUkljF.s:896    .text.u8g2_draw_filled_ellipse:00000000 $t
C:\Users\master\AppData\Local\Temp\ccHUkljF.s:900    .text.u8g2_draw_filled_ellipse:00000000 u8g2_draw_filled_ellipse
C:\Users\master\AppData\Local\Temp\ccHUkljF.s:1113   .text.u8g2_DrawCircle:00000000 $t
C:\Users\master\AppData\Local\Temp\ccHUkljF.s:1118   .text.u8g2_DrawCircle:00000000 u8g2_DrawCircle
C:\Users\master\AppData\Local\Temp\ccHUkljF.s:1179   .text.u8g2_DrawDisc:00000000 $t
C:\Users\master\AppData\Local\Temp\ccHUkljF.s:1184   .text.u8g2_DrawDisc:00000000 u8g2_DrawDisc
C:\Users\master\AppData\Local\Temp\ccHUkljF.s:1245   .text.u8g2_DrawEllipse:00000000 $t
C:\Users\master\AppData\Local\Temp\ccHUkljF.s:1250   .text.u8g2_DrawEllipse:00000000 u8g2_DrawEllipse
C:\Users\master\AppData\Local\Temp\ccHUkljF.s:1314   .text.u8g2_DrawFilledEllipse:00000000 $t
C:\Users\master\AppData\Local\Temp\ccHUkljF.s:1319   .text.u8g2_DrawFilledEllipse:00000000 u8g2_DrawFilledEllipse
                     .debug_frame:00000010 $d

UNDEFINED SYMBOLS
u8g2_DrawPixel
u8g2_DrawVLine
u8g2_IsIntersection
